This file contains any messages produced by compilers while
running configure, to aid debugging if configure makes a mistake.

It was created by Vol configure 1.1.4, which was
generated by GNU Autoconf 2.59.  Invocation command line was

  $ ../../Vol/configure --prefix=/Bcp-1.1.3/build32 --enable-shared --enable-static --disable-dependency-tracking CXXFLAGS=-fpermissive --cache-file=/dev/null --srcdir=../../Vol

## --------- ##
## Platform. ##
## --------- ##

hostname = mike-PC
uname -m = i686
uname -r = 1.7.34(0.285/5/3)
uname -s = CYGWIN_NT-6.1-WOW
uname -v = 2015-02-04 12:12

/usr/bin/uname -p = unknown
/bin/uname -X     = unknown

/bin/arch              = i686
/usr/bin/arch -k       = unknown
/usr/convex/getsysinfo = unknown
hostinfo               = unknown
/bin/machine           = unknown
/usr/bin/oslevel       = unknown
/bin/universe          = unknown

PATH: /usr/local/bin
PATH: /usr/bin
PATH: /cygdrive/c/ProgramData/Oracle/Java/javapath
PATH: /cygdrive/c/Program Files (x86)/PC Connectivity Solution
PATH: /cygdrive/c/Program Files (x86)/Common Files/Microsoft Shared/Windows Live
PATH: /cygdrive/c/Program Files (x86)/NVIDIA Corporation/PhysX/Common
PATH: /cygdrive/c/Program Files (x86)/AMD APP/bin/x86_64
PATH: /cygdrive/c/Program Files (x86)/AMD APP/bin/x86
PATH: /cygdrive/c/Program Files (x86)/Intel/iCLS Client
PATH: /cygdrive/c/Program Files/Intel/iCLS Client
PATH: /cygdrive/c/Windows/system32
PATH: /cygdrive/c/Windows
PATH: /cygdrive/c/Windows/System32/Wbem
PATH: /cygdrive/c/Windows/System32/WindowsPowerShell/v1.0
PATH: /cygdrive/c/Program Files/Intel/Intel(R) Management Engine Components/DAL
PATH: /cygdrive/c/Program Files/Intel/Intel(R) Management Engine Components/IPT
PATH: /cygdrive/c/Program Files (x86)/Intel/Intel(R) Management Engine Components/DAL
PATH: /cygdrive/c/Program Files (x86)/Intel/Intel(R) Management Engine Components/IPT
PATH: /cygdrive/c/Program Files (x86)/ATI Technologies/ATI.ACE/Core-Static
PATH: /cygdrive/c/Users/mike/AppData/Local/Smartbar/Application
PATH: /cygdrive/c/Users/mike/AppData/Local/Smartbar/Application
PATH: /cygdrive/c/Program Files/Common Files/Microsoft Shared/Windows Live
PATH: /cygdrive/c/Program Files (x86)/OpenVPN/bin
PATH: /usr/lib/lapack


## ----------- ##
## Core tests. ##
## ----------- ##

configure:1638: checking build system type
configure:1656: result: i686-pc-cygwin
configure:1697: checking whether we want to compile in debug mode
configure:1744: result: no
configure:2006: checking for gcc
configure:2022: found /usr/bin/gcc
configure:2032: result: gcc
configure:2053: checking for C compiler version
configure:2056: gcc --version </dev/null >&5
gcc (GCC) 4.9.2
Copyright (C) 2014 Free Software Foundation, Inc.
This is free software; see the source for copying conditions.  There is NO
warranty; not even for MERCHANTABILITY or FITNESS FOR A PARTICULAR PURPOSE.

configure:2059: $? = 0
configure:2061: gcc -v </dev/null >&5
Using built-in specs.
COLLECT_GCC=gcc
COLLECT_LTO_WRAPPER=/usr/lib/gcc/i686-pc-cygwin/4.9.2/lto-wrapper.exe
Target: i686-pc-cygwin
Configured with: /cygdrive/i/szsz/tmpp/gcc/gcc-4.9.2-2.i686/src/gcc-4.9.2/configure --srcdir=/cygdrive/i/szsz/tmpp/gcc/gcc-4.9.2-2.i686/src/gcc-4.9.2 --prefix=/usr --exec-prefix=/usr --bindir=/usr/bin --sbindir=/usr/sbin --libexecdir=/usr/libexec --datadir=/usr/share --localstatedir=/var --sysconfdir=/etc --libdir=/usr/lib --datarootdir=/usr/share --docdir=/usr/share/doc/gcc --htmldir=/usr/share/doc/gcc/html -C --build=i686-pc-cygwin --host=i686-pc-cygwin --target=i686-pc-cygwin --without-libiconv-prefix --without-libintl-prefix --libexecdir=/usr/lib --enable-shared --enable-shared-libgcc --enable-static --enable-version-specific-runtime-libs --enable-bootstrap --enable-__cxa_atexit --with-dwarf2 --with-arch=i686 --with-tune=generic --disable-sjlj-exceptions --enable-languages=ada,c,c++,fortran,java,lto,objc,obj-c++ --enable-graphite --enable-threads=posix --enable-libatomic --enable-libgomp --disable-libitm --enable-libquadmath --enable-libquadmath-support --enable-libssp --enable-libada --enable-libjava --enable-libgcj-sublibs --disable-java-awt --disable-symvers --with-ecj-jar=/usr/share/java/ecj.jar --with-gnu-ld --with-gnu-as --with-cloog-include=/usr/include/cloog-isl --without-libiconv-prefix --without-libintl-prefix --with-system-zlib --enable-linker-build-id
Thread model: posix
gcc version 4.9.2 (GCC) 
configure:2064: $? = 0
configure:2066: gcc -V </dev/null >&5
gcc: error: unrecognized command line option '-V'
gcc: fatal error: no input files
compilation terminated.
configure:2069: $? = 1
configure:2092: checking for C compiler default output file name
configure:2095: gcc    conftest.c  >&5
configure:2098: $? = 0
configure:2144: result: a.exe
configure:2149: checking whether the C compiler works
configure:2155: ./a.exe
configure:2158: $? = 0
configure:2175: result: yes
configure:2182: checking whether we are cross compiling
configure:2184: result: no
configure:2187: checking for suffix of executables
configure:2189: gcc -o conftest.exe    conftest.c  >&5
configure:2192: $? = 0
configure:2217: result: .exe
configure:2223: checking for suffix of object files
configure:2244: gcc -c   conftest.c >&5
configure:2247: $? = 0
configure:2269: result: o
configure:2273: checking whether we are using the GNU C compiler
configure:2297: gcc -c   conftest.c >&5
configure:2303: $? = 0
configure:2307: test -z 
			 || test ! -s conftest.err
configure:2310: $? = 0
configure:2313: test -s conftest.o
configure:2316: $? = 0
configure:2329: result: yes
configure:2335: checking whether gcc accepts -g
configure:2356: gcc -c -g  conftest.c >&5
configure:2362: $? = 0
configure:2366: test -z 
			 || test ! -s conftest.err
configure:2369: $? = 0
configure:2372: test -s conftest.o
configure:2375: $? = 0
configure:2386: result: yes
configure:2403: checking for gcc option to accept ANSI C
configure:2473: gcc  -c -g -O2  conftest.c >&5
configure:2479: $? = 0
configure:2483: test -z 
			 || test ! -s conftest.err
configure:2486: $? = 0
configure:2489: test -s conftest.o
configure:2492: $? = 0
configure:2510: result: none needed
configure:2528: gcc -c -g -O2  conftest.c >&5
conftest.c:2:3: error: unknown type name 'choke'
   choke me
   ^
conftest.c:2:3: error: expected '=', ',', ';', 'asm' or '__attribute__' at end of input
configure:2534: $? = 1
configure: failed program was:
| #ifndef __cplusplus
|   choke me
| #endif
configure:2982: gcc -o conftest.exe -O3 -fomit-frame-pointer -pipe -DNDEBUG -pedantic-errors -Wimplicit -Wparentheses -Wsequence-point -Wreturn-type -Wcast-qual -Wall     conftest.c  >&5
configure:2988: $? = 0
configure:2992: test -z 
			 || test ! -s conftest.err
configure:2995: $? = 0
configure:2998: test -s conftest.exe
configure:3001: $? = 0
configure:3068: C compiler options are: -O3 -fomit-frame-pointer -pipe -DNDEBUG -pedantic-errors -Wimplicit -Wparentheses -Wsequence-point -Wreturn-type -Wcast-qual -Wall  
configure:3195: checking for g++
configure:3211: found /usr/bin/g++
configure:3221: result: g++
configure:3237: checking for C++ compiler version
configure:3240: g++ --version </dev/null >&5
g++ (GCC) 4.9.2
Copyright (C) 2014 Free Software Foundation, Inc.
This is free software; see the source for copying conditions.  There is NO
warranty; not even for MERCHANTABILITY or FITNESS FOR A PARTICULAR PURPOSE.

configure:3243: $? = 0
configure:3245: g++ -v </dev/null >&5
Using built-in specs.
COLLECT_GCC=g++
COLLECT_LTO_WRAPPER=/usr/lib/gcc/i686-pc-cygwin/4.9.2/lto-wrapper.exe
Target: i686-pc-cygwin
Configured with: /cygdrive/i/szsz/tmpp/gcc/gcc-4.9.2-2.i686/src/gcc-4.9.2/configure --srcdir=/cygdrive/i/szsz/tmpp/gcc/gcc-4.9.2-2.i686/src/gcc-4.9.2 --prefix=/usr --exec-prefix=/usr --bindir=/usr/bin --sbindir=/usr/sbin --libexecdir=/usr/libexec --datadir=/usr/share --localstatedir=/var --sysconfdir=/etc --libdir=/usr/lib --datarootdir=/usr/share --docdir=/usr/share/doc/gcc --htmldir=/usr/share/doc/gcc/html -C --build=i686-pc-cygwin --host=i686-pc-cygwin --target=i686-pc-cygwin --without-libiconv-prefix --without-libintl-prefix --libexecdir=/usr/lib --enable-shared --enable-shared-libgcc --enable-static --enable-version-specific-runtime-libs --enable-bootstrap --enable-__cxa_atexit --with-dwarf2 --with-arch=i686 --with-tune=generic --disable-sjlj-exceptions --enable-languages=ada,c,c++,fortran,java,lto,objc,obj-c++ --enable-graphite --enable-threads=posix --enable-libatomic --enable-libgomp --disable-libitm --enable-libquadmath --enable-libquadmath-support --enable-libssp --enable-libada --enable-libjava --enable-libgcj-sublibs --disable-java-awt --disable-symvers --with-ecj-jar=/usr/share/java/ecj.jar --with-gnu-ld --with-gnu-as --with-cloog-include=/usr/include/cloog-isl --without-libiconv-prefix --without-libintl-prefix --with-system-zlib --enable-linker-build-id
Thread model: posix
gcc version 4.9.2 (GCC) 
configure:3248: $? = 0
configure:3250: g++ -V </dev/null >&5
g++: error: unrecognized command line option '-V'
g++: fatal error: no input files
compilation terminated.
configure:3253: $? = 1
configure:3256: checking whether we are using the GNU C++ compiler
configure:3280: g++ -c -fpermissive  conftest.cc >&5
configure:3286: $? = 0
configure:3290: test -z 
			 || test ! -s conftest.err
configure:3293: $? = 0
configure:3296: test -s conftest.o
configure:3299: $? = 0
configure:3312: result: yes
configure:3318: checking whether g++ accepts -g
configure:3339: g++ -c -g  conftest.cc >&5
configure:3345: $? = 0
configure:3349: test -z 
			 || test ! -s conftest.err
configure:3352: $? = 0
configure:3355: test -s conftest.o
configure:3358: $? = 0
configure:3369: result: yes
configure:3411: g++ -c -fpermissive  conftest.cc >&5
configure:3417: $? = 0
configure:3421: test -z 
			 || test ! -s conftest.err
configure:3424: $? = 0
configure:3427: test -s conftest.o
configure:3430: $? = 0
configure:3456: g++ -c -fpermissive  conftest.cc >&5
conftest.cc: In function 'int main()':
conftest.cc:15:9: error: 'exit' was not declared in this scope
 exit (42);
         ^
configure:3462: $? = 1
configure: failed program was:
| /* confdefs.h.  */
| 
| #define PACKAGE_NAME "Vol"
| #define PACKAGE_TARNAME "vol"
| #define PACKAGE_VERSION "1.1.4"
| #define PACKAGE_STRING "Vol 1.1.4"
| #define PACKAGE_BUGREPORT "coin-vol@list.coin-or.org"
| #define COIN_VOL_VERBOSITY 0
| #define COIN_VOL_CHECKLEVEL 0
| /* end confdefs.h.  */
| 
| int
| main ()
| {
| exit (42);
|   ;
|   return 0;
| }
configure:3411: g++ -c -fpermissive  conftest.cc >&5
conftest.cc:11:40: error: 'void std::exit(int)' should have been declared inside 'std'
 extern "C" void std::exit (int) throw (); using std::exit;
                                        ^
In file included from /usr/include/stdlib.h:11:0,
                 from conftest.cc:12:
/usr/include/stdlib.h:85:34: error: declaration of 'void std::exit(int)' has a different exception specifier
 _VOID _EXFUN(exit,(int __status) _ATTRIBUTE ((__noreturn__)));
                                  ^
conftest.cc:11:17: error: from previous declaration 'void std::exit(int) throw ()'
 extern "C" void std::exit (int) throw (); using std::exit;
                 ^
configure:3417: $? = 1
configure: failed program was:
| /* confdefs.h.  */
| 
| #define PACKAGE_NAME "Vol"
| #define PACKAGE_TARNAME "vol"
| #define PACKAGE_VERSION "1.1.4"
| #define PACKAGE_STRING "Vol 1.1.4"
| #define PACKAGE_BUGREPORT "coin-vol@list.coin-or.org"
| #define COIN_VOL_VERBOSITY 0
| #define COIN_VOL_CHECKLEVEL 0
| /* end confdefs.h.  */
| extern "C" void std::exit (int) throw (); using std::exit;
| #include <stdlib.h>
| int
| main ()
| {
| exit (42);
|   ;
|   return 0;
| }
configure:3411: g++ -c -fpermissive  conftest.cc >&5
conftest.cc:11:31: error: 'void std::exit(int)' should have been declared inside 'std'
 extern "C" void std::exit (int); using std::exit;
                               ^
configure:3417: $? = 1
configure: failed program was:
| /* confdefs.h.  */
| 
| #define PACKAGE_NAME "Vol"
| #define PACKAGE_TARNAME "vol"
| #define PACKAGE_VERSION "1.1.4"
| #define PACKAGE_STRING "Vol 1.1.4"
| #define PACKAGE_BUGREPORT "coin-vol@list.coin-or.org"
| #define COIN_VOL_VERBOSITY 0
| #define COIN_VOL_CHECKLEVEL 0
| /* end confdefs.h.  */
| extern "C" void std::exit (int); using std::exit;
| #include <stdlib.h>
| int
| main ()
| {
| exit (42);
|   ;
|   return 0;
| }
configure:3411: g++ -c -fpermissive  conftest.cc >&5
In file included from /usr/include/stdlib.h:11:0,
                 from conftest.cc:12:
/usr/include/stdlib.h:85:34: error: declaration of 'void exit(int)' has a different exception specifier
 _VOID _EXFUN(exit,(int __status) _ATTRIBUTE ((__noreturn__)));
                                  ^
conftest.cc:11:17: error: from previous declaration 'void exit(int) throw ()'
 extern "C" void exit (int) throw ();
                 ^
configure:3417: $? = 1
configure: failed program was:
| /* confdefs.h.  */
| 
| #define PACKAGE_NAME "Vol"
| #define PACKAGE_TARNAME "vol"
| #define PACKAGE_VERSION "1.1.4"
| #define PACKAGE_STRING "Vol 1.1.4"
| #define PACKAGE_BUGREPORT "coin-vol@list.coin-or.org"
| #define COIN_VOL_VERBOSITY 0
| #define COIN_VOL_CHECKLEVEL 0
| /* end confdefs.h.  */
| extern "C" void exit (int) throw ();
| #include <stdlib.h>
| int
| main ()
| {
| exit (42);
|   ;
|   return 0;
| }
configure:3411: g++ -c -fpermissive  conftest.cc >&5
configure:3417: $? = 0
configure:3421: test -z 
			 || test ! -s conftest.err
configure:3424: $? = 0
configure:3427: test -s conftest.o
configure:3430: $? = 0
configure:3456: g++ -c -fpermissive  conftest.cc >&5
configure:3462: $? = 0
configure:3466: test -z 
			 || test ! -s conftest.err
configure:3469: $? = 0
configure:3472: test -s conftest.o
configure:3475: $? = 0
configure:3835: g++ -o conftest.exe -fpermissive     conftest.cc  >&5
configure:3841: $? = 0
configure:3845: test -z 
			 || test ! -s conftest.err
configure:3848: $? = 0
configure:3851: test -s conftest.exe
configure:3854: $? = 0
configure:3921: C++ compiler options are: -fpermissive  
configure:3999: WARNING: On Cygwin, shared objects are not supported. I'm disabling your choice.
configure:4033: checking for egrep
configure:4043: result: grep -E
configure:4062: checking for a BSD-compatible install
configure:4117: result: /usr/bin/install -c
configure:4128: checking whether build environment is sane
configure:4171: result: yes
configure:4236: checking for gawk
configure:4252: found /usr/bin/gawk
configure:4262: result: gawk
configure:4272: checking whether make sets $(MAKE)
configure:4292: result: yes
configure:4322: checking for style of include used by make
configure:4350: result: GNU
configure:4530: checking dependency style of gcc
configure:4620: result: none
configure:4639: checking dependency style of g++
configure:4729: result: none
configure:4747: checking whether to enable maintainer-specific portions of Makefiles
configure:4756: result: no
configure:20255: Using libtool script in directory ..
configure:20313: checking for COIN project CoinUtils
configure:20368: result: ../CoinUtils
configure:20371: checking for COIN project Vol
configure:20426: result: .
configure:20437: checking whether this is a VPATH configuration
configure:20444: result: yes
configure:20482: checking which command should be used to link input files
configure:20492: result: ln -s
configure:20717: creating ./config.status

## ---------------------- ##
## Running config.status. ##
## ---------------------- ##

This file was extended by Vol config.status 1.1.4, which was
generated by GNU Autoconf 2.59.  Invocation command line was

  CONFIG_FILES    = 
  CONFIG_HEADERS  = 
  CONFIG_LINKS    = 
  CONFIG_COMMANDS = 
  $ ./config.status 

on mike-PC

config.status:757: creating Makefile
config.status:757: creating examples/VolLp/Makefile
config.status:757: creating examples/VolUfl/Makefile
config.status:757: creating examples/Volume-LP/Makefile
config.status:757: creating src/Makefile
config.status:757: creating vol_addlibs.txt
config.status:933: executing depfiles commands
configure:21833: Creating VPATH links for data files
configure:21882: Configuration of Vol successful

## ---------------- ##
## Cache variables. ##
## ---------------- ##

ac_cv_build=i686-pc-cygwin
ac_cv_build_alias=i686-pc-cygwin
ac_cv_c_compiler_gnu=yes
ac_cv_cxx_compiler_gnu=yes
ac_cv_env_ADD_CFLAGS_set=
ac_cv_env_ADD_CFLAGS_value=
ac_cv_env_ADD_CXXFLAGS_set=
ac_cv_env_ADD_CXXFLAGS_value=
ac_cv_env_CC_set=
ac_cv_env_CC_value=
ac_cv_env_CDEFS_set=
ac_cv_env_CDEFS_value=
ac_cv_env_CFLAGS_set=
ac_cv_env_CFLAGS_value=
ac_cv_env_CPPFLAGS_set=
ac_cv_env_CPPFLAGS_value=
ac_cv_env_CPP_set=
ac_cv_env_CPP_value=
ac_cv_env_CXXCPP_set=
ac_cv_env_CXXCPP_value=
ac_cv_env_CXXDEFS_set=
ac_cv_env_CXXDEFS_value=
ac_cv_env_CXXFLAGS_set=set
ac_cv_env_CXXFLAGS_value=-fpermissive
ac_cv_env_CXX_set=
ac_cv_env_CXX_value=
ac_cv_env_DBG_CFLAGS_set=
ac_cv_env_DBG_CFLAGS_value=
ac_cv_env_DBG_CXXFLAGS_set=
ac_cv_env_DBG_CXXFLAGS_value=
ac_cv_env_F77_set=
ac_cv_env_F77_value=
ac_cv_env_FFLAGS_set=
ac_cv_env_FFLAGS_value=
ac_cv_env_LDFLAGS_set=
ac_cv_env_LDFLAGS_value=
ac_cv_env_MPICC_set=
ac_cv_env_MPICC_value=
ac_cv_env_MPICXX_set=
ac_cv_env_MPICXX_value=
ac_cv_env_OPT_CFLAGS_set=
ac_cv_env_OPT_CFLAGS_value=
ac_cv_env_OPT_CXXFLAGS_set=
ac_cv_env_OPT_CXXFLAGS_value=
ac_cv_env_build_alias_set=
ac_cv_env_build_alias_value=
ac_cv_env_host_alias_set=
ac_cv_env_host_alias_value=
ac_cv_env_target_alias_set=
ac_cv_env_target_alias_value=
ac_cv_exeext=.exe
ac_cv_objext=o
ac_cv_path_install='/usr/bin/install -c'
ac_cv_prog_AWK=gawk
ac_cv_prog_ac_ct_CC=gcc
ac_cv_prog_ac_ct_CXX=g++
ac_cv_prog_cc_g=yes
ac_cv_prog_cc_stdc=
ac_cv_prog_cxx_g=yes
ac_cv_prog_egrep='grep -E'
ac_cv_prog_make_make_set=yes
am_cv_CC_dependencies_compiler_type=none
am_cv_CXX_dependencies_compiler_type=none

## ----------------- ##
## Output variables. ##
## ----------------- ##

ACLOCAL='${SHELL} /Bcp-1.1.3/missing --run aclocal-1.9'
ADDLIBS='-lm '
ADD_CFLAGS=''
ADD_CXXFLAGS=''
ALWAYS_FALSE_FALSE=''
ALWAYS_FALSE_TRUE='#'
AMDEPBACKSLASH=''
AMDEP_FALSE=''
AMDEP_TRUE='#'
AMTAR='${SHELL} /Bcp-1.1.3/missing --run tar'
AR='ar'
AUTOCONF='${SHELL} /Bcp-1.1.3/missing --run autoconf'
AUTOHEADER='${SHELL} /Bcp-1.1.3/missing --run autoheader'
AUTOMAKE='${SHELL} /Bcp-1.1.3/missing --run automake-1.9'
AUX_DIR=''
AWK='gawk'
BUILDTOOLSDIR=''
CC='gcc'
CCDEPMODE='depmode=none'
CDEFS=''
CFLAGS='-O3 -fomit-frame-pointer -pipe -DNDEBUG -pedantic-errors -Wimplicit -Wparentheses -Wsequence-point -Wreturn-type -Wcast-qual -Wall  '
COINUTILSDOCDIR='/Bcp-1.1.3/build32/lib/../share/doc/coin/CoinUtils'
COINUTILSOBJDIR='/Bcp-1.1.3/build32/Vol/../CoinUtils'
COINUTILSSRCDIR='/Bcp-1.1.3/CoinUtils'
COIN_HAS_COINUTILS_FALSE='#'
COIN_HAS_COINUTILS_TRUE=''
COIN_HAS_VOL_FALSE='#'
COIN_HAS_VOL_TRUE=''
CPP='gcc -E'
CPPFLAGS=''
CXX='g++'
CXXCPP='g++ -E'
CXXDEFS=''
CXXDEPMODE='depmode=none'
CXXFLAGS='-fpermissive  '
CYGPATH_W='cygpath -w'
DBG_CFLAGS='-g -pipe -pedantic-errors -Wimplicit -Wparentheses -Wsequence-point -Wreturn-type -Wcast-qual -Wall  '
DBG_CXXFLAGS='-fpermissive  '
DEFS='-DPACKAGE_NAME=\"Vol\" -DPACKAGE_TARNAME=\"vol\" -DPACKAGE_VERSION=\"1.1.4\" -DPACKAGE_STRING=\"Vol\ 1.1.4\" -DPACKAGE_BUGREPORT=\"coin-vol@list.coin-or.org\" -DCOIN_VOL_VERBOSITY=0 -DCOIN_VOL_CHECKLEVEL=0 -DPACKAGE=\"vol\" -DVERSION=\"1.1.4\" -DSTDC_HEADERS=1 -DHAVE_SYS_TYPES_H=1 -DHAVE_SYS_STAT_H=1 -DHAVE_STDLIB_H=1 -DHAVE_STRING_H=1 -DHAVE_MEMORY_H=1 -DHAVE_STRINGS_H=1 -DHAVE_INTTYPES_H=1 -DHAVE_STDINT_H=1 -DHAVE_UNISTD_H=1 -DHAVE_DLFCN_H=1 -DCOIN_HAS_COINUTILS=1 -DCOIN_HAS_VOL=1 '
DEPDIR='.deps'
ECHO='echo'
ECHO_C=''
ECHO_N='-n'
ECHO_T=''
EGREP='grep -E'
EXEEXT='.exe'
F77=''
FADDLIBS='-lm '
FFLAGS=''
HAVE_EXTERNALS_FALSE=''
HAVE_EXTERNALS_TRUE='#'
INSTALL_DATA='${INSTALL} -m 644'
INSTALL_PROGRAM='${INSTALL}'
INSTALL_SCRIPT='${INSTALL}'
INSTALL_STRIP_PROGRAM='${SHELL} $(install_sh) -c -s'
LDFLAGS=''
LIBEXT='a'
LIBOBJS=''
LIBS=''
LIBTOOL='$(SHELL) $(top_builddir)/../libtool'
LIBTOOLM4=''
LN_S='ln -s'
LTLIBOBJS=''
LT_LDFLAGS=''
MAINT='#'
MAINTAINER_MODE_FALSE=''
MAINTAINER_MODE_TRUE='#'
MAKEINFO='${SHELL} /Bcp-1.1.3/missing --run makeinfo'
MPICC=''
MPICXX=''
OBJEXT='o'
OPT_CFLAGS='-O3 -fomit-frame-pointer -pipe -DNDEBUG -pedantic-errors -Wimplicit -Wparentheses -Wsequence-point -Wreturn-type -Wcast-qual -Wall  '
OPT_CXXFLAGS='-fpermissive  '
PACKAGE='vol'
PACKAGE_BUGREPORT='coin-vol@list.coin-or.org'
PACKAGE_NAME='Vol'
PACKAGE_STRING='Vol 1.1.4'
PACKAGE_TARNAME='vol'
PACKAGE_VERSION='1.1.4'
PATH_SEPARATOR=':'
RANLIB='ranlib'
RPATH_FLAGS=''
SET_MAKE=''
SHELL='/bin/sh'
STRIP='strip'
VERSION='1.1.4'
VOLDOCDIR='/Bcp-1.1.3/build32/lib/../share/doc/coin/Vol'
VOLOBJDIR='/Bcp-1.1.3/build32/Vol/.'
VOLSRCDIR='/Bcp-1.1.3/Vol'
VPATH_DISTCLEANFILES=' examples/VolUfl/ufl.par examples/VolUfl/data.gz examples/Volume-LP/data.mps.gz examples/Volume-LP/lp.par'
abs_bin_dir='/Bcp-1.1.3/build32/bin'
abs_include_dir='/Bcp-1.1.3/build32/include'
abs_lib_dir='/Bcp-1.1.3/build32/lib'
abs_source_dir='/Bcp-1.1.3/Vol'
ac_c_preproc_warn_flag=''
ac_ct_AR='ar'
ac_ct_CC='gcc'
ac_ct_CXX='g++'
ac_ct_F77=''
ac_ct_RANLIB='ranlib'
ac_ct_STRIP='strip'
ac_cxx_preproc_warn_flag=''
am__fastdepCC_FALSE=''
am__fastdepCC_TRUE='#'
am__fastdepCXX_FALSE=''
am__fastdepCXX_TRUE='#'
am__include='include'
am__leading_dot='.'
am__quote=''
am__tar='${AMTAR} chof - "$$tardir"'
am__untar='${AMTAR} xf -'
bindir='${exec_prefix}/bin'
build='i686-pc-cygwin'
build_alias=''
build_cpu='i686'
build_os='cygwin'
build_vendor='pc'
datadir='${prefix}/share'
exec_prefix='${prefix}'
have_autoconf=''
have_automake=''
have_svn=''
host='i686-pc-cygwin'
host_alias=''
host_cpu='i686'
host_os='cygwin'
host_vendor='pc'
includedir='${prefix}/include'
infodir='${prefix}/info'
install_sh='/Bcp-1.1.3/install-sh'
libdir='${exec_prefix}/lib'
libexecdir='${exec_prefix}/libexec'
localstatedir='${prefix}/var'
mandir='${prefix}/man'
mkdir_p='mkdir -p --'
oldincludedir='/usr/include'
prefix='/Bcp-1.1.3/build32'
program_transform_name='s,x,x,'
sbindir='${exec_prefix}/sbin'
sharedstatedir='${prefix}/com'
sol_cc_compiler=''
sysconfdir='${prefix}/etc'
target_alias=''

## ----------- ##
## confdefs.h. ##
## ----------- ##

#define COIN_HAS_COINUTILS 1
#define COIN_HAS_VOL 1
#define COIN_VOL_CHECKLEVEL 0
#define COIN_VOL_VERBOSITY 0
#define HAVE_DLFCN_H 1
#define HAVE_INTTYPES_H 1
#define HAVE_MEMORY_H 1
#define HAVE_STDINT_H 1
#define HAVE_STDLIB_H 1
#define HAVE_STRINGS_H 1
#define HAVE_STRING_H 1
#define HAVE_SYS_STAT_H 1
#define HAVE_SYS_TYPES_H 1
#define HAVE_UNISTD_H 1
#define PACKAGE "vol"
#define PACKAGE_BUGREPORT "coin-vol@list.coin-or.org"
#define PACKAGE_NAME "Vol"
#define PACKAGE_STRING "Vol 1.1.4"
#define PACKAGE_TARNAME "vol"
#define PACKAGE_VERSION "1.1.4"
#define STDC_HEADERS 1
#define VERSION "1.1.4"
#endif
#ifdef __cplusplus
extern "C" void exit (int);

configure: exit 0
