This file contains any messages produced by compilers while
running configure, to aid debugging if configure makes a mistake.

It was created by CoinUtils configure 2.2.5, which was
generated by GNU Autoconf 2.59.  Invocation command line was

  $ ../../CoinUtils/configure --prefix=/Bcp-1.1.3/build32 --enable-shared --enable-static --disable-dependency-tracking CXXFLAGS=-fpermissive --cache-file=/dev/null --srcdir=../../CoinUtils

## --------- ##
## Platform. ##
## --------- ##

hostname = mike-PC
uname -m = i686
uname -r = 1.7.34(0.285/5/3)
uname -s = CYGWIN_NT-6.1-WOW
uname -v = 2015-02-04 12:12

/usr/bin/uname -p = unknown
/bin/uname -X     = unknown

/bin/arch              = i686
/usr/bin/arch -k       = unknown
/usr/convex/getsysinfo = unknown
hostinfo               = unknown
/bin/machine           = unknown
/usr/bin/oslevel       = unknown
/bin/universe          = unknown

PATH: /usr/local/bin
PATH: /usr/bin
PATH: /cygdrive/c/ProgramData/Oracle/Java/javapath
PATH: /cygdrive/c/Program Files (x86)/PC Connectivity Solution
PATH: /cygdrive/c/Program Files (x86)/Common Files/Microsoft Shared/Windows Live
PATH: /cygdrive/c/Program Files (x86)/NVIDIA Corporation/PhysX/Common
PATH: /cygdrive/c/Program Files (x86)/AMD APP/bin/x86_64
PATH: /cygdrive/c/Program Files (x86)/AMD APP/bin/x86
PATH: /cygdrive/c/Program Files (x86)/Intel/iCLS Client
PATH: /cygdrive/c/Program Files/Intel/iCLS Client
PATH: /cygdrive/c/Windows/system32
PATH: /cygdrive/c/Windows
PATH: /cygdrive/c/Windows/System32/Wbem
PATH: /cygdrive/c/Windows/System32/WindowsPowerShell/v1.0
PATH: /cygdrive/c/Program Files/Intel/Intel(R) Management Engine Components/DAL
PATH: /cygdrive/c/Program Files/Intel/Intel(R) Management Engine Components/IPT
PATH: /cygdrive/c/Program Files (x86)/Intel/Intel(R) Management Engine Components/DAL
PATH: /cygdrive/c/Program Files (x86)/Intel/Intel(R) Management Engine Components/IPT
PATH: /cygdrive/c/Program Files (x86)/ATI Technologies/ATI.ACE/Core-Static
PATH: /cygdrive/c/Users/mike/AppData/Local/Smartbar/Application
PATH: /cygdrive/c/Users/mike/AppData/Local/Smartbar/Application
PATH: /cygdrive/c/Program Files/Common Files/Microsoft Shared/Windows Live
PATH: /cygdrive/c/Program Files (x86)/OpenVPN/bin
PATH: /usr/lib/lapack


## ----------- ##
## Core tests. ##
## ----------- ##

configure:1684: checking build system type
configure:1702: result: i686-pc-cygwin
configure:1743: checking whether we want to compile in debug mode
configure:1790: result: no
configure:2052: checking for gcc
configure:2068: found /usr/bin/gcc
configure:2078: result: gcc
configure:2099: checking for C compiler version
configure:2102: gcc --version </dev/null >&5
gcc (GCC) 4.9.2
Copyright (C) 2014 Free Software Foundation, Inc.
This is free software; see the source for copying conditions.  There is NO
warranty; not even for MERCHANTABILITY or FITNESS FOR A PARTICULAR PURPOSE.

configure:2105: $? = 0
configure:2107: gcc -v </dev/null >&5
Using built-in specs.
COLLECT_GCC=gcc
COLLECT_LTO_WRAPPER=/usr/lib/gcc/i686-pc-cygwin/4.9.2/lto-wrapper.exe
Target: i686-pc-cygwin
Configured with: /cygdrive/i/szsz/tmpp/gcc/gcc-4.9.2-2.i686/src/gcc-4.9.2/configure --srcdir=/cygdrive/i/szsz/tmpp/gcc/gcc-4.9.2-2.i686/src/gcc-4.9.2 --prefix=/usr --exec-prefix=/usr --bindir=/usr/bin --sbindir=/usr/sbin --libexecdir=/usr/libexec --datadir=/usr/share --localstatedir=/var --sysconfdir=/etc --libdir=/usr/lib --datarootdir=/usr/share --docdir=/usr/share/doc/gcc --htmldir=/usr/share/doc/gcc/html -C --build=i686-pc-cygwin --host=i686-pc-cygwin --target=i686-pc-cygwin --without-libiconv-prefix --without-libintl-prefix --libexecdir=/usr/lib --enable-shared --enable-shared-libgcc --enable-static --enable-version-specific-runtime-libs --enable-bootstrap --enable-__cxa_atexit --with-dwarf2 --with-arch=i686 --with-tune=generic --disable-sjlj-exceptions --enable-languages=ada,c,c++,fortran,java,lto,objc,obj-c++ --enable-graphite --enable-threads=posix --enable-libatomic --enable-libgomp --disable-libitm --enable-libquadmath --enable-libquadmath-support --enable-libssp --enable-libada --enable-libjava --enable-libgcj-sublibs --disable-java-awt --disable-symvers --with-ecj-jar=/usr/share/java/ecj.jar --with-gnu-ld --with-gnu-as --with-cloog-include=/usr/include/cloog-isl --without-libiconv-prefix --without-libintl-prefix --with-system-zlib --enable-linker-build-id
Thread model: posix
gcc version 4.9.2 (GCC) 
configure:2110: $? = 0
configure:2112: gcc -V </dev/null >&5
gcc: error: unrecognized command line option '-V'
gcc: fatal error: no input files
compilation terminated.
configure:2115: $? = 1
configure:2138: checking for C compiler default output file name
configure:2141: gcc    conftest.c  >&5
configure:2144: $? = 0
configure:2190: result: a.exe
configure:2195: checking whether the C compiler works
configure:2201: ./a.exe
configure:2204: $? = 0
configure:2221: result: yes
configure:2228: checking whether we are cross compiling
configure:2230: result: no
configure:2233: checking for suffix of executables
configure:2235: gcc -o conftest.exe    conftest.c  >&5
configure:2238: $? = 0
configure:2263: result: .exe
configure:2269: checking for suffix of object files
configure:2290: gcc -c   conftest.c >&5
configure:2293: $? = 0
configure:2315: result: o
configure:2319: checking whether we are using the GNU C compiler
configure:2343: gcc -c   conftest.c >&5
configure:2349: $? = 0
configure:2353: test -z 
			 || test ! -s conftest.err
configure:2356: $? = 0
configure:2359: test -s conftest.o
configure:2362: $? = 0
configure:2375: result: yes
configure:2381: checking whether gcc accepts -g
configure:2402: gcc -c -g  conftest.c >&5
configure:2408: $? = 0
configure:2412: test -z 
			 || test ! -s conftest.err
configure:2415: $? = 0
configure:2418: test -s conftest.o
configure:2421: $? = 0
configure:2432: result: yes
configure:2449: checking for gcc option to accept ANSI C
configure:2519: gcc  -c -g -O2  conftest.c >&5
configure:2525: $? = 0
configure:2529: test -z 
			 || test ! -s conftest.err
configure:2532: $? = 0
configure:2535: test -s conftest.o
configure:2538: $? = 0
configure:2556: result: none needed
configure:2574: gcc -c -g -O2  conftest.c >&5
conftest.c:2:3: error: unknown type name 'choke'
   choke me
   ^
conftest.c:2:3: error: expected '=', ',', ';', 'asm' or '__attribute__' at end of input
configure:2580: $? = 1
configure: failed program was:
| #ifndef __cplusplus
|   choke me
| #endif
configure:3028: gcc -o conftest.exe -O3 -fomit-frame-pointer -pipe -DNDEBUG -pedantic-errors -Wimplicit -Wparentheses -Wsequence-point -Wreturn-type -Wcast-qual -Wall     conftest.c  >&5
configure:3034: $? = 0
configure:3038: test -z 
			 || test ! -s conftest.err
configure:3041: $? = 0
configure:3044: test -s conftest.exe
configure:3047: $? = 0
configure:3114: C compiler options are: -O3 -fomit-frame-pointer -pipe -DNDEBUG -pedantic-errors -Wimplicit -Wparentheses -Wsequence-point -Wreturn-type -Wcast-qual -Wall  
configure:3241: checking for g++
configure:3257: found /usr/bin/g++
configure:3267: result: g++
configure:3283: checking for C++ compiler version
configure:3286: g++ --version </dev/null >&5
g++ (GCC) 4.9.2
Copyright (C) 2014 Free Software Foundation, Inc.
This is free software; see the source for copying conditions.  There is NO
warranty; not even for MERCHANTABILITY or FITNESS FOR A PARTICULAR PURPOSE.

configure:3289: $? = 0
configure:3291: g++ -v </dev/null >&5
Using built-in specs.
COLLECT_GCC=g++
COLLECT_LTO_WRAPPER=/usr/lib/gcc/i686-pc-cygwin/4.9.2/lto-wrapper.exe
Target: i686-pc-cygwin
Configured with: /cygdrive/i/szsz/tmpp/gcc/gcc-4.9.2-2.i686/src/gcc-4.9.2/configure --srcdir=/cygdrive/i/szsz/tmpp/gcc/gcc-4.9.2-2.i686/src/gcc-4.9.2 --prefix=/usr --exec-prefix=/usr --bindir=/usr/bin --sbindir=/usr/sbin --libexecdir=/usr/libexec --datadir=/usr/share --localstatedir=/var --sysconfdir=/etc --libdir=/usr/lib --datarootdir=/usr/share --docdir=/usr/share/doc/gcc --htmldir=/usr/share/doc/gcc/html -C --build=i686-pc-cygwin --host=i686-pc-cygwin --target=i686-pc-cygwin --without-libiconv-prefix --without-libintl-prefix --libexecdir=/usr/lib --enable-shared --enable-shared-libgcc --enable-static --enable-version-specific-runtime-libs --enable-bootstrap --enable-__cxa_atexit --with-dwarf2 --with-arch=i686 --with-tune=generic --disable-sjlj-exceptions --enable-languages=ada,c,c++,fortran,java,lto,objc,obj-c++ --enable-graphite --enable-threads=posix --enable-libatomic --enable-libgomp --disable-libitm --enable-libquadmath --enable-libquadmath-support --enable-libssp --enable-libada --enable-libjava --enable-libgcj-sublibs --disable-java-awt --disable-symvers --with-ecj-jar=/usr/share/java/ecj.jar --with-gnu-ld --with-gnu-as --with-cloog-include=/usr/include/cloog-isl --without-libiconv-prefix --without-libintl-prefix --with-system-zlib --enable-linker-build-id
Thread model: posix
gcc version 4.9.2 (GCC) 
configure:3294: $? = 0
configure:3296: g++ -V </dev/null >&5
g++: error: unrecognized command line option '-V'
g++: fatal error: no input files
compilation terminated.
configure:3299: $? = 1
configure:3302: checking whether we are using the GNU C++ compiler
configure:3326: g++ -c -fpermissive  conftest.cc >&5
configure:3332: $? = 0
configure:3336: test -z 
			 || test ! -s conftest.err
configure:3339: $? = 0
configure:3342: test -s conftest.o
configure:3345: $? = 0
configure:3358: result: yes
configure:3364: checking whether g++ accepts -g
configure:3385: g++ -c -g  conftest.cc >&5
configure:3391: $? = 0
configure:3395: test -z 
			 || test ! -s conftest.err
configure:3398: $? = 0
configure:3401: test -s conftest.o
configure:3404: $? = 0
configure:3415: result: yes
configure:3457: g++ -c -fpermissive  conftest.cc >&5
configure:3463: $? = 0
configure:3467: test -z 
			 || test ! -s conftest.err
configure:3470: $? = 0
configure:3473: test -s conftest.o
configure:3476: $? = 0
configure:3502: g++ -c -fpermissive  conftest.cc >&5
conftest.cc: In function 'int main()':
conftest.cc:15:9: error: 'exit' was not declared in this scope
 exit (42);
         ^
configure:3508: $? = 1
configure: failed program was:
| /* confdefs.h.  */
| 
| #define PACKAGE_NAME "CoinUtils"
| #define PACKAGE_TARNAME "coinutils"
| #define PACKAGE_VERSION "2.2.5"
| #define PACKAGE_STRING "CoinUtils 2.2.5"
| #define PACKAGE_BUGREPORT "http://projects.coin-or.org/CoinUtils"
| #define COIN_COINUTILS_VERBOSITY 0
| #define COIN_COINUTILS_CHECKLEVEL 0
| /* end confdefs.h.  */
| 
| int
| main ()
| {
| exit (42);
|   ;
|   return 0;
| }
configure:3457: g++ -c -fpermissive  conftest.cc >&5
conftest.cc:11:40: error: 'void std::exit(int)' should have been declared inside 'std'
 extern "C" void std::exit (int) throw (); using std::exit;
                                        ^
In file included from /usr/include/stdlib.h:11:0,
                 from conftest.cc:12:
/usr/include/stdlib.h:85:34: error: declaration of 'void std::exit(int)' has a different exception specifier
 _VOID _EXFUN(exit,(int __status) _ATTRIBUTE ((__noreturn__)));
                                  ^
conftest.cc:11:17: error: from previous declaration 'void std::exit(int) throw ()'
 extern "C" void std::exit (int) throw (); using std::exit;
                 ^
configure:3463: $? = 1
configure: failed program was:
| /* confdefs.h.  */
| 
| #define PACKAGE_NAME "CoinUtils"
| #define PACKAGE_TARNAME "coinutils"
| #define PACKAGE_VERSION "2.2.5"
| #define PACKAGE_STRING "CoinUtils 2.2.5"
| #define PACKAGE_BUGREPORT "http://projects.coin-or.org/CoinUtils"
| #define COIN_COINUTILS_VERBOSITY 0
| #define COIN_COINUTILS_CHECKLEVEL 0
| /* end confdefs.h.  */
| extern "C" void std::exit (int) throw (); using std::exit;
| #include <stdlib.h>
| int
| main ()
| {
| exit (42);
|   ;
|   return 0;
| }
configure:3457: g++ -c -fpermissive  conftest.cc >&5
conftest.cc:11:31: error: 'void std::exit(int)' should have been declared inside 'std'
 extern "C" void std::exit (int); using std::exit;
                               ^
configure:3463: $? = 1
configure: failed program was:
| /* confdefs.h.  */
| 
| #define PACKAGE_NAME "CoinUtils"
| #define PACKAGE_TARNAME "coinutils"
| #define PACKAGE_VERSION "2.2.5"
| #define PACKAGE_STRING "CoinUtils 2.2.5"
| #define PACKAGE_BUGREPORT "http://projects.coin-or.org/CoinUtils"
| #define COIN_COINUTILS_VERBOSITY 0
| #define COIN_COINUTILS_CHECKLEVEL 0
| /* end confdefs.h.  */
| extern "C" void std::exit (int); using std::exit;
| #include <stdlib.h>
| int
| main ()
| {
| exit (42);
|   ;
|   return 0;
| }
configure:3457: g++ -c -fpermissive  conftest.cc >&5
In file included from /usr/include/stdlib.h:11:0,
                 from conftest.cc:12:
/usr/include/stdlib.h:85:34: error: declaration of 'void exit(int)' has a different exception specifier
 _VOID _EXFUN(exit,(int __status) _ATTRIBUTE ((__noreturn__)));
                                  ^
conftest.cc:11:17: error: from previous declaration 'void exit(int) throw ()'
 extern "C" void exit (int) throw ();
                 ^
configure:3463: $? = 1
configure: failed program was:
| /* confdefs.h.  */
| 
| #define PACKAGE_NAME "CoinUtils"
| #define PACKAGE_TARNAME "coinutils"
| #define PACKAGE_VERSION "2.2.5"
| #define PACKAGE_STRING "CoinUtils 2.2.5"
| #define PACKAGE_BUGREPORT "http://projects.coin-or.org/CoinUtils"
| #define COIN_COINUTILS_VERBOSITY 0
| #define COIN_COINUTILS_CHECKLEVEL 0
| /* end confdefs.h.  */
| extern "C" void exit (int) throw ();
| #include <stdlib.h>
| int
| main ()
| {
| exit (42);
|   ;
|   return 0;
| }
configure:3457: g++ -c -fpermissive  conftest.cc >&5
configure:3463: $? = 0
configure:3467: test -z 
			 || test ! -s conftest.err
configure:3470: $? = 0
configure:3473: test -s conftest.o
configure:3476: $? = 0
configure:3502: g++ -c -fpermissive  conftest.cc >&5
configure:3508: $? = 0
configure:3512: test -z 
			 || test ! -s conftest.err
configure:3515: $? = 0
configure:3518: test -s conftest.o
configure:3521: $? = 0
configure:3881: g++ -o conftest.exe -fpermissive     conftest.cc  >&5
configure:3887: $? = 0
configure:3891: test -z 
			 || test ! -s conftest.err
configure:3894: $? = 0
configure:3897: test -s conftest.exe
configure:3900: $? = 0
configure:3967: C++ compiler options are: -fpermissive  
configure:4022: Trying to determine Fortran compiler name
configure:4028: checking for gfortran
configure:4044: found /usr/bin/gfortran
configure:4054: result: gfortran
configure:4098: Trying to determine Fortran compiler name
configure:4104: checking for gfortran
configure:4130: result: gfortran
configure:4235: checking for Fortran 77 compiler version
configure:4238: gfortran --version </dev/null >&5
GNU Fortran (GCC) 4.9.2
Copyright (C) 2014 Free Software Foundation, Inc.

GNU Fortran comes with NO WARRANTY, to the extent permitted by law.
You may redistribute copies of GNU Fortran
under the terms of the GNU General Public License.
For more information about these matters, see the file named COPYING

configure:4241: $? = 0
configure:4243: gfortran -v </dev/null >&5
Using built-in specs.
COLLECT_GCC=gfortran
COLLECT_LTO_WRAPPER=/usr/lib/gcc/i686-pc-cygwin/4.9.2/lto-wrapper.exe
Target: i686-pc-cygwin
Configured with: /cygdrive/i/szsz/tmpp/gcc/gcc-4.9.2-2.i686/src/gcc-4.9.2/configure --srcdir=/cygdrive/i/szsz/tmpp/gcc/gcc-4.9.2-2.i686/src/gcc-4.9.2 --prefix=/usr --exec-prefix=/usr --bindir=/usr/bin --sbindir=/usr/sbin --libexecdir=/usr/libexec --datadir=/usr/share --localstatedir=/var --sysconfdir=/etc --libdir=/usr/lib --datarootdir=/usr/share --docdir=/usr/share/doc/gcc --htmldir=/usr/share/doc/gcc/html -C --build=i686-pc-cygwin --host=i686-pc-cygwin --target=i686-pc-cygwin --without-libiconv-prefix --without-libintl-prefix --libexecdir=/usr/lib --enable-shared --enable-shared-libgcc --enable-static --enable-version-specific-runtime-libs --enable-bootstrap --enable-__cxa_atexit --with-dwarf2 --with-arch=i686 --with-tune=generic --disable-sjlj-exceptions --enable-languages=ada,c,c++,fortran,java,lto,objc,obj-c++ --enable-graphite --enable-threads=posix --enable-libatomic --enable-libgomp --disable-libitm --enable-libquadmath --enable-libquadmath-support --enable-libssp --enable-libada --enable-libjava --enable-libgcj-sublibs --disable-java-awt --disable-symvers --with-ecj-jar=/usr/share/java/ecj.jar --with-gnu-ld --with-gnu-as --with-cloog-include=/usr/include/cloog-isl --without-libiconv-prefix --without-libintl-prefix --with-system-zlib --enable-linker-build-id
Thread model: posix
gcc version 4.9.2 (GCC) 
configure:4246: $? = 0
configure:4248: gfortran -V </dev/null >&5
gfortran: error: unrecognized command line option '-V'
gfortran: fatal error: no input files
compilation terminated.
configure:4251: $? = 1
configure:4259: checking whether we are using the GNU Fortran 77 compiler
configure:4273: gfortran -c  conftest.F >&5
configure:4279: $? = 0
configure:4283: test -z 
			 || test ! -s conftest.err
configure:4286: $? = 0
configure:4289: test -s conftest.o
configure:4292: $? = 0
configure:4305: result: yes
configure:4311: checking whether gfortran accepts -g
configure:4323: gfortran -c -g conftest.f >&5
configure:4329: $? = 0
configure:4333: test -z 
			 || test ! -s conftest.err
configure:4336: $? = 0
configure:4339: test -s conftest.o
configure:4342: $? = 0
configure:4354: result: yes
configure:4636: gfortran -o conftest.exe -O3 -fomit-frame-pointer -pipe    conftest.f  >&5
configure:4642: $? = 0
configure:4646: test -z 
			 || test ! -s conftest.err
configure:4649: $? = 0
configure:4652: test -s conftest.exe
configure:4655: $? = 0
configure:4713: Fortran compiler options are: -O3 -fomit-frame-pointer -pipe  
configure:4754: checking how to get verbose linking output from gfortran
configure:4765: gfortran -c -O3 -fomit-frame-pointer -pipe   conftest.f >&5
configure:4771: $? = 0
configure:4775: test -z 
			 || test ! -s conftest.err
configure:4778: $? = 0
configure:4781: test -s conftest.o
configure:4784: $? = 0
configure:4801: gfortran -o conftest.exe -O3 -fomit-frame-pointer -pipe   -v  conftest.f  >&5
Using built-in specs.
COLLECT_GCC=gfortran
COLLECT_LTO_WRAPPER=/usr/lib/gcc/i686-pc-cygwin/4.9.2/lto-wrapper.exe
Target: i686-pc-cygwin
Configured with: /cygdrive/i/szsz/tmpp/gcc/gcc-4.9.2-2.i686/src/gcc-4.9.2/configure --srcdir=/cygdrive/i/szsz/tmpp/gcc/gcc-4.9.2-2.i686/src/gcc-4.9.2 --prefix=/usr --exec-prefix=/usr --bindir=/usr/bin --sbindir=/usr/sbin --libexecdir=/usr/libexec --datadir=/usr/share --localstatedir=/var --sysconfdir=/etc --libdir=/usr/lib --datarootdir=/usr/share --docdir=/usr/share/doc/gcc --htmldir=/usr/share/doc/gcc/html -C --build=i686-pc-cygwin --host=i686-pc-cygwin --target=i686-pc-cygwin --without-libiconv-prefix --without-libintl-prefix --libexecdir=/usr/lib --enable-shared --enable-shared-libgcc --enable-static --enable-version-specific-runtime-libs --enable-bootstrap --enable-__cxa_atexit --with-dwarf2 --with-arch=i686 --with-tune=generic --disable-sjlj-exceptions --enable-languages=ada,c,c++,fortran,java,lto,objc,obj-c++ --enable-graphite --enable-threads=posix --enable-libatomic --enable-libgomp --disable-libitm --enable-libquadmath --enable-libquadmath-support --enable-libssp --enable-libada --enable-libjava --enable-libgcj-sublibs --disable-java-awt --disable-symvers --with-ecj-jar=/usr/share/java/ecj.jar --with-gnu-ld --with-gnu-as --with-cloog-include=/usr/include/cloog-isl --without-libiconv-prefix --without-libintl-prefix --with-system-zlib --enable-linker-build-id
Thread model: posix
gcc version 4.9.2 (GCC) 
COLLECT_GCC_OPTIONS='-o' 'conftest.exe' '-O3' '-fomit-frame-pointer' '-pipe' '-v' '-shared-libgcc' '-mtune=generic' '-march=i686'
 /usr/lib/gcc/i686-pc-cygwin/4.9.2/f951.exe conftest.f -ffixed-form -quiet -dumpbase conftest.f -mtune=generic -march=i686 -auxbase conftest -O3 -version -fomit-frame-pointer -fintrinsic-modules-path /usr/lib/gcc/i686-pc-cygwin/4.9.2/finclude -o - |
 /usr/lib/gcc/i686-pc-cygwin/4.9.2/../../../../i686-pc-cygwin/bin/as.exe -v -o /tmp/ccyt7mjB.o
GNU Fortran (GCC) version 4.9.2 (i686-pc-cygwin)
	compiled by GNU C version 4.9.2, GMP version 6.0.0, MPFR version 3.1.2, MPC version 1.0.2
warning: MPFR header version 3.1.2 differs from library version 3.1.2-p11.
GGC heuristics: --param ggc-min-expand=100 --param ggc-min-heapsize=131072
GNU Fortran (GCC) version 4.9.2 (i686-pc-cygwin)
	compiled by GNU C version 4.9.2, GMP version 6.0.0, MPFR version 3.1.2, MPC version 1.0.2
warning: MPFR header version 3.1.2 differs from library version 3.1.2-p11.
GGC heuristics: --param ggc-min-expand=100 --param ggc-min-heapsize=131072
GNU assembler version 2.25 (i686-pc-cygwin) using BFD version (GNU Binutils) 2.25
Reading specs from /usr/lib/gcc/i686-pc-cygwin/4.9.2/libgfortran.spec
rename spec lib to liborig
COLLECT_GCC_OPTIONS='-o' 'conftest.exe' '-O3' '-fomit-frame-pointer' '-pipe' '-v' '-shared-libgcc' '-mtune=generic' '-march=i686'
COMPILER_PATH=/usr/lib/gcc/i686-pc-cygwin/4.9.2/:/usr/lib/gcc/i686-pc-cygwin/4.9.2/:/usr/lib/gcc/i686-pc-cygwin/:/usr/lib/gcc/i686-pc-cygwin/4.9.2/:/usr/lib/gcc/i686-pc-cygwin/:/usr/lib/gcc/i686-pc-cygwin/4.9.2/../../../../i686-pc-cygwin/bin/
LIBRARY_PATH=/usr/lib/gcc/i686-pc-cygwin/4.9.2/:/usr/lib/gcc/i686-pc-cygwin/4.9.2/../../../../i686-pc-cygwin/lib/:/usr/lib/gcc/i686-pc-cygwin/4.9.2/../../../:/lib/:/usr/lib/
COLLECT_GCC_OPTIONS='-o' 'conftest.exe' '-O3' '-fomit-frame-pointer' '-pipe' '-v' '-shared-libgcc' '-mtune=generic' '-march=i686'
 /usr/lib/gcc/i686-pc-cygwin/4.9.2/collect2.exe -plugin /usr/lib/gcc/i686-pc-cygwin/4.9.2/cyglto_plugin.dll -plugin-opt=/usr/lib/gcc/i686-pc-cygwin/4.9.2/lto-wrapper.exe -plugin-opt=-fresolution=/tmp/cc1Wjbd3.res -plugin-opt=-pass-through=-lgcc_s -plugin-opt=-pass-through=-lgcc -plugin-opt=-pass-through=-lquadmath -plugin-opt=-pass-through=-lm -plugin-opt=-pass-through=-lgcc_s -plugin-opt=-pass-through=-lgcc -plugin-opt=-pass-through=-lcygwin -plugin-opt=-pass-through=-ladvapi32 -plugin-opt=-pass-through=-lshell32 -plugin-opt=-pass-through=-luser32 -plugin-opt=-pass-through=-lkernel32 -plugin-opt=-pass-through=-lgcc_s -plugin-opt=-pass-through=-lgcc --build-id --wrap _Znwj --wrap _Znaj --wrap _ZdlPv --wrap _ZdaPv --wrap _ZnwjRKSt9nothrow_t --wrap _ZnajRKSt9nothrow_t --wrap _ZdlPvRKSt9nothrow_t --wrap _ZdaPvRKSt9nothrow_t -Bdynamic --dll-search-prefix=cyg --large-address-aware --tsaware -o conftest.exe /usr/lib/gcc/i686-pc-cygwin/4.9.2/../../../crt0.o /usr/lib/gcc/i686-pc-cygwin/4.9.2/crtbegin.o -L/usr/lib/gcc/i686-pc-cygwin/4.9.2 -L/usr/lib/gcc/i686-pc-cygwin/4.9.2/../../../../i686-pc-cygwin/lib -L/usr/lib/gcc/i686-pc-cygwin/4.9.2/../../.. /tmp/ccyt7mjB.o -lgfortran -lgcc_s -lgcc -lquadmath -lm -lgcc_s -lgcc -lcygwin -ladvapi32 -lshell32 -luser32 -lkernel32 -lgcc_s -lgcc /usr/lib/gcc/i686-pc-cygwin/4.9.2/../../../default-manifest.o /usr/lib/gcc/i686-pc-cygwin/4.9.2/crtend.o
configure:4856: result: -v
configure:4858: checking for Fortran libraries of gfortran
configure:4879: gfortran -o conftest.exe -O3 -fomit-frame-pointer -pipe   -v  conftest.f  >&5
Using built-in specs.
COLLECT_GCC=gfortran
COLLECT_LTO_WRAPPER=/usr/lib/gcc/i686-pc-cygwin/4.9.2/lto-wrapper.exe
Target: i686-pc-cygwin
Configured with: /cygdrive/i/szsz/tmpp/gcc/gcc-4.9.2-2.i686/src/gcc-4.9.2/configure --srcdir=/cygdrive/i/szsz/tmpp/gcc/gcc-4.9.2-2.i686/src/gcc-4.9.2 --prefix=/usr --exec-prefix=/usr --bindir=/usr/bin --sbindir=/usr/sbin --libexecdir=/usr/libexec --datadir=/usr/share --localstatedir=/var --sysconfdir=/etc --libdir=/usr/lib --datarootdir=/usr/share --docdir=/usr/share/doc/gcc --htmldir=/usr/share/doc/gcc/html -C --build=i686-pc-cygwin --host=i686-pc-cygwin --target=i686-pc-cygwin --without-libiconv-prefix --without-libintl-prefix --libexecdir=/usr/lib --enable-shared --enable-shared-libgcc --enable-static --enable-version-specific-runtime-libs --enable-bootstrap --enable-__cxa_atexit --with-dwarf2 --with-arch=i686 --with-tune=generic --disable-sjlj-exceptions --enable-languages=ada,c,c++,fortran,java,lto,objc,obj-c++ --enable-graphite --enable-threads=posix --enable-libatomic --enable-libgomp --disable-libitm --enable-libquadmath --enable-libquadmath-support --enable-libssp --enable-libada --enable-libjava --enable-libgcj-sublibs --disable-java-awt --disable-symvers --with-ecj-jar=/usr/share/java/ecj.jar --with-gnu-ld --with-gnu-as --with-cloog-include=/usr/include/cloog-isl --without-libiconv-prefix --without-libintl-prefix --with-system-zlib --enable-linker-build-id
Thread model: posix
gcc version 4.9.2 (GCC) 
COLLECT_GCC_OPTIONS='-o' 'conftest.exe' '-O3' '-fomit-frame-pointer' '-pipe' '-v' '-shared-libgcc' '-mtune=generic' '-march=i686'
 /usr/lib/gcc/i686-pc-cygwin/4.9.2/f951.exe conftest.f -ffixed-form -quiet -dumpbase conftest.f -mtune=generic -march=i686 -auxbase conftest -O3 -version -fomit-frame-pointer -fintrinsic-modules-path /usr/lib/gcc/i686-pc-cygwin/4.9.2/finclude -o - |
 /usr/lib/gcc/i686-pc-cygwin/4.9.2/../../../../i686-pc-cygwin/bin/as.exe -v -o /tmp/ccQuYx83.o
GNU Fortran (GCC) version 4.9.2 (i686-pc-cygwin)
	compiled by GNU C version 4.9.2, GMP version 6.0.0, MPFR version 3.1.2, MPC version 1.0.2
warning: MPFR header version 3.1.2 differs from library version 3.1.2-p11.
GGC heuristics: --param ggc-min-expand=100 --param ggc-min-heapsize=131072
GNU Fortran (GCC) version 4.9.2 (i686-pc-cygwin)
	compiled by GNU C version 4.9.2, GMP version 6.0.0, MPFR version 3.1.2, MPC version 1.0.2
warning: MPFR header version 3.1.2 differs from library version 3.1.2-p11.
GGC heuristics: --param ggc-min-expand=100 --param ggc-min-heapsize=131072
GNU assembler version 2.25 (i686-pc-cygwin) using BFD version (GNU Binutils) 2.25
Reading specs from /usr/lib/gcc/i686-pc-cygwin/4.9.2/libgfortran.spec
rename spec lib to liborig
COLLECT_GCC_OPTIONS='-o' 'conftest.exe' '-O3' '-fomit-frame-pointer' '-pipe' '-v' '-shared-libgcc' '-mtune=generic' '-march=i686'
COMPILER_PATH=/usr/lib/gcc/i686-pc-cygwin/4.9.2/:/usr/lib/gcc/i686-pc-cygwin/4.9.2/:/usr/lib/gcc/i686-pc-cygwin/:/usr/lib/gcc/i686-pc-cygwin/4.9.2/:/usr/lib/gcc/i686-pc-cygwin/:/usr/lib/gcc/i686-pc-cygwin/4.9.2/../../../../i686-pc-cygwin/bin/
LIBRARY_PATH=/usr/lib/gcc/i686-pc-cygwin/4.9.2/:/usr/lib/gcc/i686-pc-cygwin/4.9.2/../../../../i686-pc-cygwin/lib/:/usr/lib/gcc/i686-pc-cygwin/4.9.2/../../../:/lib/:/usr/lib/
COLLECT_GCC_OPTIONS='-o' 'conftest.exe' '-O3' '-fomit-frame-pointer' '-pipe' '-v' '-shared-libgcc' '-mtune=generic' '-march=i686'
 /usr/lib/gcc/i686-pc-cygwin/4.9.2/collect2.exe -plugin /usr/lib/gcc/i686-pc-cygwin/4.9.2/cyglto_plugin.dll -plugin-opt=/usr/lib/gcc/i686-pc-cygwin/4.9.2/lto-wrapper.exe -plugin-opt=-fresolution=/tmp/ccrnby6u.res -plugin-opt=-pass-through=-lgcc_s -plugin-opt=-pass-through=-lgcc -plugin-opt=-pass-through=-lquadmath -plugin-opt=-pass-through=-lm -plugin-opt=-pass-through=-lgcc_s -plugin-opt=-pass-through=-lgcc -plugin-opt=-pass-through=-lcygwin -plugin-opt=-pass-through=-ladvapi32 -plugin-opt=-pass-through=-lshell32 -plugin-opt=-pass-through=-luser32 -plugin-opt=-pass-through=-lkernel32 -plugin-opt=-pass-through=-lgcc_s -plugin-opt=-pass-through=-lgcc --build-id --wrap _Znwj --wrap _Znaj --wrap _ZdlPv --wrap _ZdaPv --wrap _ZnwjRKSt9nothrow_t --wrap _ZnajRKSt9nothrow_t --wrap _ZdlPvRKSt9nothrow_t --wrap _ZdaPvRKSt9nothrow_t -Bdynamic --dll-search-prefix=cyg --large-address-aware --tsaware -o conftest.exe /usr/lib/gcc/i686-pc-cygwin/4.9.2/../../../crt0.o /usr/lib/gcc/i686-pc-cygwin/4.9.2/crtbegin.o -L/usr/lib/gcc/i686-pc-cygwin/4.9.2 -L/usr/lib/gcc/i686-pc-cygwin/4.9.2/../../../../i686-pc-cygwin/lib -L/usr/lib/gcc/i686-pc-cygwin/4.9.2/../../.. /tmp/ccQuYx83.o -lgfortran -lgcc_s -lgcc -lquadmath -lm -lgcc_s -lgcc -lcygwin -ladvapi32 -lshell32 -luser32 -lkernel32 -lgcc_s -lgcc /usr/lib/gcc/i686-pc-cygwin/4.9.2/../../../default-manifest.o /usr/lib/gcc/i686-pc-cygwin/4.9.2/crtend.o
configure:5040: result:  -L/usr/lib/gcc/i686-pc-cygwin/4.9.2 -L/usr/lib/gcc/i686-pc-cygwin/4.9.2/../../../../i686-pc-cygwin/lib -L/usr/lib/gcc/i686-pc-cygwin/4.9.2/../../.. -lgfortran -lgcc_s -lquadmath -lm -lcygwin -ladvapi32 -lshell32 -luser32 -lkernel32
configure:5055: checking for dummy main to link with Fortran libraries
configure:5094: gcc -o conftest.exe -O3 -fomit-frame-pointer -pipe -DNDEBUG -pedantic-errors -Wimplicit -Wparentheses -Wsequence-point -Wreturn-type -Wcast-qual -Wall     conftest.c   -L/usr/lib/gcc/i686-pc-cygwin/4.9.2 -L/usr/lib/gcc/i686-pc-cygwin/4.9.2/../../../../i686-pc-cygwin/lib -L/usr/lib/gcc/i686-pc-cygwin/4.9.2/../../.. -lgfortran -lgcc_s -lquadmath -lm -lcygwin -ladvapi32 -lshell32 -luser32 -lkernel32 >&5
configure:5100: $? = 0
configure:5104: test -z 
			 || test ! -s conftest.err
configure:5107: $? = 0
configure:5110: test -s conftest.exe
configure:5113: $? = 0
configure:5191: result: none
configure:5227: checking for Fortran name-mangling scheme
configure:5241: gfortran -c -O3 -fomit-frame-pointer -pipe   conftest.f >&5
configure:5247: $? = 0
configure:5251: test -z 
			 || test ! -s conftest.err
configure:5254: $? = 0
configure:5257: test -s conftest.o
configure:5260: $? = 0
configure:5307: gcc -o conftest.exe -O3 -fomit-frame-pointer -pipe -DNDEBUG -pedantic-errors -Wimplicit -Wparentheses -Wsequence-point -Wreturn-type -Wcast-qual -Wall     conftest.c cfortran_test.o   -L/usr/lib/gcc/i686-pc-cygwin/4.9.2 -L/usr/lib/gcc/i686-pc-cygwin/4.9.2/../../../../i686-pc-cygwin/lib -L/usr/lib/gcc/i686-pc-cygwin/4.9.2/../../.. -lgfortran -lgcc_s -lquadmath -lm -lcygwin -ladvapi32 -lshell32 -luser32 -lkernel32 >&5
/tmp/ccEPkKYu.o:conftest.c:(.text.startup+0xc): undefined reference to `foobar'
collect2: error: ld returned 1 exit status
configure:5313: $? = 1
configure: failed program was:
| /* confdefs.h.  */
| 
| #define PACKAGE_NAME "CoinUtils"
| #define PACKAGE_TARNAME "coinutils"
| #define PACKAGE_VERSION "2.2.5"
| #define PACKAGE_STRING "CoinUtils 2.2.5"
| #define PACKAGE_BUGREPORT "http://projects.coin-or.org/CoinUtils"
| #define COIN_COINUTILS_VERBOSITY 0
| #define COIN_COINUTILS_CHECKLEVEL 0
| #ifdef __cplusplus
| extern "C" void exit (int);
| #endif
| /* end confdefs.h.  */
| 
| /* Override any gcc2 internal prototype to avoid an error.  */
| #ifdef __cplusplus
| extern "C"
| #endif
| /* We use char because int might match the return type of a gcc2
|    builtin and then its argument prototype would still apply.  */
| char foobar ();
| #ifdef F77_DUMMY_MAIN
| 
| #  ifdef __cplusplus
|      extern "C"
| #  endif
|    int F77_DUMMY_MAIN() { return 1; }
| 
| #endif
| int
| main ()
| {
| foobar ();
|   ;
|   return 0;
| }
configure:5307: gcc -o conftest.exe -O3 -fomit-frame-pointer -pipe -DNDEBUG -pedantic-errors -Wimplicit -Wparentheses -Wsequence-point -Wreturn-type -Wcast-qual -Wall     conftest.c cfortran_test.o   -L/usr/lib/gcc/i686-pc-cygwin/4.9.2 -L/usr/lib/gcc/i686-pc-cygwin/4.9.2/../../../../i686-pc-cygwin/lib -L/usr/lib/gcc/i686-pc-cygwin/4.9.2/../../.. -lgfortran -lgcc_s -lquadmath -lm -lcygwin -ladvapi32 -lshell32 -luser32 -lkernel32 >&5
configure:5313: $? = 0
configure:5317: test -z 
			 || test ! -s conftest.err
configure:5320: $? = 0
configure:5323: test -s conftest.exe
configure:5326: $? = 0
configure:5394: gcc -o conftest.exe -O3 -fomit-frame-pointer -pipe -DNDEBUG -pedantic-errors -Wimplicit -Wparentheses -Wsequence-point -Wreturn-type -Wcast-qual -Wall     conftest.c cfortran_test.o   -L/usr/lib/gcc/i686-pc-cygwin/4.9.2 -L/usr/lib/gcc/i686-pc-cygwin/4.9.2/../../../../i686-pc-cygwin/lib -L/usr/lib/gcc/i686-pc-cygwin/4.9.2/../../.. -lgfortran -lgcc_s -lquadmath -lm -lcygwin -ladvapi32 -lshell32 -luser32 -lkernel32 >&5
configure:5400: $? = 0
configure:5404: test -z 
			 || test ! -s conftest.err
configure:5407: $? = 0
configure:5410: test -s conftest.exe
configure:5413: $? = 0
configure:5463: result: lower case, underscore, no extra underscore
configure:5660: WARNING: On Cygwin, shared objects are not supported. I'm disabling your choice.
configure:5694: checking for egrep
configure:5704: result: grep -E
configure:5723: checking for a BSD-compatible install
configure:5778: result: /usr/bin/install -c
configure:5789: checking whether build environment is sane
configure:5832: result: yes
configure:5897: checking for gawk
configure:5913: found /usr/bin/gawk
configure:5923: result: gawk
configure:5933: checking whether make sets $(MAKE)
configure:5953: result: yes
configure:5983: checking for style of include used by make
configure:6011: result: GNU
configure:6191: checking dependency style of gcc
configure:6281: result: none
configure:6300: checking dependency style of g++
configure:6390: result: none
configure:6408: checking whether to enable maintainer-specific portions of Makefiles
configure:6417: result: no
configure:21799: Using libtool script in directory ..
configure:21894: checking cmath usability
configure:21906: g++ -c -fpermissive    conftest.cc >&5
configure:21912: $? = 0
configure:21916: test -z 
			 || test ! -s conftest.err
configure:21919: $? = 0
configure:21922: test -s conftest.o
configure:21925: $? = 0
configure:21935: result: yes
configure:21939: checking cmath presence
configure:21949: g++ -E  conftest.cc
configure:21955: $? = 0
configure:21975: result: yes
configure:22010: checking for cmath
configure:22017: result: yes
configure:22223: checking cfloat usability
configure:22235: g++ -c -fpermissive    conftest.cc >&5
configure:22241: $? = 0
configure:22245: test -z 
			 || test ! -s conftest.err
configure:22248: $? = 0
configure:22251: test -s conftest.o
configure:22254: $? = 0
configure:22264: result: yes
configure:22268: checking cfloat presence
configure:22278: g++ -E  conftest.cc
configure:22284: $? = 0
configure:22304: result: yes
configure:22339: checking for cfloat
configure:22346: result: yes
configure:22552: checking cieeefp usability
configure:22564: g++ -c -fpermissive    conftest.cc >&5
conftest.cc:65:19: fatal error: cieeefp: No such file or directory
 #include <cieeefp>
                   ^
compilation terminated.
configure:22570: $? = 1
configure: failed program was:
| /* confdefs.h.  */
| 
| #define PACKAGE_NAME "CoinUtils"
| #define PACKAGE_TARNAME "coinutils"
| #define PACKAGE_VERSION "2.2.5"
| #define PACKAGE_STRING "CoinUtils 2.2.5"
| #define PACKAGE_BUGREPORT "http://projects.coin-or.org/CoinUtils"
| #define COIN_COINUTILS_VERBOSITY 0
| #define COIN_COINUTILS_CHECKLEVEL 0
| #ifdef __cplusplus
| extern "C" void exit (int);
| #endif
| #define F77_FUNC(name,NAME) name ## _
| #define F77_FUNC_(name,NAME) name ## _
| #define PACKAGE "coinutils"
| #define VERSION "2.2.5"
| #define STDC_HEADERS 1
| #define HAVE_SYS_TYPES_H 1
| #define HAVE_SYS_STAT_H 1
| #define HAVE_STDLIB_H 1
| #define HAVE_STRING_H 1
| #define HAVE_MEMORY_H 1
| #define HAVE_STRINGS_H 1
| #define HAVE_INTTYPES_H 1
| #define HAVE_STDINT_H 1
| #define HAVE_UNISTD_H 1
| #define HAVE_DLFCN_H 1
| #define HAVE_CMATH 1
| #define HAVE_CFLOAT 1
| /* end confdefs.h.  */
| #include <stdio.h>
| #if HAVE_SYS_TYPES_H
| # include <sys/types.h>
| #endif
| #if HAVE_SYS_STAT_H
| # include <sys/stat.h>
| #endif
| #if STDC_HEADERS
| # include <stdlib.h>
| # include <stddef.h>
| #else
| # if HAVE_STDLIB_H
| #  include <stdlib.h>
| # endif
| #endif
| #if HAVE_STRING_H
| # if !STDC_HEADERS && HAVE_MEMORY_H
| #  include <memory.h>
| # endif
| # include <string.h>
| #endif
| #if HAVE_STRINGS_H
| # include <strings.h>
| #endif
| #if HAVE_INTTYPES_H
| # include <inttypes.h>
| #else
| # if HAVE_STDINT_H
| #  include <stdint.h>
| # endif
| #endif
| #if HAVE_UNISTD_H
| # include <unistd.h>
| #endif
| #include <cieeefp>
configure:22593: result: no
configure:22597: checking cieeefp presence
configure:22607: g++ -E  conftest.cc
conftest.cc:31:19: fatal error: cieeefp: No such file or directory
 #include <cieeefp>
                   ^
compilation terminated.
configure:22613: $? = 1
configure: failed program was:
| /* confdefs.h.  */
| 
| #define PACKAGE_NAME "CoinUtils"
| #define PACKAGE_TARNAME "coinutils"
| #define PACKAGE_VERSION "2.2.5"
| #define PACKAGE_STRING "CoinUtils 2.2.5"
| #define PACKAGE_BUGREPORT "http://projects.coin-or.org/CoinUtils"
| #define COIN_COINUTILS_VERBOSITY 0
| #define COIN_COINUTILS_CHECKLEVEL 0
| #ifdef __cplusplus
| extern "C" void exit (int);
| #endif
| #define F77_FUNC(name,NAME) name ## _
| #define F77_FUNC_(name,NAME) name ## _
| #define PACKAGE "coinutils"
| #define VERSION "2.2.5"
| #define STDC_HEADERS 1
| #define HAVE_SYS_TYPES_H 1
| #define HAVE_SYS_STAT_H 1
| #define HAVE_STDLIB_H 1
| #define HAVE_STRING_H 1
| #define HAVE_MEMORY_H 1
| #define HAVE_STRINGS_H 1
| #define HAVE_INTTYPES_H 1
| #define HAVE_STDINT_H 1
| #define HAVE_UNISTD_H 1
| #define HAVE_DLFCN_H 1
| #define HAVE_CMATH 1
| #define HAVE_CFLOAT 1
| /* end confdefs.h.  */
| #include <cieeefp>
configure:22633: result: no
configure:22668: checking for cieeefp
configure:22675: result: no
configure:22710: checking ieeefp.h usability
configure:22722: g++ -c -fpermissive    conftest.cc >&5
configure:22728: $? = 0
configure:22732: test -z 
			 || test ! -s conftest.err
configure:22735: $? = 0
configure:22738: test -s conftest.o
configure:22741: $? = 0
configure:22751: result: yes
configure:22755: checking ieeefp.h presence
configure:22765: g++ -E  conftest.cc
configure:22771: $? = 0
configure:22791: result: yes
configure:22826: checking for ieeefp.h
configure:22833: result: yes
configure:22881: checking cassert usability
configure:22893: g++ -c -fpermissive    conftest.cc >&5
configure:22899: $? = 0
configure:22903: test -z 
			 || test ! -s conftest.err
configure:22906: $? = 0
configure:22909: test -s conftest.o
configure:22912: $? = 0
configure:22922: result: yes
configure:22926: checking cassert presence
configure:22936: g++ -E  conftest.cc
configure:22942: $? = 0
configure:22962: result: yes
configure:22997: checking for cassert
configure:23004: result: yes
configure:23189: checking whether finite is declared
configure:23243: g++ -c -fpermissive    conftest.cc >&5
configure:23249: $? = 0
configure:23253: test -z 
			 || test ! -s conftest.err
configure:23256: $? = 0
configure:23259: test -s conftest.o
configure:23262: $? = 0
configure:23273: result: yes
configure:23478: checking whether isnan is declared
configure:23532: g++ -c -fpermissive    conftest.cc >&5
configure:23538: $? = 0
configure:23542: test -z 
			 || test ! -s conftest.err
configure:23545: $? = 0
configure:23548: test -s conftest.o
configure:23551: $? = 0
configure:23562: result: yes
configure:24121: checking cinttypes usability
configure:24133: g++ -c -fpermissive    conftest.cc >&5
In file included from /usr/lib/gcc/i686-pc-cygwin/4.9.2/include/c++/cinttypes:35:0,
                 from conftest.cc:70:
/usr/lib/gcc/i686-pc-cygwin/4.9.2/include/c++/bits/c++0x_warning.h:32:2: error: #error This file requires compiler and library support for the ISO C++ 2011 standard. This support is currently experimental, and must be enabled with the -std=c++11 or -std=gnu++11 compiler options.
 #error This file requires compiler and library support for the \
  ^
configure:24139: $? = 1
configure: failed program was:
| /* confdefs.h.  */
| 
| #define PACKAGE_NAME "CoinUtils"
| #define PACKAGE_TARNAME "coinutils"
| #define PACKAGE_VERSION "2.2.5"
| #define PACKAGE_STRING "CoinUtils 2.2.5"
| #define PACKAGE_BUGREPORT "http://projects.coin-or.org/CoinUtils"
| #define COIN_COINUTILS_VERBOSITY 0
| #define COIN_COINUTILS_CHECKLEVEL 0
| #ifdef __cplusplus
| extern "C" void exit (int);
| #endif
| #define F77_FUNC(name,NAME) name ## _
| #define F77_FUNC_(name,NAME) name ## _
| #define PACKAGE "coinutils"
| #define VERSION "2.2.5"
| #define STDC_HEADERS 1
| #define HAVE_SYS_TYPES_H 1
| #define HAVE_SYS_STAT_H 1
| #define HAVE_STDLIB_H 1
| #define HAVE_STRING_H 1
| #define HAVE_MEMORY_H 1
| #define HAVE_STRINGS_H 1
| #define HAVE_INTTYPES_H 1
| #define HAVE_STDINT_H 1
| #define HAVE_UNISTD_H 1
| #define HAVE_DLFCN_H 1
| #define HAVE_CMATH 1
| #define HAVE_CFLOAT 1
| #define HAVE_IEEEFP_H 1
| #define HAVE_CASSERT 1
| #define MY_C_FINITE finite
| #define MY_C_ISNAN isnan
| #define COINUTILS_MEMPOOL_MAXPOOLED -1
| /* end confdefs.h.  */
| #include <stdio.h>
| #if HAVE_SYS_TYPES_H
| # include <sys/types.h>
| #endif
| #if HAVE_SYS_STAT_H
| # include <sys/stat.h>
| #endif
| #if STDC_HEADERS
| # include <stdlib.h>
| # include <stddef.h>
| #else
| # if HAVE_STDLIB_H
| #  include <stdlib.h>
| # endif
| #endif
| #if HAVE_STRING_H
| # if !STDC_HEADERS && HAVE_MEMORY_H
| #  include <memory.h>
| # endif
| # include <string.h>
| #endif
| #if HAVE_STRINGS_H
| # include <strings.h>
| #endif
| #if HAVE_INTTYPES_H
| # include <inttypes.h>
| #else
| # if HAVE_STDINT_H
| #  include <stdint.h>
| # endif
| #endif
| #if HAVE_UNISTD_H
| # include <unistd.h>
| #endif
| #include <cinttypes>
configure:24162: result: no
configure:24166: checking cinttypes presence
configure:24176: g++ -E  conftest.cc
In file included from /usr/lib/gcc/i686-pc-cygwin/4.9.2/include/c++/cinttypes:35:0,
                 from conftest.cc:36:
/usr/lib/gcc/i686-pc-cygwin/4.9.2/include/c++/bits/c++0x_warning.h:32:2: error: #error This file requires compiler and library support for the ISO C++ 2011 standard. This support is currently experimental, and must be enabled with the -std=c++11 or -std=gnu++11 compiler options.
 #error This file requires compiler and library support for the \
  ^
configure:24182: $? = 1
configure: failed program was:
| /* confdefs.h.  */
| 
| #define PACKAGE_NAME "CoinUtils"
| #define PACKAGE_TARNAME "coinutils"
| #define PACKAGE_VERSION "2.2.5"
| #define PACKAGE_STRING "CoinUtils 2.2.5"
| #define PACKAGE_BUGREPORT "http://projects.coin-or.org/CoinUtils"
| #define COIN_COINUTILS_VERBOSITY 0
| #define COIN_COINUTILS_CHECKLEVEL 0
| #ifdef __cplusplus
| extern "C" void exit (int);
| #endif
| #define F77_FUNC(name,NAME) name ## _
| #define F77_FUNC_(name,NAME) name ## _
| #define PACKAGE "coinutils"
| #define VERSION "2.2.5"
| #define STDC_HEADERS 1
| #define HAVE_SYS_TYPES_H 1
| #define HAVE_SYS_STAT_H 1
| #define HAVE_STDLIB_H 1
| #define HAVE_STRING_H 1
| #define HAVE_MEMORY_H 1
| #define HAVE_STRINGS_H 1
| #define HAVE_INTTYPES_H 1
| #define HAVE_STDINT_H 1
| #define HAVE_UNISTD_H 1
| #define HAVE_DLFCN_H 1
| #define HAVE_CMATH 1
| #define HAVE_CFLOAT 1
| #define HAVE_IEEEFP_H 1
| #define HAVE_CASSERT 1
| #define MY_C_FINITE finite
| #define MY_C_ISNAN isnan
| #define COINUTILS_MEMPOOL_MAXPOOLED -1
| /* end confdefs.h.  */
| #include <cinttypes>
configure:24202: result: no
configure:24237: checking for cinttypes
configure:24244: result: no
configure:24279: checking inttypes.h usability
configure:24291: g++ -c -fpermissive    conftest.cc >&5
configure:24297: $? = 0
configure:24301: test -z 
			 || test ! -s conftest.err
configure:24304: $? = 0
configure:24307: test -s conftest.o
configure:24310: $? = 0
configure:24320: result: yes
configure:24324: checking inttypes.h presence
configure:24334: g++ -E  conftest.cc
configure:24340: $? = 0
configure:24360: result: yes
configure:24395: checking for inttypes.h
configure:24402: result: yes
configure:24433: checking for int64_t
configure:24474: g++ -c -fpermissive    conftest.cc >&5
configure:24480: $? = 0
configure:24484: test -z 
			 || test ! -s conftest.err
configure:24487: $? = 0
configure:24490: test -s conftest.o
configure:24493: $? = 0
configure:24504: result: yes
configure:25984: checking for intptr_t
configure:26025: g++ -c -fpermissive    conftest.cc >&5
configure:26031: $? = 0
configure:26035: test -z 
			 || test ! -s conftest.err
configure:26038: $? = 0
configure:26041: test -s conftest.o
configure:26044: $? = 0
configure:26055: result: yes
configure:27990: checking for COIN project CoinUtils
configure:28045: result: .
configure:28070: checking if user provides library for Gmpl
configure:28115: result: no
configure:30173: checking whether -lblas has BLAS
configure:30441: g++ -o conftest.exe -fpermissive     conftest.cc -lblas  >&5
configure:30447: $? = 0
configure:30451: test -z 
			 || test ! -s conftest.err
configure:30454: $? = 0
configure:30457: test -s conftest.exe
configure:30460: $? = 0
configure:30473: result: yes
configure:31020: checking whether LAPACK is already available with BLAS library
configure:31278: g++ -o conftest.exe -fpermissive     conftest.cc -lblas  >&5
/tmp/ccPxsXTv.o:conftest.cc:(.text+0xc): undefined reference to `dsyev_'
collect2: error: ld returned 1 exit status
configure:31284: $? = 1
configure: failed program was:
| /* confdefs.h.  */
| 
| #define PACKAGE_NAME "CoinUtils"
| #define PACKAGE_TARNAME "coinutils"
| #define PACKAGE_VERSION "2.2.5"
| #define PACKAGE_STRING "CoinUtils 2.2.5"
| #define PACKAGE_BUGREPORT "http://projects.coin-or.org/CoinUtils"
| #define COIN_COINUTILS_VERBOSITY 0
| #define COIN_COINUTILS_CHECKLEVEL 0
| #ifdef __cplusplus
| extern "C" void exit (int);
| #endif
| #define F77_FUNC(name,NAME) name ## _
| #define F77_FUNC_(name,NAME) name ## _
| #define PACKAGE "coinutils"
| #define VERSION "2.2.5"
| #define STDC_HEADERS 1
| #define HAVE_SYS_TYPES_H 1
| #define HAVE_SYS_STAT_H 1
| #define HAVE_STDLIB_H 1
| #define HAVE_STRING_H 1
| #define HAVE_MEMORY_H 1
| #define HAVE_STRINGS_H 1
| #define HAVE_INTTYPES_H 1
| #define HAVE_STDINT_H 1
| #define HAVE_UNISTD_H 1
| #define HAVE_DLFCN_H 1
| #define HAVE_CMATH 1
| #define HAVE_CFLOAT 1
| #define HAVE_IEEEFP_H 1
| #define HAVE_CASSERT 1
| #define MY_C_FINITE finite
| #define MY_C_ISNAN isnan
| #define COINUTILS_MEMPOOL_MAXPOOLED -1
| #define HAVE_INTTYPES_H 1
| #define COIN_INT64_T int64_t
| #define COIN_UINT64_T int64_t
| #define COIN_INTPTR_T intptr_t
| #define COIN_HAS_COINUTILS 1
| #define COIN_HAS_BLAS 1
| /* end confdefs.h.  */
| extern "C" {void dsyev_();}
| #ifdef F77_DUMMY_MAIN
| 
| #  ifdef __cplusplus
|      extern "C"
| #  endif
|    int F77_DUMMY_MAIN() { return 1; }
| 
| #endif
| int
| main ()
| {
| dsyev_()
|   ;
|   return 0;
| }
configure:31340: g++ -o conftest.exe -fpermissive     conftest.cc -lblas   -L/usr/lib/gcc/i686-pc-cygwin/4.9.2 -L/usr/lib/gcc/i686-pc-cygwin/4.9.2/../../../../i686-pc-cygwin/lib -L/usr/lib/gcc/i686-pc-cygwin/4.9.2/../../.. -lgfortran -lgcc_s -lquadmath -lm -lcygwin -ladvapi32 -lshell32 -luser32 -lkernel32 >&5
/tmp/ccATcIXz.o:conftest.cc:(.text+0xc): undefined reference to `dsyev_'
collect2: error: ld returned 1 exit status
configure:31346: $? = 1
configure: failed program was:
| /* confdefs.h.  */
| 
| #define PACKAGE_NAME "CoinUtils"
| #define PACKAGE_TARNAME "coinutils"
| #define PACKAGE_VERSION "2.2.5"
| #define PACKAGE_STRING "CoinUtils 2.2.5"
| #define PACKAGE_BUGREPORT "http://projects.coin-or.org/CoinUtils"
| #define COIN_COINUTILS_VERBOSITY 0
| #define COIN_COINUTILS_CHECKLEVEL 0
| #ifdef __cplusplus
| extern "C" void exit (int);
| #endif
| #define F77_FUNC(name,NAME) name ## _
| #define F77_FUNC_(name,NAME) name ## _
| #define PACKAGE "coinutils"
| #define VERSION "2.2.5"
| #define STDC_HEADERS 1
| #define HAVE_SYS_TYPES_H 1
| #define HAVE_SYS_STAT_H 1
| #define HAVE_STDLIB_H 1
| #define HAVE_STRING_H 1
| #define HAVE_MEMORY_H 1
| #define HAVE_STRINGS_H 1
| #define HAVE_INTTYPES_H 1
| #define HAVE_STDINT_H 1
| #define HAVE_UNISTD_H 1
| #define HAVE_DLFCN_H 1
| #define HAVE_CMATH 1
| #define HAVE_CFLOAT 1
| #define HAVE_IEEEFP_H 1
| #define HAVE_CASSERT 1
| #define MY_C_FINITE finite
| #define MY_C_ISNAN isnan
| #define COINUTILS_MEMPOOL_MAXPOOLED -1
| #define HAVE_INTTYPES_H 1
| #define COIN_INT64_T int64_t
| #define COIN_UINT64_T int64_t
| #define COIN_INTPTR_T intptr_t
| #define COIN_HAS_COINUTILS 1
| #define COIN_HAS_BLAS 1
| /* end confdefs.h.  */
| extern "C" {void dsyev_();}
| #ifdef F77_DUMMY_MAIN
| 
| #  ifdef __cplusplus
|      extern "C"
| #  endif
|    int F77_DUMMY_MAIN() { return 1; }
| 
| #endif
| int
| main ()
| {
| dsyev_()
|   ;
|   return 0;
| }
configure:31370: result: no
configure:32171: checking whether -llapack has LAPACK
configure:32439: g++ -o conftest.exe -fpermissive     conftest.cc -llapack -lblas  >&5
configure:32445: $? = 0
configure:32449: test -z 
			 || test ! -s conftest.err
configure:32452: $? = 0
configure:32455: test -s conftest.exe
configure:32458: $? = 0
configure:32471: result: yes
configure:33161: checking which command should be used to link input files
configure:33171: result: ln -s
configure:33449: creating ./config.status

## ---------------------- ##
## Running config.status. ##
## ---------------------- ##

This file was extended by CoinUtils config.status 2.2.5, which was
generated by GNU Autoconf 2.59.  Invocation command line was

  CONFIG_FILES    = 
  CONFIG_HEADERS  = 
  CONFIG_LINKS    = 
  CONFIG_COMMANDS = 
  $ ./config.status 

on mike-PC

config.status:784: creating Makefile
config.status:784: creating src/Makefile
config.status:784: creating test/Makefile
config.status:784: creating coinutils_addlibs.txt
config.status:881: creating inc/config_coinutils.h
config.status:1025: inc/config_coinutils.h is unchanged
config.status:1205: executing depfiles commands
configure:34885: Configuration of CoinUtils successful

## ---------------- ##
## Cache variables. ##
## ---------------- ##

ac_cv_build=i686-pc-cygwin
ac_cv_build_alias=i686-pc-cygwin
ac_cv_c_compiler_gnu=yes
ac_cv_cxx_compiler_gnu=yes
ac_cv_env_ADD_CFLAGS_set=
ac_cv_env_ADD_CFLAGS_value=
ac_cv_env_ADD_CXXFLAGS_set=
ac_cv_env_ADD_CXXFLAGS_value=
ac_cv_env_ADD_FFLAGS_set=
ac_cv_env_ADD_FFLAGS_value=
ac_cv_env_CC_set=
ac_cv_env_CC_value=
ac_cv_env_CDEFS_set=
ac_cv_env_CDEFS_value=
ac_cv_env_CFLAGS_set=
ac_cv_env_CFLAGS_value=
ac_cv_env_CPPFLAGS_set=
ac_cv_env_CPPFLAGS_value=
ac_cv_env_CPP_set=
ac_cv_env_CPP_value=
ac_cv_env_CXXCPP_set=
ac_cv_env_CXXCPP_value=
ac_cv_env_CXXDEFS_set=
ac_cv_env_CXXDEFS_value=
ac_cv_env_CXXFLAGS_set=set
ac_cv_env_CXXFLAGS_value=-fpermissive
ac_cv_env_CXX_set=
ac_cv_env_CXX_value=
ac_cv_env_DBG_CFLAGS_set=
ac_cv_env_DBG_CFLAGS_value=
ac_cv_env_DBG_CXXFLAGS_set=
ac_cv_env_DBG_CXXFLAGS_value=
ac_cv_env_DBG_FFLAGS_set=
ac_cv_env_DBG_FFLAGS_value=
ac_cv_env_F77_set=
ac_cv_env_F77_value=
ac_cv_env_FFLAGS_set=
ac_cv_env_FFLAGS_value=
ac_cv_env_LDFLAGS_set=
ac_cv_env_LDFLAGS_value=
ac_cv_env_MPICC_set=
ac_cv_env_MPICC_value=
ac_cv_env_MPICXX_set=
ac_cv_env_MPICXX_value=
ac_cv_env_MPIF77_set=
ac_cv_env_MPIF77_value=
ac_cv_env_OPT_CFLAGS_set=
ac_cv_env_OPT_CFLAGS_value=
ac_cv_env_OPT_CXXFLAGS_set=
ac_cv_env_OPT_CXXFLAGS_value=
ac_cv_env_OPT_FFLAGS_set=
ac_cv_env_OPT_FFLAGS_value=
ac_cv_env_build_alias_set=
ac_cv_env_build_alias_value=
ac_cv_env_host_alias_set=
ac_cv_env_host_alias_value=
ac_cv_env_target_alias_set=
ac_cv_env_target_alias_value=
ac_cv_exeext=.exe
ac_cv_f77_compiler_gnu=yes
ac_cv_f77_dummy_main=none
ac_cv_f77_libs=' -L/usr/lib/gcc/i686-pc-cygwin/4.9.2 -L/usr/lib/gcc/i686-pc-cygwin/4.9.2/../../../../i686-pc-cygwin/lib -L/usr/lib/gcc/i686-pc-cygwin/4.9.2/../../.. -lgfortran -lgcc_s -lquadmath -lm -lcygwin -ladvapi32 -lshell32 -luser32 -lkernel32'
ac_cv_f77_mangling='lower case, underscore, no extra underscore'
ac_cv_fortran_dummy_main=none
ac_cv_have_decl_finite=yes
ac_cv_have_decl_isnan=yes
ac_cv_header_cassert=yes
ac_cv_header_cfloat=yes
ac_cv_header_cieeefp=no
ac_cv_header_cinttypes=no
ac_cv_header_cmath=yes
ac_cv_header_ieeefp_h=yes
ac_cv_header_inttypes_h=yes
ac_cv_objext=o
ac_cv_path_install='/usr/bin/install -c'
ac_cv_prog_AWK=gawk
ac_cv_prog_F77=gfortran
ac_cv_prog_ac_ct_CC=gcc
ac_cv_prog_ac_ct_CXX=g++
ac_cv_prog_cc_g=yes
ac_cv_prog_cc_stdc=
ac_cv_prog_cxx_g=yes
ac_cv_prog_egrep='grep -E'
ac_cv_prog_f77_g=yes
ac_cv_prog_f77_v=-v
ac_cv_prog_make_make_set=yes
ac_cv_type_int64_t=yes
ac_cv_type_intptr_t=yes
am_cv_CC_dependencies_compiler_type=none
am_cv_CXX_dependencies_compiler_type=none

## ----------------- ##
## Output variables. ##
## ----------------- ##

ACLOCAL='${SHELL} /Bcp-1.1.3/missing --run aclocal-1.9'
ADDLIBS='-llapack -lblas -lm '
ADD_CFLAGS=''
ADD_CXXFLAGS=''
ADD_FFLAGS=''
ALWAYS_FALSE_FALSE=''
ALWAYS_FALSE_TRUE='#'
AMDEPBACKSLASH=''
AMDEP_FALSE=''
AMDEP_TRUE='#'
AMTAR='${SHELL} /Bcp-1.1.3/missing --run tar'
AR='ar'
ASLLIB=''
ASL_CPPFLAGS=''
AUTOCONF='${SHELL} /Bcp-1.1.3/missing --run autoconf'
AUTOHEADER='${SHELL} /Bcp-1.1.3/missing --run autoheader'
AUTOMAKE='${SHELL} /Bcp-1.1.3/missing --run automake-1.9'
AUX_DIR=''
AWK='gawk'
BUILDTOOLSDIR=''
CC='gcc'
CCDEPMODE='depmode=none'
CDEFS=''
CFLAGS='-O3 -fomit-frame-pointer -pipe -DNDEBUG -pedantic-errors -Wimplicit -Wparentheses -Wsequence-point -Wreturn-type -Wcast-qual -Wall  '
COINUTILSDOCDIR='/Bcp-1.1.3/build32/lib/../share/doc/coin/CoinUtils'
COINUTILSOBJDIR='/Bcp-1.1.3/build32/CoinUtils/.'
COINUTILSSRCDIR='/Bcp-1.1.3/CoinUtils'
COINUTILS_LIBADD=''
COIN_BUILD_BLAS_FALSE=''
COIN_BUILD_BLAS_TRUE='#'
COIN_BUILD_GLPK_FALSE=''
COIN_BUILD_GLPK_TRUE='#'
COIN_BUILD_LAPACK_FALSE=''
COIN_BUILD_LAPACK_TRUE='#'
COIN_HAS_ASL_FALSE=''
COIN_HAS_ASL_TRUE='#'
COIN_HAS_BLAS_FALSE='#'
COIN_HAS_BLAS_TRUE=''
COIN_HAS_COINUTILS_FALSE='#'
COIN_HAS_COINUTILS_TRUE=''
COIN_HAS_GMPL_FALSE=''
COIN_HAS_GMPL_TRUE='#'
COIN_HAS_LAPACK_FALSE='#'
COIN_HAS_LAPACK_TRUE=''
COIN_HAS_ZLIB_FALSE=''
COIN_HAS_ZLIB_TRUE='#'
CPP='gcc -E'
CPPFLAGS=''
CXX='g++'
CXXCPP='g++ -E'
CXXDEFS=''
CXXDEPMODE='depmode=none'
CXXFLAGS='-fpermissive  '
CYGPATH_W='cygpath -w'
DBG_CFLAGS='-g -pipe -pedantic-errors -Wimplicit -Wparentheses -Wsequence-point -Wreturn-type -Wcast-qual -Wall  '
DBG_CXXFLAGS='-fpermissive  '
DBG_FFLAGS='-g -pipe  '
DEFS='-DHAVE_CONFIG_H'
DEPDIR='.deps'
ECHO='echo'
ECHO_C=''
ECHO_N='-n'
ECHO_T=''
EGREP='grep -E'
EXEEXT='.exe'
F77='gfortran'
FADDLIBS='-llapack -lblas -lm '
FFLAGS='-O3 -fomit-frame-pointer -pipe  '
FLIBS=' -L/usr/lib/gcc/i686-pc-cygwin/4.9.2 -L/usr/lib/gcc/i686-pc-cygwin/4.9.2/../../../../i686-pc-cygwin/lib -L/usr/lib/gcc/i686-pc-cygwin/4.9.2/../../.. -lgfortran -lgcc_s -lquadmath -lm -lcygwin -ladvapi32 -lshell32 -luser32 -lkernel32'
GMPLINCDIR=''
GMPLLIB=''
HAVE_EXTERNALS_FALSE=''
HAVE_EXTERNALS_TRUE='#'
INSTALL_DATA='${INSTALL} -m 644'
INSTALL_PROGRAM='${INSTALL}'
INSTALL_SCRIPT='${INSTALL}'
INSTALL_STRIP_PROGRAM='${SHELL} $(install_sh) -c -s'
LDFLAGS=''
LIBEXT='a'
LIBOBJS=''
LIBS='-llapack -lblas '
LIBTOOL='$(SHELL) $(top_builddir)/../libtool'
LIBTOOLM4=''
LN_S='ln -s'
LTLIBOBJS=''
LT_LDFLAGS=''
MAINT='#'
MAINTAINER_MODE_FALSE=''
MAINTAINER_MODE_TRUE='#'
MAKEINFO='${SHELL} /Bcp-1.1.3/missing --run makeinfo'
MPICC=''
MPICXX=''
MPIF77=''
OBJEXT='o'
OPT_CFLAGS='-O3 -fomit-frame-pointer -pipe -DNDEBUG -pedantic-errors -Wimplicit -Wparentheses -Wsequence-point -Wreturn-type -Wcast-qual -Wall  '
OPT_CXXFLAGS='-fpermissive  '
OPT_FFLAGS='-O3 -fomit-frame-pointer -pipe  '
PACKAGE='coinutils'
PACKAGE_BUGREPORT='http://projects.coin-or.org/CoinUtils'
PACKAGE_NAME='CoinUtils'
PACKAGE_STRING='CoinUtils 2.2.5'
PACKAGE_TARNAME='coinutils'
PACKAGE_VERSION='2.2.5'
PATH_SEPARATOR=':'
RANLIB='ranlib'
RPATH_FLAGS=''
SET_MAKE=''
SHELL='/bin/sh'
STRIP='strip'
VERSION='2.2.5'
VPATH_DISTCLEANFILES=''
abs_bin_dir='/Bcp-1.1.3/build32/bin'
abs_include_dir='/Bcp-1.1.3/build32/include'
abs_lib_dir='/Bcp-1.1.3/build32/lib'
abs_source_dir='/Bcp-1.1.3/CoinUtils'
ac_c_preproc_warn_flag=''
ac_ct_AR='ar'
ac_ct_CC='gcc'
ac_ct_CXX='g++'
ac_ct_F77=''
ac_ct_RANLIB='ranlib'
ac_ct_STRIP='strip'
ac_cxx_preproc_warn_flag=''
am__fastdepCC_FALSE=''
am__fastdepCC_TRUE='#'
am__fastdepCXX_FALSE=''
am__fastdepCXX_TRUE='#'
am__include='include'
am__leading_dot='.'
am__quote=''
am__tar='${AMTAR} chof - "$$tardir"'
am__untar='${AMTAR} xf -'
bindir='${exec_prefix}/bin'
build='i686-pc-cygwin'
build_alias=''
build_cpu='i686'
build_os='cygwin'
build_vendor='pc'
datadir='${prefix}/share'
exec_prefix='${prefix}'
have_autoconf=''
have_automake=''
have_svn=''
host='i686-pc-cygwin'
host_alias=''
host_cpu='i686'
host_os='cygwin'
host_vendor='pc'
includedir='${prefix}/include'
infodir='${prefix}/info'
install_sh='/Bcp-1.1.3/install-sh'
libdir='${exec_prefix}/lib'
libexecdir='${exec_prefix}/libexec'
localstatedir='${prefix}/var'
mandir='${prefix}/man'
mkdir_p='mkdir -p --'
oldincludedir='/usr/include'
prefix='/Bcp-1.1.3/build32'
program_transform_name='s,x,x,'
sbindir='${exec_prefix}/sbin'
sharedstatedir='${prefix}/com'
sol_cc_compiler=''
sysconfdir='${prefix}/etc'
target_alias=''

## ----------- ##
## confdefs.h. ##
## ----------- ##

#define COINUTILS_MEMPOOL_MAXPOOLED -1
#define COIN_COINUTILS_CHECKLEVEL 0
#define COIN_COINUTILS_VERBOSITY 0
#define COIN_HAS_BLAS 1
#define COIN_HAS_COINUTILS 1
#define COIN_HAS_LAPACK 1
#define COIN_INT64_T int64_t
#define COIN_INTPTR_T intptr_t
#define COIN_UINT64_T int64_t
#define F77_FUNC(name,NAME) name ## _
#define F77_FUNC_(name,NAME) name ## _
#define HAVE_CASSERT 1
#define HAVE_CFLOAT 1
#define HAVE_CMATH 1
#define HAVE_DLFCN_H 1
#define HAVE_IEEEFP_H 1
#define HAVE_INTTYPES_H 1
#define HAVE_INTTYPES_H 1
#define HAVE_MEMORY_H 1
#define HAVE_STDINT_H 1
#define HAVE_STDLIB_H 1
#define HAVE_STRINGS_H 1
#define HAVE_STRING_H 1
#define HAVE_SYS_STAT_H 1
#define HAVE_SYS_TYPES_H 1
#define HAVE_UNISTD_H 1
#define MY_C_FINITE finite
#define MY_C_ISNAN isnan
#define PACKAGE "coinutils"
#define PACKAGE_BUGREPORT "http://projects.coin-or.org/CoinUtils"
#define PACKAGE_NAME "CoinUtils"
#define PACKAGE_STRING "CoinUtils 2.2.5"
#define PACKAGE_TARNAME "coinutils"
#define PACKAGE_VERSION "2.2.5"
#define STDC_HEADERS 1
#define VERSION "2.2.5"
#endif
#ifdef __cplusplus
extern "C" void exit (int);

configure: exit 0
