This file contains any messages produced by compilers while
running configure, to aid debugging if configure makes a mistake.

It was created by Bcp configure 1.1.3, which was
generated by GNU Autoconf 2.59.  Invocation command line was

  $ ../../Bcp/configure --prefix=/Bcp-1.1.3/build32 --enable-shared --enable-static --disable-dependency-tracking CXXFLAGS=-fpermissive --cache-file=/dev/null --srcdir=../../Bcp

## --------- ##
## Platform. ##
## --------- ##

hostname = mike-PC
uname -m = i686
uname -r = 1.7.34(0.285/5/3)
uname -s = CYGWIN_NT-6.1-WOW
uname -v = 2015-02-04 12:12

/usr/bin/uname -p = unknown
/bin/uname -X     = unknown

/bin/arch              = i686
/usr/bin/arch -k       = unknown
/usr/convex/getsysinfo = unknown
hostinfo               = unknown
/bin/machine           = unknown
/usr/bin/oslevel       = unknown
/bin/universe          = unknown

PATH: /usr/local/bin
PATH: /usr/bin
PATH: /cygdrive/c/ProgramData/Oracle/Java/javapath
PATH: /cygdrive/c/Program Files (x86)/PC Connectivity Solution
PATH: /cygdrive/c/Program Files (x86)/Common Files/Microsoft Shared/Windows Live
PATH: /cygdrive/c/Program Files (x86)/NVIDIA Corporation/PhysX/Common
PATH: /cygdrive/c/Program Files (x86)/AMD APP/bin/x86_64
PATH: /cygdrive/c/Program Files (x86)/AMD APP/bin/x86
PATH: /cygdrive/c/Program Files (x86)/Intel/iCLS Client
PATH: /cygdrive/c/Program Files/Intel/iCLS Client
PATH: /cygdrive/c/Windows/system32
PATH: /cygdrive/c/Windows
PATH: /cygdrive/c/Windows/System32/Wbem
PATH: /cygdrive/c/Windows/System32/WindowsPowerShell/v1.0
PATH: /cygdrive/c/Program Files/Intel/Intel(R) Management Engine Components/DAL
PATH: /cygdrive/c/Program Files/Intel/Intel(R) Management Engine Components/IPT
PATH: /cygdrive/c/Program Files (x86)/Intel/Intel(R) Management Engine Components/DAL
PATH: /cygdrive/c/Program Files (x86)/Intel/Intel(R) Management Engine Components/IPT
PATH: /cygdrive/c/Program Files (x86)/ATI Technologies/ATI.ACE/Core-Static
PATH: /cygdrive/c/Users/mike/AppData/Local/Smartbar/Application
PATH: /cygdrive/c/Users/mike/AppData/Local/Smartbar/Application
PATH: /cygdrive/c/Program Files/Common Files/Microsoft Shared/Windows Live
PATH: /cygdrive/c/Program Files (x86)/OpenVPN/bin
PATH: /usr/lib/lapack


## ----------- ##
## Core tests. ##
## ----------- ##

configure:1642: checking build system type
configure:1660: result: i686-pc-cygwin
configure:1701: checking whether we want to compile in debug mode
configure:1748: result: no
configure:2010: checking for gcc
configure:2026: found /usr/bin/gcc
configure:2036: result: gcc
configure:2057: checking for C compiler version
configure:2060: gcc --version </dev/null >&5
gcc (GCC) 4.9.2
Copyright (C) 2014 Free Software Foundation, Inc.
This is free software; see the source for copying conditions.  There is NO
warranty; not even for MERCHANTABILITY or FITNESS FOR A PARTICULAR PURPOSE.

configure:2063: $? = 0
configure:2065: gcc -v </dev/null >&5
Using built-in specs.
COLLECT_GCC=gcc
COLLECT_LTO_WRAPPER=/usr/lib/gcc/i686-pc-cygwin/4.9.2/lto-wrapper.exe
Target: i686-pc-cygwin
Configured with: /cygdrive/i/szsz/tmpp/gcc/gcc-4.9.2-2.i686/src/gcc-4.9.2/configure --srcdir=/cygdrive/i/szsz/tmpp/gcc/gcc-4.9.2-2.i686/src/gcc-4.9.2 --prefix=/usr --exec-prefix=/usr --bindir=/usr/bin --sbindir=/usr/sbin --libexecdir=/usr/libexec --datadir=/usr/share --localstatedir=/var --sysconfdir=/etc --libdir=/usr/lib --datarootdir=/usr/share --docdir=/usr/share/doc/gcc --htmldir=/usr/share/doc/gcc/html -C --build=i686-pc-cygwin --host=i686-pc-cygwin --target=i686-pc-cygwin --without-libiconv-prefix --without-libintl-prefix --libexecdir=/usr/lib --enable-shared --enable-shared-libgcc --enable-static --enable-version-specific-runtime-libs --enable-bootstrap --enable-__cxa_atexit --with-dwarf2 --with-arch=i686 --with-tune=generic --disable-sjlj-exceptions --enable-languages=ada,c,c++,fortran,java,lto,objc,obj-c++ --enable-graphite --enable-threads=posix --enable-libatomic --enable-libgomp --disable-libitm --enable-libquadmath --enable-libquadmath-support --enable-libssp --enable-libada --enable-libjava --enable-libgcj-sublibs --disable-java-awt --disable-symvers --with-ecj-jar=/usr/share/java/ecj.jar --with-gnu-ld --with-gnu-as --with-cloog-include=/usr/include/cloog-isl --without-libiconv-prefix --without-libintl-prefix --with-system-zlib --enable-linker-build-id
Thread model: posix
gcc version 4.9.2 (GCC) 
configure:2068: $? = 0
configure:2070: gcc -V </dev/null >&5
gcc: error: unrecognized command line option '-V'
gcc: fatal error: no input files
compilation terminated.
configure:2073: $? = 1
configure:2096: checking for C compiler default output file name
configure:2099: gcc    conftest.c  >&5
configure:2102: $? = 0
configure:2148: result: a.exe
configure:2153: checking whether the C compiler works
configure:2159: ./a.exe
configure:2162: $? = 0
configure:2179: result: yes
configure:2186: checking whether we are cross compiling
configure:2188: result: no
configure:2191: checking for suffix of executables
configure:2193: gcc -o conftest.exe    conftest.c  >&5
configure:2196: $? = 0
configure:2221: result: .exe
configure:2227: checking for suffix of object files
configure:2248: gcc -c   conftest.c >&5
configure:2251: $? = 0
configure:2273: result: o
configure:2277: checking whether we are using the GNU C compiler
configure:2301: gcc -c   conftest.c >&5
configure:2307: $? = 0
configure:2311: test -z 
			 || test ! -s conftest.err
configure:2314: $? = 0
configure:2317: test -s conftest.o
configure:2320: $? = 0
configure:2333: result: yes
configure:2339: checking whether gcc accepts -g
configure:2360: gcc -c -g  conftest.c >&5
configure:2366: $? = 0
configure:2370: test -z 
			 || test ! -s conftest.err
configure:2373: $? = 0
configure:2376: test -s conftest.o
configure:2379: $? = 0
configure:2390: result: yes
configure:2407: checking for gcc option to accept ANSI C
configure:2477: gcc  -c -g -O2  conftest.c >&5
configure:2483: $? = 0
configure:2487: test -z 
			 || test ! -s conftest.err
configure:2490: $? = 0
configure:2493: test -s conftest.o
configure:2496: $? = 0
configure:2514: result: none needed
configure:2532: gcc -c -g -O2  conftest.c >&5
conftest.c:2:3: error: unknown type name 'choke'
   choke me
   ^
conftest.c:2:3: error: expected '=', ',', ';', 'asm' or '__attribute__' at end of input
configure:2538: $? = 1
configure: failed program was:
| #ifndef __cplusplus
|   choke me
| #endif
configure:2986: gcc -o conftest.exe -O3 -fomit-frame-pointer -pipe -DNDEBUG -pedantic-errors -Wimplicit -Wparentheses -Wsequence-point -Wreturn-type -Wcast-qual -Wall     conftest.c  >&5
configure:2992: $? = 0
configure:2996: test -z 
			 || test ! -s conftest.err
configure:2999: $? = 0
configure:3002: test -s conftest.exe
configure:3005: $? = 0
configure:3072: C compiler options are: -O3 -fomit-frame-pointer -pipe -DNDEBUG -pedantic-errors -Wimplicit -Wparentheses -Wsequence-point -Wreturn-type -Wcast-qual -Wall  
configure:3199: checking for g++
configure:3215: found /usr/bin/g++
configure:3225: result: g++
configure:3241: checking for C++ compiler version
configure:3244: g++ --version </dev/null >&5
g++ (GCC) 4.9.2
Copyright (C) 2014 Free Software Foundation, Inc.
This is free software; see the source for copying conditions.  There is NO
warranty; not even for MERCHANTABILITY or FITNESS FOR A PARTICULAR PURPOSE.

configure:3247: $? = 0
configure:3249: g++ -v </dev/null >&5
Using built-in specs.
COLLECT_GCC=g++
COLLECT_LTO_WRAPPER=/usr/lib/gcc/i686-pc-cygwin/4.9.2/lto-wrapper.exe
Target: i686-pc-cygwin
Configured with: /cygdrive/i/szsz/tmpp/gcc/gcc-4.9.2-2.i686/src/gcc-4.9.2/configure --srcdir=/cygdrive/i/szsz/tmpp/gcc/gcc-4.9.2-2.i686/src/gcc-4.9.2 --prefix=/usr --exec-prefix=/usr --bindir=/usr/bin --sbindir=/usr/sbin --libexecdir=/usr/libexec --datadir=/usr/share --localstatedir=/var --sysconfdir=/etc --libdir=/usr/lib --datarootdir=/usr/share --docdir=/usr/share/doc/gcc --htmldir=/usr/share/doc/gcc/html -C --build=i686-pc-cygwin --host=i686-pc-cygwin --target=i686-pc-cygwin --without-libiconv-prefix --without-libintl-prefix --libexecdir=/usr/lib --enable-shared --enable-shared-libgcc --enable-static --enable-version-specific-runtime-libs --enable-bootstrap --enable-__cxa_atexit --with-dwarf2 --with-arch=i686 --with-tune=generic --disable-sjlj-exceptions --enable-languages=ada,c,c++,fortran,java,lto,objc,obj-c++ --enable-graphite --enable-threads=posix --enable-libatomic --enable-libgomp --disable-libitm --enable-libquadmath --enable-libquadmath-support --enable-libssp --enable-libada --enable-libjava --enable-libgcj-sublibs --disable-java-awt --disable-symvers --with-ecj-jar=/usr/share/java/ecj.jar --with-gnu-ld --with-gnu-as --with-cloog-include=/usr/include/cloog-isl --without-libiconv-prefix --without-libintl-prefix --with-system-zlib --enable-linker-build-id
Thread model: posix
gcc version 4.9.2 (GCC) 
configure:3252: $? = 0
configure:3254: g++ -V </dev/null >&5
g++: error: unrecognized command line option '-V'
g++: fatal error: no input files
compilation terminated.
configure:3257: $? = 1
configure:3260: checking whether we are using the GNU C++ compiler
configure:3284: g++ -c -fpermissive  conftest.cc >&5
configure:3290: $? = 0
configure:3294: test -z 
			 || test ! -s conftest.err
configure:3297: $? = 0
configure:3300: test -s conftest.o
configure:3303: $? = 0
configure:3316: result: yes
configure:3322: checking whether g++ accepts -g
configure:3343: g++ -c -g  conftest.cc >&5
configure:3349: $? = 0
configure:3353: test -z 
			 || test ! -s conftest.err
configure:3356: $? = 0
configure:3359: test -s conftest.o
configure:3362: $? = 0
configure:3373: result: yes
configure:3415: g++ -c -fpermissive  conftest.cc >&5
configure:3421: $? = 0
configure:3425: test -z 
			 || test ! -s conftest.err
configure:3428: $? = 0
configure:3431: test -s conftest.o
configure:3434: $? = 0
configure:3460: g++ -c -fpermissive  conftest.cc >&5
conftest.cc: In function 'int main()':
conftest.cc:15:9: error: 'exit' was not declared in this scope
 exit (42);
         ^
configure:3466: $? = 1
configure: failed program was:
| /* confdefs.h.  */
| 
| #define PACKAGE_NAME "Bcp"
| #define PACKAGE_TARNAME "bcp"
| #define PACKAGE_VERSION "1.1.3"
| #define PACKAGE_STRING "Bcp 1.1.3"
| #define PACKAGE_BUGREPORT "https://projects.coin-or.org/Bcp/newticket"
| #define COIN_BCP_VERBOSITY 0
| #define COIN_BCP_CHECKLEVEL 0
| /* end confdefs.h.  */
| 
| int
| main ()
| {
| exit (42);
|   ;
|   return 0;
| }
configure:3415: g++ -c -fpermissive  conftest.cc >&5
conftest.cc:11:40: error: 'void std::exit(int)' should have been declared inside 'std'
 extern "C" void std::exit (int) throw (); using std::exit;
                                        ^
In file included from /usr/include/stdlib.h:11:0,
                 from conftest.cc:12:
/usr/include/stdlib.h:85:34: error: declaration of 'void std::exit(int)' has a different exception specifier
 _VOID _EXFUN(exit,(int __status) _ATTRIBUTE ((__noreturn__)));
                                  ^
conftest.cc:11:17: error: from previous declaration 'void std::exit(int) throw ()'
 extern "C" void std::exit (int) throw (); using std::exit;
                 ^
configure:3421: $? = 1
configure: failed program was:
| /* confdefs.h.  */
| 
| #define PACKAGE_NAME "Bcp"
| #define PACKAGE_TARNAME "bcp"
| #define PACKAGE_VERSION "1.1.3"
| #define PACKAGE_STRING "Bcp 1.1.3"
| #define PACKAGE_BUGREPORT "https://projects.coin-or.org/Bcp/newticket"
| #define COIN_BCP_VERBOSITY 0
| #define COIN_BCP_CHECKLEVEL 0
| /* end confdefs.h.  */
| extern "C" void std::exit (int) throw (); using std::exit;
| #include <stdlib.h>
| int
| main ()
| {
| exit (42);
|   ;
|   return 0;
| }
configure:3415: g++ -c -fpermissive  conftest.cc >&5
conftest.cc:11:31: error: 'void std::exit(int)' should have been declared inside 'std'
 extern "C" void std::exit (int); using std::exit;
                               ^
configure:3421: $? = 1
configure: failed program was:
| /* confdefs.h.  */
| 
| #define PACKAGE_NAME "Bcp"
| #define PACKAGE_TARNAME "bcp"
| #define PACKAGE_VERSION "1.1.3"
| #define PACKAGE_STRING "Bcp 1.1.3"
| #define PACKAGE_BUGREPORT "https://projects.coin-or.org/Bcp/newticket"
| #define COIN_BCP_VERBOSITY 0
| #define COIN_BCP_CHECKLEVEL 0
| /* end confdefs.h.  */
| extern "C" void std::exit (int); using std::exit;
| #include <stdlib.h>
| int
| main ()
| {
| exit (42);
|   ;
|   return 0;
| }
configure:3415: g++ -c -fpermissive  conftest.cc >&5
In file included from /usr/include/stdlib.h:11:0,
                 from conftest.cc:12:
/usr/include/stdlib.h:85:34: error: declaration of 'void exit(int)' has a different exception specifier
 _VOID _EXFUN(exit,(int __status) _ATTRIBUTE ((__noreturn__)));
                                  ^
conftest.cc:11:17: error: from previous declaration 'void exit(int) throw ()'
 extern "C" void exit (int) throw ();
                 ^
configure:3421: $? = 1
configure: failed program was:
| /* confdefs.h.  */
| 
| #define PACKAGE_NAME "Bcp"
| #define PACKAGE_TARNAME "bcp"
| #define PACKAGE_VERSION "1.1.3"
| #define PACKAGE_STRING "Bcp 1.1.3"
| #define PACKAGE_BUGREPORT "https://projects.coin-or.org/Bcp/newticket"
| #define COIN_BCP_VERBOSITY 0
| #define COIN_BCP_CHECKLEVEL 0
| /* end confdefs.h.  */
| extern "C" void exit (int) throw ();
| #include <stdlib.h>
| int
| main ()
| {
| exit (42);
|   ;
|   return 0;
| }
configure:3415: g++ -c -fpermissive  conftest.cc >&5
configure:3421: $? = 0
configure:3425: test -z 
			 || test ! -s conftest.err
configure:3428: $? = 0
configure:3431: test -s conftest.o
configure:3434: $? = 0
configure:3460: g++ -c -fpermissive  conftest.cc >&5
configure:3466: $? = 0
configure:3470: test -z 
			 || test ! -s conftest.err
configure:3473: $? = 0
configure:3476: test -s conftest.o
configure:3479: $? = 0
configure:3839: g++ -o conftest.exe -fpermissive     conftest.cc  >&5
configure:3845: $? = 0
configure:3849: test -z 
			 || test ! -s conftest.err
configure:3852: $? = 0
configure:3855: test -s conftest.exe
configure:3858: $? = 0
configure:3925: C++ compiler options are: -fpermissive  
configure:4011: WARNING: On Cygwin, shared objects are not supported. I'm disabling your choice.
configure:4045: checking for egrep
configure:4055: result: grep -E
configure:4074: checking for a BSD-compatible install
configure:4129: result: /usr/bin/install -c
configure:4140: checking whether build environment is sane
configure:4183: result: yes
configure:4248: checking for gawk
configure:4264: found /usr/bin/gawk
configure:4274: result: gawk
configure:4284: checking whether make sets $(MAKE)
configure:4304: result: yes
configure:4334: checking for style of include used by make
configure:4362: result: GNU
configure:4542: checking dependency style of gcc
configure:4632: result: none
configure:4651: checking dependency style of g++
configure:4741: result: none
configure:4759: checking whether to enable maintainer-specific portions of Makefiles
configure:4768: result: no
configure:20267: Using libtool script in directory ..
configure:20325: checking for COIN project Bcp
configure:20380: result: .
configure:20383: checking for COIN project CoinUtils
configure:20438: result: ../CoinUtils
configure:20441: checking for COIN project Vol
configure:20496: result: ../Vol
configure:20499: checking for COIN project Clp
configure:20554: result: ../Clp
configure:20557: checking for COIN project Cgl
configure:20612: result: ../Cgl
configure:20615: checking for COIN project Osi
configure:20670: result: ../Osi
configure:20679: checking if user provides library for Mpi
configure:20724: result: no
configure:20806: checking sys/resource.h usability
configure:20818: gcc -c -O3 -fomit-frame-pointer -pipe -DNDEBUG -pedantic-errors -Wimplicit -Wparentheses -Wsequence-point -Wreturn-type -Wcast-qual -Wall    conftest.c >&5
configure:20824: $? = 0
configure:20828: test -z 
			 || test ! -s conftest.err
configure:20831: $? = 0
configure:20834: test -s conftest.o
configure:20837: $? = 0
configure:20847: result: yes
configure:20851: checking sys/resource.h presence
configure:20861: gcc -E  conftest.c
configure:20867: $? = 0
configure:20887: result: yes
configure:20922: checking for sys/resource.h
configure:20929: result: yes
configure:20963: checking sys/sysinfo.h usability
configure:20975: gcc -c -O3 -fomit-frame-pointer -pipe -DNDEBUG -pedantic-errors -Wimplicit -Wparentheses -Wsequence-point -Wreturn-type -Wcast-qual -Wall    conftest.c >&5
configure:20981: $? = 0
configure:20985: test -z 
			 || test ! -s conftest.err
configure:20988: $? = 0
configure:20991: test -s conftest.o
configure:20994: $? = 0
configure:21004: result: yes
configure:21008: checking sys/sysinfo.h presence
configure:21018: gcc -E  conftest.c
configure:21024: $? = 0
configure:21044: result: yes
configure:21079: checking for sys/sysinfo.h
configure:21086: result: yes
configure:21120: checking unistd.h usability
configure:21132: gcc -c -O3 -fomit-frame-pointer -pipe -DNDEBUG -pedantic-errors -Wimplicit -Wparentheses -Wsequence-point -Wreturn-type -Wcast-qual -Wall    conftest.c >&5
configure:21138: $? = 0
configure:21142: test -z 
			 || test ! -s conftest.err
configure:21145: $? = 0
configure:21148: test -s conftest.o
configure:21151: $? = 0
configure:21161: result: yes
configure:21165: checking unistd.h presence
configure:21175: gcc -E  conftest.c
configure:21181: $? = 0
configure:21201: result: yes
configure:21236: checking for unistd.h
configure:21243: result: yes
configure:21277: checking process.h usability
configure:21289: gcc -c -O3 -fomit-frame-pointer -pipe -DNDEBUG -pedantic-errors -Wimplicit -Wparentheses -Wsequence-point -Wreturn-type -Wcast-qual -Wall    conftest.c >&5
configure:21295: $? = 0
configure:21299: test -z 
			 || test ! -s conftest.err
configure:21302: $? = 0
configure:21305: test -s conftest.o
configure:21308: $? = 0
configure:21318: result: yes
configure:21322: checking process.h presence
configure:21332: gcc -E  conftest.c
configure:21338: $? = 0
configure:21358: result: yes
configure:21393: checking for process.h
configure:21400: result: yes
configure:21420: checking for gethostname
configure:21477: gcc -o conftest.exe -O3 -fomit-frame-pointer -pipe -DNDEBUG -pedantic-errors -Wimplicit -Wparentheses -Wsequence-point -Wreturn-type -Wcast-qual -Wall     conftest.c  >&5
configure:21483: $? = 0
configure:21487: test -z 
			 || test ! -s conftest.err
configure:21490: $? = 0
configure:21493: test -s conftest.exe
configure:21496: $? = 0
configure:21508: result: yes
configure:21420: checking for getpid
configure:21477: gcc -o conftest.exe -O3 -fomit-frame-pointer -pipe -DNDEBUG -pedantic-errors -Wimplicit -Wparentheses -Wsequence-point -Wreturn-type -Wcast-qual -Wall     conftest.c  >&5
configure:21483: $? = 0
configure:21487: test -z 
			 || test ! -s conftest.err
configure:21490: $? = 0
configure:21493: test -s conftest.exe
configure:21496: $? = 0
configure:21508: result: yes
configure:21420: checking for mallinfo
configure:21477: gcc -o conftest.exe -O3 -fomit-frame-pointer -pipe -DNDEBUG -pedantic-errors -Wimplicit -Wparentheses -Wsequence-point -Wreturn-type -Wcast-qual -Wall     conftest.c  >&5
configure:21483: $? = 0
configure:21487: test -z 
			 || test ! -s conftest.err
configure:21490: $? = 0
configure:21493: test -s conftest.exe
configure:21496: $? = 0
configure:21508: result: yes
configure:21587: checking whether ln -s works
configure:21591: result: yes
configure:21598: checking whether this is a VPATH configuration
configure:21605: result: yes
configure:21613: checking which command should be used to link input files
configure:21623: result: ln -s
configure:22242: creating ./config.status

## ---------------------- ##
## Running config.status. ##
## ---------------------- ##

This file was extended by Bcp config.status 1.1.3, which was
generated by GNU Autoconf 2.59.  Invocation command line was

  CONFIG_FILES    = 
  CONFIG_HEADERS  = 
  CONFIG_LINKS    = 
  CONFIG_COMMANDS = 
  $ ./config.status 

on mike-PC

config.status:791: creating Makefile
config.status:791: creating src/Makefile
config.status:791: creating test/BAC/Makefile
config.status:791: creating examples/BAC/Makefile
config.status:791: creating examples/MCF-1/Makefile
config.status:791: creating examples/MCF-2/Makefile
config.status:791: creating examples/MCF-3/Makefile
config.status:791: creating bcp_addlibs.txt
config.status:888: creating inc/config_bcp.h
config.status:1026: inc/config_bcp.h is unchanged
config.status:1206: executing depfiles commands
configure:23685: Configuration of Bcp successful

## ---------------- ##
## Cache variables. ##
## ---------------- ##

ac_cv_build=i686-pc-cygwin
ac_cv_build_alias=i686-pc-cygwin
ac_cv_c_compiler_gnu=yes
ac_cv_cxx_compiler_gnu=yes
ac_cv_env_ADD_CFLAGS_set=
ac_cv_env_ADD_CFLAGS_value=
ac_cv_env_ADD_CXXFLAGS_set=
ac_cv_env_ADD_CXXFLAGS_value=
ac_cv_env_CC_set=
ac_cv_env_CC_value=
ac_cv_env_CDEFS_set=
ac_cv_env_CDEFS_value=
ac_cv_env_CFLAGS_set=
ac_cv_env_CFLAGS_value=
ac_cv_env_CPPFLAGS_set=
ac_cv_env_CPPFLAGS_value=
ac_cv_env_CPP_set=
ac_cv_env_CPP_value=
ac_cv_env_CXXCPP_set=
ac_cv_env_CXXCPP_value=
ac_cv_env_CXXDEFS_set=
ac_cv_env_CXXDEFS_value=
ac_cv_env_CXXFLAGS_set=set
ac_cv_env_CXXFLAGS_value=-fpermissive
ac_cv_env_CXX_set=
ac_cv_env_CXX_value=
ac_cv_env_DBG_CFLAGS_set=
ac_cv_env_DBG_CFLAGS_value=
ac_cv_env_DBG_CXXFLAGS_set=
ac_cv_env_DBG_CXXFLAGS_value=
ac_cv_env_F77_set=
ac_cv_env_F77_value=
ac_cv_env_FFLAGS_set=
ac_cv_env_FFLAGS_value=
ac_cv_env_LDFLAGS_set=
ac_cv_env_LDFLAGS_value=
ac_cv_env_MPICC_set=
ac_cv_env_MPICC_value=
ac_cv_env_MPICXX_set=
ac_cv_env_MPICXX_value=
ac_cv_env_OPT_CFLAGS_set=
ac_cv_env_OPT_CFLAGS_value=
ac_cv_env_OPT_CXXFLAGS_set=
ac_cv_env_OPT_CXXFLAGS_value=
ac_cv_env_build_alias_set=
ac_cv_env_build_alias_value=
ac_cv_env_host_alias_set=
ac_cv_env_host_alias_value=
ac_cv_env_target_alias_set=
ac_cv_env_target_alias_value=
ac_cv_exeext=.exe
ac_cv_func_gethostname=yes
ac_cv_func_getpid=yes
ac_cv_func_mallinfo=yes
ac_cv_header_process_h=yes
ac_cv_header_sys_resource_h=yes
ac_cv_header_sys_sysinfo_h=yes
ac_cv_header_unistd_h=yes
ac_cv_objext=o
ac_cv_path_install='/usr/bin/install -c'
ac_cv_prog_AWK=gawk
ac_cv_prog_ac_ct_CC=gcc
ac_cv_prog_ac_ct_CXX=g++
ac_cv_prog_cc_g=yes
ac_cv_prog_cc_stdc=
ac_cv_prog_cxx_g=yes
ac_cv_prog_egrep='grep -E'
ac_cv_prog_make_make_set=yes
am_cv_CC_dependencies_compiler_type=none
am_cv_CXX_dependencies_compiler_type=none

## ----------------- ##
## Output variables. ##
## ----------------- ##

ACLOCAL='${SHELL} /Bcp-1.1.3/missing --run aclocal-1.9'
ADDLIBS='-lm '
ADD_CFLAGS=''
ADD_CXXFLAGS=''
ALWAYS_FALSE_FALSE=''
ALWAYS_FALSE_TRUE='#'
AMDEPBACKSLASH=''
AMDEP_FALSE=''
AMDEP_TRUE='#'
AMTAR='${SHELL} /Bcp-1.1.3/missing --run tar'
AR='ar'
AUTOCONF='${SHELL} /Bcp-1.1.3/missing --run autoconf'
AUTOHEADER='${SHELL} /Bcp-1.1.3/missing --run autoheader'
AUTOMAKE='${SHELL} /Bcp-1.1.3/missing --run automake-1.9'
AUX_DIR=''
AWK='gawk'
BCPDOCDIR='/Bcp-1.1.3/build32/lib/../share/doc/coin/Bcp'
BCPOBJDIR='/Bcp-1.1.3/build32/Bcp/.'
BCPSRCDIR='/Bcp-1.1.3/Bcp'
BUILDTOOLSDIR=''
CC='gcc'
CCDEPMODE='depmode=none'
CDEFS=''
CFLAGS='-O3 -fomit-frame-pointer -pipe -DNDEBUG -pedantic-errors -Wimplicit -Wparentheses -Wsequence-point -Wreturn-type -Wcast-qual -Wall  '
CGLDOCDIR='/Bcp-1.1.3/build32/lib/../share/doc/coin/Cgl'
CGLOBJDIR='/Bcp-1.1.3/build32/Bcp/../Cgl'
CGLSRCDIR='/Bcp-1.1.3/Cgl'
CLPDOCDIR='/Bcp-1.1.3/build32/lib/../share/doc/coin/Clp'
CLPOBJDIR='/Bcp-1.1.3/build32/Bcp/../Clp'
CLPSRCDIR='/Bcp-1.1.3/Clp'
COINUTILSDOCDIR='/Bcp-1.1.3/build32/lib/../share/doc/coin/CoinUtils'
COINUTILSOBJDIR='/Bcp-1.1.3/build32/Bcp/../CoinUtils'
COINUTILSSRCDIR='/Bcp-1.1.3/CoinUtils'
COIN_HAS_BCP_FALSE='#'
COIN_HAS_BCP_TRUE=''
COIN_HAS_CGL_FALSE='#'
COIN_HAS_CGL_TRUE=''
COIN_HAS_CLP_FALSE='#'
COIN_HAS_CLP_TRUE=''
COIN_HAS_COINUTILS_FALSE='#'
COIN_HAS_COINUTILS_TRUE=''
COIN_HAS_MPI_FALSE=''
COIN_HAS_MPI_TRUE='#'
COIN_HAS_OSI_FALSE='#'
COIN_HAS_OSI_TRUE=''
COIN_HAS_VOL_FALSE='#'
COIN_HAS_VOL_TRUE=''
CPP='gcc -E'
CPPFLAGS=''
CXX='g++'
CXXCPP='g++ -E'
CXXDEFS=''
CXXDEPMODE='depmode=none'
CXXFLAGS='-fpermissive  '
CYGPATH_W='cygpath -w'
DBG_CFLAGS='-g -pipe -pedantic-errors -Wimplicit -Wparentheses -Wsequence-point -Wreturn-type -Wcast-qual -Wall  '
DBG_CXXFLAGS='-fpermissive  '
DEFS='-DHAVE_CONFIG_H'
DEPDIR='.deps'
ECHO='echo'
ECHO_C=''
ECHO_N='-n'
ECHO_T=''
EGREP='grep -E'
EXEEXT='.exe'
F77=''
FADDLIBS='-lm '
FFLAGS=''
HAVE_EXTERNALS_FALSE=''
HAVE_EXTERNALS_TRUE='#'
INSTALL_DATA='${INSTALL} -m 644'
INSTALL_PROGRAM='${INSTALL}'
INSTALL_SCRIPT='${INSTALL}'
INSTALL_STRIP_PROGRAM='${SHELL} $(install_sh) -c -s'
LDFLAGS=''
LIBEXT='a'
LIBOBJS=''
LIBS=''
LIBTOOL='$(SHELL) $(top_builddir)/../libtool'
LIBTOOLM4=''
LN_S='ln -s'
LTLIBOBJS=''
LT_LDFLAGS=''
MAINT='#'
MAINTAINER_MODE_FALSE=''
MAINTAINER_MODE_TRUE='#'
MAKEINFO='${SHELL} /Bcp-1.1.3/missing --run makeinfo'
MPICC=''
MPICXX=''
MPIINCDIR=''
MPILIB=''
OBJEXT='o'
OPT_CFLAGS='-O3 -fomit-frame-pointer -pipe -DNDEBUG -pedantic-errors -Wimplicit -Wparentheses -Wsequence-point -Wreturn-type -Wcast-qual -Wall  '
OPT_CXXFLAGS='-fpermissive  '
OSIDOCDIR='/Bcp-1.1.3/build32/lib/../share/doc/coin/Osi'
OSIOBJDIR='/Bcp-1.1.3/build32/Bcp/../Osi'
OSISRCDIR='/Bcp-1.1.3/Osi'
PACKAGE='bcp'
PACKAGE_BUGREPORT='https://projects.coin-or.org/Bcp/newticket'
PACKAGE_NAME='Bcp'
PACKAGE_STRING='Bcp 1.1.3'
PACKAGE_TARNAME='bcp'
PACKAGE_VERSION='1.1.3'
PATH_SEPARATOR=':'
RANLIB='ranlib'
RPATH_FLAGS=''
SET_MAKE=''
SHELL='/bin/sh'
STRIP='strip'
VERSION='1.1.3'
VOLDOCDIR='/Bcp-1.1.3/build32/lib/../share/doc/coin/Vol'
VOLOBJDIR='/Bcp-1.1.3/build32/Bcp/../Vol'
VOLSRCDIR='/Bcp-1.1.3/Vol'
VPATH_DISTCLEANFILES=''
abs_bin_dir='/Bcp-1.1.3/build32/bin'
abs_include_dir='/Bcp-1.1.3/build32/include'
abs_lib_dir='/Bcp-1.1.3/build32/lib'
abs_source_dir='/Bcp-1.1.3/Bcp'
ac_c_preproc_warn_flag=''
ac_ct_AR='ar'
ac_ct_CC='gcc'
ac_ct_CXX='g++'
ac_ct_F77=''
ac_ct_RANLIB='ranlib'
ac_ct_STRIP='strip'
ac_cxx_preproc_warn_flag=''
am__fastdepCC_FALSE=''
am__fastdepCC_TRUE='#'
am__fastdepCXX_FALSE=''
am__fastdepCXX_TRUE='#'
am__include='include'
am__leading_dot='.'
am__quote=''
am__tar='${AMTAR} chof - "$$tardir"'
am__untar='${AMTAR} xf -'
bindir='${exec_prefix}/bin'
build='i686-pc-cygwin'
build_alias=''
build_cpu='i686'
build_os='cygwin'
build_vendor='pc'
datadir='${prefix}/share'
exec_prefix='${prefix}'
have_autoconf=''
have_automake=''
have_svn=''
host='i686-pc-cygwin'
host_alias=''
host_cpu='i686'
host_os='cygwin'
host_vendor='pc'
includedir='${prefix}/include'
infodir='${prefix}/info'
install_sh='/Bcp-1.1.3/install-sh'
libdir='${exec_prefix}/lib'
libexecdir='${exec_prefix}/libexec'
localstatedir='${prefix}/var'
mandir='${prefix}/man'
mkdir_p='mkdir -p --'
oldincludedir='/usr/include'
prefix='/Bcp-1.1.3/build32'
program_transform_name='s,x,x,'
sbindir='${exec_prefix}/sbin'
sharedstatedir='${prefix}/com'
sol_cc_compiler=''
sysconfdir='${prefix}/etc'
target_alias=''

## ----------- ##
## confdefs.h. ##
## ----------- ##

#define COIN_BCP_CHECKLEVEL 0
#define COIN_BCP_VERBOSITY 0
#define COIN_HAS_BCP 1
#define COIN_HAS_CGL 1
#define COIN_HAS_CLP 1
#define COIN_HAS_COINUTILS 1
#define COIN_HAS_OSI 1
#define COIN_HAS_VOL 1
#define HAVE_DLFCN_H 1
#define HAVE_GETHOSTNAME 1
#define HAVE_GETPID 1
#define HAVE_INTTYPES_H 1
#define HAVE_MALLINFO 1
#define HAVE_MEMORY_H 1
#define HAVE_PROCESS_H 1
#define HAVE_STDINT_H 1
#define HAVE_STDLIB_H 1
#define HAVE_STRINGS_H 1
#define HAVE_STRING_H 1
#define HAVE_SYS_RESOURCE_H 1
#define HAVE_SYS_STAT_H 1
#define HAVE_SYS_SYSINFO_H 1
#define HAVE_SYS_TYPES_H 1
#define HAVE_UNISTD_H 1
#define HAVE_UNISTD_H 1
#define PACKAGE "bcp"
#define PACKAGE_BUGREPORT "https://projects.coin-or.org/Bcp/newticket"
#define PACKAGE_NAME "Bcp"
#define PACKAGE_STRING "Bcp 1.1.3"
#define PACKAGE_TARNAME "bcp"
#define PACKAGE_VERSION "1.1.3"
#define STDC_HEADERS 1
#define VERSION "1.1.3"
#endif
#ifdef __cplusplus
extern "C" void exit (int);

configure: exit 0
