This file contains any messages produced by compilers while
running configure, to aid debugging if configure makes a mistake.

It was created by Bcp configure 1.1.3, which was
generated by GNU Autoconf 2.59.  Invocation command line was

  $ ../configure --enable-shared --enable-static --disable-dependency-tracking CXXFLAGS=-fpermissive

## --------- ##
## Platform. ##
## --------- ##

hostname = mike-PC
uname -m = i686
uname -r = 1.7.34(0.285/5/3)
uname -s = CYGWIN_NT-6.1-WOW
uname -v = 2015-02-04 12:12

/usr/bin/uname -p = unknown
/bin/uname -X     = unknown

/bin/arch              = i686
/usr/bin/arch -k       = unknown
/usr/convex/getsysinfo = unknown
hostinfo               = unknown
/bin/machine           = unknown
/usr/bin/oslevel       = unknown
/bin/universe          = unknown

PATH: /usr/local/bin
PATH: /usr/bin
PATH: /cygdrive/c/ProgramData/Oracle/Java/javapath
PATH: /cygdrive/c/Program Files (x86)/PC Connectivity Solution
PATH: /cygdrive/c/Program Files (x86)/Common Files/Microsoft Shared/Windows Live
PATH: /cygdrive/c/Program Files (x86)/NVIDIA Corporation/PhysX/Common
PATH: /cygdrive/c/Program Files (x86)/AMD APP/bin/x86_64
PATH: /cygdrive/c/Program Files (x86)/AMD APP/bin/x86
PATH: /cygdrive/c/Program Files (x86)/Intel/iCLS Client
PATH: /cygdrive/c/Program Files/Intel/iCLS Client
PATH: /cygdrive/c/Windows/system32
PATH: /cygdrive/c/Windows
PATH: /cygdrive/c/Windows/System32/Wbem
PATH: /cygdrive/c/Windows/System32/WindowsPowerShell/v1.0
PATH: /cygdrive/c/Program Files/Intel/Intel(R) Management Engine Components/DAL
PATH: /cygdrive/c/Program Files/Intel/Intel(R) Management Engine Components/IPT
PATH: /cygdrive/c/Program Files (x86)/Intel/Intel(R) Management Engine Components/DAL
PATH: /cygdrive/c/Program Files (x86)/Intel/Intel(R) Management Engine Components/IPT
PATH: /cygdrive/c/Program Files (x86)/ATI Technologies/ATI.ACE/Core-Static
PATH: /cygdrive/c/Users/mike/AppData/Local/Smartbar/Application
PATH: /cygdrive/c/Users/mike/AppData/Local/Smartbar/Application
PATH: /cygdrive/c/Program Files/Common Files/Microsoft Shared/Windows Live
PATH: /cygdrive/c/Program Files (x86)/OpenVPN/bin
PATH: /usr/lib/lapack


## ----------- ##
## Core tests. ##
## ----------- ##

configure:1670: checking build system type
configure:1688: result: i686-pc-cygwin
configure:1699: checking whether we want to compile in debug mode
configure:1728: result: no
configure:1951: checking for gcc
configure:1967: found /usr/bin/gcc
configure:1977: result: gcc
configure:1998: checking for C compiler version
configure:2001: gcc --version </dev/null >&5
gcc (GCC) 4.9.2
Copyright (C) 2014 Free Software Foundation, Inc.
This is free software; see the source for copying conditions.  There is NO
warranty; not even for MERCHANTABILITY or FITNESS FOR A PARTICULAR PURPOSE.

configure:2004: $? = 0
configure:2006: gcc -v </dev/null >&5
Using built-in specs.
COLLECT_GCC=gcc
COLLECT_LTO_WRAPPER=/usr/lib/gcc/i686-pc-cygwin/4.9.2/lto-wrapper.exe
Target: i686-pc-cygwin
Configured with: /cygdrive/i/szsz/tmpp/gcc/gcc-4.9.2-2.i686/src/gcc-4.9.2/configure --srcdir=/cygdrive/i/szsz/tmpp/gcc/gcc-4.9.2-2.i686/src/gcc-4.9.2 --prefix=/usr --exec-prefix=/usr --bindir=/usr/bin --sbindir=/usr/sbin --libexecdir=/usr/libexec --datadir=/usr/share --localstatedir=/var --sysconfdir=/etc --libdir=/usr/lib --datarootdir=/usr/share --docdir=/usr/share/doc/gcc --htmldir=/usr/share/doc/gcc/html -C --build=i686-pc-cygwin --host=i686-pc-cygwin --target=i686-pc-cygwin --without-libiconv-prefix --without-libintl-prefix --libexecdir=/usr/lib --enable-shared --enable-shared-libgcc --enable-static --enable-version-specific-runtime-libs --enable-bootstrap --enable-__cxa_atexit --with-dwarf2 --with-arch=i686 --with-tune=generic --disable-sjlj-exceptions --enable-languages=ada,c,c++,fortran,java,lto,objc,obj-c++ --enable-graphite --enable-threads=posix --enable-libatomic --enable-libgomp --disable-libitm --enable-libquadmath --enable-libquadmath-support --enable-libssp --enable-libada --enable-libjava --enable-libgcj-sublibs --disable-java-awt --disable-symvers --with-ecj-jar=/usr/share/java/ecj.jar --with-gnu-ld --with-gnu-as --with-cloog-include=/usr/include/cloog-isl --without-libiconv-prefix --without-libintl-prefix --with-system-zlib --enable-linker-build-id
Thread model: posix
gcc version 4.9.2 (GCC) 
configure:2009: $? = 0
configure:2011: gcc -V </dev/null >&5
gcc: error: unrecognized command line option '-V'
gcc: fatal error: no input files
compilation terminated.
configure:2014: $? = 1
configure:2037: checking for C compiler default output file name
configure:2040: gcc    conftest.c  >&5
configure:2043: $? = 0
configure:2089: result: a.exe
configure:2094: checking whether the C compiler works
configure:2100: ./a.exe
configure:2103: $? = 0
configure:2120: result: yes
configure:2127: checking whether we are cross compiling
configure:2129: result: no
configure:2132: checking for suffix of executables
configure:2134: gcc -o conftest.exe    conftest.c  >&5
configure:2137: $? = 0
configure:2162: result: .exe
configure:2168: checking for suffix of object files
configure:2189: gcc -c   conftest.c >&5
configure:2192: $? = 0
configure:2214: result: o
configure:2218: checking whether we are using the GNU C compiler
configure:2242: gcc -c   conftest.c >&5
configure:2248: $? = 0
configure:2252: test -z 
			 || test ! -s conftest.err
configure:2255: $? = 0
configure:2258: test -s conftest.o
configure:2261: $? = 0
configure:2274: result: yes
configure:2280: checking whether gcc accepts -g
configure:2301: gcc -c -g  conftest.c >&5
configure:2307: $? = 0
configure:2311: test -z 
			 || test ! -s conftest.err
configure:2314: $? = 0
configure:2317: test -s conftest.o
configure:2320: $? = 0
configure:2331: result: yes
configure:2348: checking for gcc option to accept ANSI C
configure:2418: gcc  -c -g -O2  conftest.c >&5
configure:2424: $? = 0
configure:2428: test -z 
			 || test ! -s conftest.err
configure:2431: $? = 0
configure:2434: test -s conftest.o
configure:2437: $? = 0
configure:2455: result: none needed
configure:2473: gcc -c -g -O2  conftest.c >&5
conftest.c:2:3: error: unknown type name 'choke'
   choke me
   ^
conftest.c:2:3: error: expected '=', ',', ';', 'asm' or '__attribute__' at end of input
configure:2479: $? = 1
configure: failed program was:
| #ifndef __cplusplus
|   choke me
| #endif
configure:2927: gcc -o conftest.exe -O3 -fomit-frame-pointer -pipe -DNDEBUG -pedantic-errors -Wimplicit -Wparentheses -Wsequence-point -Wreturn-type -Wcast-qual -Wall     conftest.c  >&5
configure:2933: $? = 0
configure:2937: test -z 
			 || test ! -s conftest.err
configure:2940: $? = 0
configure:2943: test -s conftest.exe
configure:2946: $? = 0
configure:3013: C compiler options are: -O3 -fomit-frame-pointer -pipe -DNDEBUG -pedantic-errors -Wimplicit -Wparentheses -Wsequence-point -Wreturn-type -Wcast-qual -Wall  
configure:3142: checking for g++
configure:3158: found /usr/bin/g++
configure:3168: result: g++
configure:3184: checking for C++ compiler version
configure:3187: g++ --version </dev/null >&5
g++ (GCC) 4.9.2
Copyright (C) 2014 Free Software Foundation, Inc.
This is free software; see the source for copying conditions.  There is NO
warranty; not even for MERCHANTABILITY or FITNESS FOR A PARTICULAR PURPOSE.

configure:3190: $? = 0
configure:3192: g++ -v </dev/null >&5
Using built-in specs.
COLLECT_GCC=g++
COLLECT_LTO_WRAPPER=/usr/lib/gcc/i686-pc-cygwin/4.9.2/lto-wrapper.exe
Target: i686-pc-cygwin
Configured with: /cygdrive/i/szsz/tmpp/gcc/gcc-4.9.2-2.i686/src/gcc-4.9.2/configure --srcdir=/cygdrive/i/szsz/tmpp/gcc/gcc-4.9.2-2.i686/src/gcc-4.9.2 --prefix=/usr --exec-prefix=/usr --bindir=/usr/bin --sbindir=/usr/sbin --libexecdir=/usr/libexec --datadir=/usr/share --localstatedir=/var --sysconfdir=/etc --libdir=/usr/lib --datarootdir=/usr/share --docdir=/usr/share/doc/gcc --htmldir=/usr/share/doc/gcc/html -C --build=i686-pc-cygwin --host=i686-pc-cygwin --target=i686-pc-cygwin --without-libiconv-prefix --without-libintl-prefix --libexecdir=/usr/lib --enable-shared --enable-shared-libgcc --enable-static --enable-version-specific-runtime-libs --enable-bootstrap --enable-__cxa_atexit --with-dwarf2 --with-arch=i686 --with-tune=generic --disable-sjlj-exceptions --enable-languages=ada,c,c++,fortran,java,lto,objc,obj-c++ --enable-graphite --enable-threads=posix --enable-libatomic --enable-libgomp --disable-libitm --enable-libquadmath --enable-libquadmath-support --enable-libssp --enable-libada --enable-libjava --enable-libgcj-sublibs --disable-java-awt --disable-symvers --with-ecj-jar=/usr/share/java/ecj.jar --with-gnu-ld --with-gnu-as --with-cloog-include=/usr/include/cloog-isl --without-libiconv-prefix --without-libintl-prefix --with-system-zlib --enable-linker-build-id
Thread model: posix
gcc version 4.9.2 (GCC) 
configure:3195: $? = 0
configure:3197: g++ -V </dev/null >&5
g++: error: unrecognized command line option '-V'
g++: fatal error: no input files
compilation terminated.
configure:3200: $? = 1
configure:3203: checking whether we are using the GNU C++ compiler
configure:3227: g++ -c -fpermissive  conftest.cc >&5
configure:3233: $? = 0
configure:3237: test -z 
			 || test ! -s conftest.err
configure:3240: $? = 0
configure:3243: test -s conftest.o
configure:3246: $? = 0
configure:3259: result: yes
configure:3265: checking whether g++ accepts -g
configure:3286: g++ -c -g  conftest.cc >&5
configure:3292: $? = 0
configure:3296: test -z 
			 || test ! -s conftest.err
configure:3299: $? = 0
configure:3302: test -s conftest.o
configure:3305: $? = 0
configure:3316: result: yes
configure:3358: g++ -c -fpermissive  conftest.cc >&5
configure:3364: $? = 0
configure:3368: test -z 
			 || test ! -s conftest.err
configure:3371: $? = 0
configure:3374: test -s conftest.o
configure:3377: $? = 0
configure:3403: g++ -c -fpermissive  conftest.cc >&5
conftest.cc: In function 'int main()':
conftest.cc:13:9: error: 'exit' was not declared in this scope
 exit (42);
         ^
configure:3409: $? = 1
configure: failed program was:
| /* confdefs.h.  */
| 
| #define PACKAGE_NAME "Bcp"
| #define PACKAGE_TARNAME "bcp"
| #define PACKAGE_VERSION "1.1.3"
| #define PACKAGE_STRING "Bcp 1.1.3"
| #define PACKAGE_BUGREPORT "https://projects.coin-or.org/Bcp/newticket"
| /* end confdefs.h.  */
| 
| int
| main ()
| {
| exit (42);
|   ;
|   return 0;
| }
configure:3358: g++ -c -fpermissive  conftest.cc >&5
conftest.cc:9:40: error: 'void std::exit(int)' should have been declared inside 'std'
 extern "C" void std::exit (int) throw (); using std::exit;
                                        ^
In file included from /usr/include/stdlib.h:11:0,
                 from conftest.cc:10:
/usr/include/stdlib.h:85:34: error: declaration of 'void std::exit(int)' has a different exception specifier
 _VOID _EXFUN(exit,(int __status) _ATTRIBUTE ((__noreturn__)));
                                  ^
conftest.cc:9:17: error: from previous declaration 'void std::exit(int) throw ()'
 extern "C" void std::exit (int) throw (); using std::exit;
                 ^
configure:3364: $? = 1
configure: failed program was:
| /* confdefs.h.  */
| 
| #define PACKAGE_NAME "Bcp"
| #define PACKAGE_TARNAME "bcp"
| #define PACKAGE_VERSION "1.1.3"
| #define PACKAGE_STRING "Bcp 1.1.3"
| #define PACKAGE_BUGREPORT "https://projects.coin-or.org/Bcp/newticket"
| /* end confdefs.h.  */
| extern "C" void std::exit (int) throw (); using std::exit;
| #include <stdlib.h>
| int
| main ()
| {
| exit (42);
|   ;
|   return 0;
| }
configure:3358: g++ -c -fpermissive  conftest.cc >&5
conftest.cc:9:31: error: 'void std::exit(int)' should have been declared inside 'std'
 extern "C" void std::exit (int); using std::exit;
                               ^
configure:3364: $? = 1
configure: failed program was:
| /* confdefs.h.  */
| 
| #define PACKAGE_NAME "Bcp"
| #define PACKAGE_TARNAME "bcp"
| #define PACKAGE_VERSION "1.1.3"
| #define PACKAGE_STRING "Bcp 1.1.3"
| #define PACKAGE_BUGREPORT "https://projects.coin-or.org/Bcp/newticket"
| /* end confdefs.h.  */
| extern "C" void std::exit (int); using std::exit;
| #include <stdlib.h>
| int
| main ()
| {
| exit (42);
|   ;
|   return 0;
| }
configure:3358: g++ -c -fpermissive  conftest.cc >&5
In file included from /usr/include/stdlib.h:11:0,
                 from conftest.cc:10:
/usr/include/stdlib.h:85:34: error: declaration of 'void exit(int)' has a different exception specifier
 _VOID _EXFUN(exit,(int __status) _ATTRIBUTE ((__noreturn__)));
                                  ^
conftest.cc:9:17: error: from previous declaration 'void exit(int) throw ()'
 extern "C" void exit (int) throw ();
                 ^
configure:3364: $? = 1
configure: failed program was:
| /* confdefs.h.  */
| 
| #define PACKAGE_NAME "Bcp"
| #define PACKAGE_TARNAME "bcp"
| #define PACKAGE_VERSION "1.1.3"
| #define PACKAGE_STRING "Bcp 1.1.3"
| #define PACKAGE_BUGREPORT "https://projects.coin-or.org/Bcp/newticket"
| /* end confdefs.h.  */
| extern "C" void exit (int) throw ();
| #include <stdlib.h>
| int
| main ()
| {
| exit (42);
|   ;
|   return 0;
| }
configure:3358: g++ -c -fpermissive  conftest.cc >&5
configure:3364: $? = 0
configure:3368: test -z 
			 || test ! -s conftest.err
configure:3371: $? = 0
configure:3374: test -s conftest.o
configure:3377: $? = 0
configure:3403: g++ -c -fpermissive  conftest.cc >&5
configure:3409: $? = 0
configure:3413: test -z 
			 || test ! -s conftest.err
configure:3416: $? = 0
configure:3419: test -s conftest.o
configure:3422: $? = 0
configure:3782: g++ -o conftest.exe -fpermissive     conftest.cc  >&5
configure:3788: $? = 0
configure:3792: test -z 
			 || test ! -s conftest.err
configure:3795: $? = 0
configure:3798: test -s conftest.exe
configure:3801: $? = 0
configure:3868: C++ compiler options are: -fpermissive  
configure:3950: Trying to determine Fortran compiler name
configure:3956: checking for gfortran
configure:3972: found /usr/bin/gfortran
configure:3982: result: gfortran
configure:4087: checking for Fortran 77 compiler version
configure:4090: gfortran --version </dev/null >&5
GNU Fortran (GCC) 4.9.2
Copyright (C) 2014 Free Software Foundation, Inc.

GNU Fortran comes with NO WARRANTY, to the extent permitted by law.
You may redistribute copies of GNU Fortran
under the terms of the GNU General Public License.
For more information about these matters, see the file named COPYING

configure:4093: $? = 0
configure:4095: gfortran -v </dev/null >&5
Using built-in specs.
COLLECT_GCC=gfortran
COLLECT_LTO_WRAPPER=/usr/lib/gcc/i686-pc-cygwin/4.9.2/lto-wrapper.exe
Target: i686-pc-cygwin
Configured with: /cygdrive/i/szsz/tmpp/gcc/gcc-4.9.2-2.i686/src/gcc-4.9.2/configure --srcdir=/cygdrive/i/szsz/tmpp/gcc/gcc-4.9.2-2.i686/src/gcc-4.9.2 --prefix=/usr --exec-prefix=/usr --bindir=/usr/bin --sbindir=/usr/sbin --libexecdir=/usr/libexec --datadir=/usr/share --localstatedir=/var --sysconfdir=/etc --libdir=/usr/lib --datarootdir=/usr/share --docdir=/usr/share/doc/gcc --htmldir=/usr/share/doc/gcc/html -C --build=i686-pc-cygwin --host=i686-pc-cygwin --target=i686-pc-cygwin --without-libiconv-prefix --without-libintl-prefix --libexecdir=/usr/lib --enable-shared --enable-shared-libgcc --enable-static --enable-version-specific-runtime-libs --enable-bootstrap --enable-__cxa_atexit --with-dwarf2 --with-arch=i686 --with-tune=generic --disable-sjlj-exceptions --enable-languages=ada,c,c++,fortran,java,lto,objc,obj-c++ --enable-graphite --enable-threads=posix --enable-libatomic --enable-libgomp --disable-libitm --enable-libquadmath --enable-libquadmath-support --enable-libssp --enable-libada --enable-libjava --enable-libgcj-sublibs --disable-java-awt --disable-symvers --with-ecj-jar=/usr/share/java/ecj.jar --with-gnu-ld --with-gnu-as --with-cloog-include=/usr/include/cloog-isl --without-libiconv-prefix --without-libintl-prefix --with-system-zlib --enable-linker-build-id
Thread model: posix
gcc version 4.9.2 (GCC) 
configure:4098: $? = 0
configure:4100: gfortran -V </dev/null >&5
gfortran: error: unrecognized command line option '-V'
gfortran: fatal error: no input files
compilation terminated.
configure:4103: $? = 1
configure:4111: checking whether we are using the GNU Fortran 77 compiler
configure:4125: gfortran -c  conftest.F >&5
configure:4131: $? = 0
configure:4135: test -z 
			 || test ! -s conftest.err
configure:4138: $? = 0
configure:4141: test -s conftest.o
configure:4144: $? = 0
configure:4157: result: yes
configure:4163: checking whether gfortran accepts -g
configure:4175: gfortran -c -g conftest.f >&5
configure:4181: $? = 0
configure:4185: test -z 
			 || test ! -s conftest.err
configure:4188: $? = 0
configure:4191: test -s conftest.o
configure:4194: $? = 0
configure:4206: result: yes
configure:4488: gfortran -o conftest.exe -O3 -fomit-frame-pointer -pipe    conftest.f  >&5
configure:4494: $? = 0
configure:4498: test -z 
			 || test ! -s conftest.err
configure:4501: $? = 0
configure:4504: test -s conftest.exe
configure:4507: $? = 0
configure:4565: Fortran compiler options are: -O3 -fomit-frame-pointer -pipe  
configure:4644: WARNING: On Cygwin, shared objects are not supported. I'm disabling your choice.
configure:4678: checking for egrep
configure:4688: result: grep -E
configure:4707: checking for a BSD-compatible install
configure:4762: result: /usr/bin/install -c
configure:4773: checking whether build environment is sane
configure:4816: result: yes
configure:4881: checking for gawk
configure:4897: found /usr/bin/gawk
configure:4907: result: gawk
configure:4917: checking whether make sets $(MAKE)
configure:4937: result: yes
configure:4967: checking for style of include used by make
configure:4995: result: GNU
configure:5175: checking dependency style of gcc
configure:5265: result: none
configure:5284: checking dependency style of g++
configure:5374: result: none
configure:5392: checking whether to enable maintainer-specific portions of Makefiles
configure:5401: result: no
configure:5846: checking host system type
configure:5860: result: i686-pc-cygwin
configure:5868: checking for a sed that does not truncate output
configure:5922: result: /usr/bin/sed
configure:5936: checking for ld used by gcc
configure:6003: result: /usr/i686-pc-cygwin/bin/ld.exe
configure:6012: checking if the linker (/usr/i686-pc-cygwin/bin/ld.exe) is GNU ld
configure:6027: result: yes
configure:6032: checking for /usr/i686-pc-cygwin/bin/ld.exe option to reload object files
configure:6039: result: -r
configure:6057: checking for BSD-compatible nm
configure:6106: result: /usr/bin/nm -B
configure:6110: checking whether ln -s works
configure:6114: result: yes
configure:6121: checking how to recognise dependent libraries
configure:6297: result: file_magic ^x86 archive import|^x86 DLL
configure:6533: checking how to run the C preprocessor
configure:6568: gcc -E  conftest.c
configure:6574: $? = 0
configure:6606: gcc -E  conftest.c
conftest.c:14:28: fatal error: ac_nonexistent.h: No such file or directory
 #include <ac_nonexistent.h>
                            ^
compilation terminated.
configure:6612: $? = 1
configure: failed program was:
| /* confdefs.h.  */
| 
| #define PACKAGE_NAME "Bcp"
| #define PACKAGE_TARNAME "bcp"
| #define PACKAGE_VERSION "1.1.3"
| #define PACKAGE_STRING "Bcp 1.1.3"
| #define PACKAGE_BUGREPORT "https://projects.coin-or.org/Bcp/newticket"
| #ifdef __cplusplus
| extern "C" void exit (int);
| #endif
| #define PACKAGE "bcp"
| #define VERSION "1.1.3"
| /* end confdefs.h.  */
| #include <ac_nonexistent.h>
configure:6651: result: gcc -E
configure:6675: gcc -E  conftest.c
configure:6681: $? = 0
configure:6713: gcc -E  conftest.c
conftest.c:14:28: fatal error: ac_nonexistent.h: No such file or directory
 #include <ac_nonexistent.h>
                            ^
compilation terminated.
configure:6719: $? = 1
configure: failed program was:
| /* confdefs.h.  */
| 
| #define PACKAGE_NAME "Bcp"
| #define PACKAGE_TARNAME "bcp"
| #define PACKAGE_VERSION "1.1.3"
| #define PACKAGE_STRING "Bcp 1.1.3"
| #define PACKAGE_BUGREPORT "https://projects.coin-or.org/Bcp/newticket"
| #ifdef __cplusplus
| extern "C" void exit (int);
| #endif
| #define PACKAGE "bcp"
| #define VERSION "1.1.3"
| /* end confdefs.h.  */
| #include <ac_nonexistent.h>
configure:6763: checking for ANSI C header files
configure:6788: gcc -c -O3 -fomit-frame-pointer -pipe -DNDEBUG -pedantic-errors -Wimplicit -Wparentheses -Wsequence-point -Wreturn-type -Wcast-qual -Wall    conftest.c >&5
configure:6794: $? = 0
configure:6798: test -z 
			 || test ! -s conftest.err
configure:6801: $? = 0
configure:6804: test -s conftest.o
configure:6807: $? = 0
configure:6896: gcc -o conftest.exe -O3 -fomit-frame-pointer -pipe -DNDEBUG -pedantic-errors -Wimplicit -Wparentheses -Wsequence-point -Wreturn-type -Wcast-qual -Wall     conftest.c  >&5
conftest.c: In function 'main':
conftest.c:31:7: warning: implicit declaration of function 'exit' [-Wimplicit-function-declaration]
       exit(2);
       ^
conftest.c:31:7: warning: incompatible implicit declaration of built-in function 'exit'
configure:6899: $? = 0
configure:6901: ./conftest.exe
configure:6904: $? = 0
configure:6919: result: yes
configure:6943: checking for sys/types.h
configure:6959: gcc -c -O3 -fomit-frame-pointer -pipe -DNDEBUG -pedantic-errors -Wimplicit -Wparentheses -Wsequence-point -Wreturn-type -Wcast-qual -Wall    conftest.c >&5
configure:6965: $? = 0
configure:6969: test -z 
			 || test ! -s conftest.err
configure:6972: $? = 0
configure:6975: test -s conftest.o
configure:6978: $? = 0
configure:6989: result: yes
configure:6943: checking for sys/stat.h
configure:6959: gcc -c -O3 -fomit-frame-pointer -pipe -DNDEBUG -pedantic-errors -Wimplicit -Wparentheses -Wsequence-point -Wreturn-type -Wcast-qual -Wall    conftest.c >&5
configure:6965: $? = 0
configure:6969: test -z 
			 || test ! -s conftest.err
configure:6972: $? = 0
configure:6975: test -s conftest.o
configure:6978: $? = 0
configure:6989: result: yes
configure:6943: checking for stdlib.h
configure:6959: gcc -c -O3 -fomit-frame-pointer -pipe -DNDEBUG -pedantic-errors -Wimplicit -Wparentheses -Wsequence-point -Wreturn-type -Wcast-qual -Wall    conftest.c >&5
configure:6965: $? = 0
configure:6969: test -z 
			 || test ! -s conftest.err
configure:6972: $? = 0
configure:6975: test -s conftest.o
configure:6978: $? = 0
configure:6989: result: yes
configure:6943: checking for string.h
configure:6959: gcc -c -O3 -fomit-frame-pointer -pipe -DNDEBUG -pedantic-errors -Wimplicit -Wparentheses -Wsequence-point -Wreturn-type -Wcast-qual -Wall    conftest.c >&5
configure:6965: $? = 0
configure:6969: test -z 
			 || test ! -s conftest.err
configure:6972: $? = 0
configure:6975: test -s conftest.o
configure:6978: $? = 0
configure:6989: result: yes
configure:6943: checking for memory.h
configure:6959: gcc -c -O3 -fomit-frame-pointer -pipe -DNDEBUG -pedantic-errors -Wimplicit -Wparentheses -Wsequence-point -Wreturn-type -Wcast-qual -Wall    conftest.c >&5
configure:6965: $? = 0
configure:6969: test -z 
			 || test ! -s conftest.err
configure:6972: $? = 0
configure:6975: test -s conftest.o
configure:6978: $? = 0
configure:6989: result: yes
configure:6943: checking for strings.h
configure:6959: gcc -c -O3 -fomit-frame-pointer -pipe -DNDEBUG -pedantic-errors -Wimplicit -Wparentheses -Wsequence-point -Wreturn-type -Wcast-qual -Wall    conftest.c >&5
configure:6965: $? = 0
configure:6969: test -z 
			 || test ! -s conftest.err
configure:6972: $? = 0
configure:6975: test -s conftest.o
configure:6978: $? = 0
configure:6989: result: yes
configure:6943: checking for inttypes.h
configure:6959: gcc -c -O3 -fomit-frame-pointer -pipe -DNDEBUG -pedantic-errors -Wimplicit -Wparentheses -Wsequence-point -Wreturn-type -Wcast-qual -Wall    conftest.c >&5
configure:6965: $? = 0
configure:6969: test -z 
			 || test ! -s conftest.err
configure:6972: $? = 0
configure:6975: test -s conftest.o
configure:6978: $? = 0
configure:6989: result: yes
configure:6943: checking for stdint.h
configure:6959: gcc -c -O3 -fomit-frame-pointer -pipe -DNDEBUG -pedantic-errors -Wimplicit -Wparentheses -Wsequence-point -Wreturn-type -Wcast-qual -Wall    conftest.c >&5
configure:6965: $? = 0
configure:6969: test -z 
			 || test ! -s conftest.err
configure:6972: $? = 0
configure:6975: test -s conftest.o
configure:6978: $? = 0
configure:6989: result: yes
configure:6943: checking for unistd.h
configure:6959: gcc -c -O3 -fomit-frame-pointer -pipe -DNDEBUG -pedantic-errors -Wimplicit -Wparentheses -Wsequence-point -Wreturn-type -Wcast-qual -Wall    conftest.c >&5
configure:6965: $? = 0
configure:6969: test -z 
			 || test ! -s conftest.err
configure:6972: $? = 0
configure:6975: test -s conftest.o
configure:6978: $? = 0
configure:6989: result: yes
configure:7015: checking dlfcn.h usability
configure:7027: gcc -c -O3 -fomit-frame-pointer -pipe -DNDEBUG -pedantic-errors -Wimplicit -Wparentheses -Wsequence-point -Wreturn-type -Wcast-qual -Wall    conftest.c >&5
configure:7033: $? = 0
configure:7037: test -z 
			 || test ! -s conftest.err
configure:7040: $? = 0
configure:7043: test -s conftest.o
configure:7046: $? = 0
configure:7056: result: yes
configure:7060: checking dlfcn.h presence
configure:7070: gcc -E  conftest.c
configure:7076: $? = 0
configure:7096: result: yes
configure:7131: checking for dlfcn.h
configure:7138: result: yes
configure:7161: checking how to run the C++ preprocessor
configure:7192: g++ -E  conftest.cc
configure:7198: $? = 0
configure:7230: g++ -E  conftest.cc
conftest.cc:25:28: fatal error: ac_nonexistent.h: No such file or directory
 #include <ac_nonexistent.h>
                            ^
compilation terminated.
configure:7236: $? = 1
configure: failed program was:
| /* confdefs.h.  */
| 
| #define PACKAGE_NAME "Bcp"
| #define PACKAGE_TARNAME "bcp"
| #define PACKAGE_VERSION "1.1.3"
| #define PACKAGE_STRING "Bcp 1.1.3"
| #define PACKAGE_BUGREPORT "https://projects.coin-or.org/Bcp/newticket"
| #ifdef __cplusplus
| extern "C" void exit (int);
| #endif
| #define PACKAGE "bcp"
| #define VERSION "1.1.3"
| #define STDC_HEADERS 1
| #define HAVE_SYS_TYPES_H 1
| #define HAVE_SYS_STAT_H 1
| #define HAVE_STDLIB_H 1
| #define HAVE_STRING_H 1
| #define HAVE_MEMORY_H 1
| #define HAVE_STRINGS_H 1
| #define HAVE_INTTYPES_H 1
| #define HAVE_STDINT_H 1
| #define HAVE_UNISTD_H 1
| #define HAVE_DLFCN_H 1
| /* end confdefs.h.  */
| #include <ac_nonexistent.h>
configure:7275: result: g++ -E
configure:7299: g++ -E  conftest.cc
configure:7305: $? = 0
configure:7337: g++ -E  conftest.cc
conftest.cc:25:28: fatal error: ac_nonexistent.h: No such file or directory
 #include <ac_nonexistent.h>
                            ^
compilation terminated.
configure:7343: $? = 1
configure: failed program was:
| /* confdefs.h.  */
| 
| #define PACKAGE_NAME "Bcp"
| #define PACKAGE_TARNAME "bcp"
| #define PACKAGE_VERSION "1.1.3"
| #define PACKAGE_STRING "Bcp 1.1.3"
| #define PACKAGE_BUGREPORT "https://projects.coin-or.org/Bcp/newticket"
| #ifdef __cplusplus
| extern "C" void exit (int);
| #endif
| #define PACKAGE "bcp"
| #define VERSION "1.1.3"
| #define STDC_HEADERS 1
| #define HAVE_SYS_TYPES_H 1
| #define HAVE_SYS_STAT_H 1
| #define HAVE_STDLIB_H 1
| #define HAVE_STRING_H 1
| #define HAVE_MEMORY_H 1
| #define HAVE_STRINGS_H 1
| #define HAVE_INTTYPES_H 1
| #define HAVE_STDINT_H 1
| #define HAVE_UNISTD_H 1
| #define HAVE_DLFCN_H 1
| /* end confdefs.h.  */
| #include <ac_nonexistent.h>
configure:7392: checking the maximum length of command line arguments
configure:7501: result: 8192
configure:7512: checking command to parse /usr/bin/nm -B output from gcc object
configure:7617: g++ -c -fpermissive    conftest.cc >&5
configure:7620: $? = 0
configure:7624: /usr/bin/nm -B conftest.o \| sed -n -e 's/^.*[ 	]\([ABCDGIRSTW][ABCDGIRSTW]*\)[ 	][ 	]*\([_A-Za-z][_A-Za-z0-9]*\)$/\1 \2 \2/p' \> conftest.nm
configure:7627: $? = 0
cannot find nm_test_var in conftest.nm
configure:7617: g++ -c -fpermissive    conftest.cc >&5
configure:7620: $? = 0
configure:7624: /usr/bin/nm -B conftest.o \| sed -n -e 's/^.*[ 	]\([ABCDGIRSTW][ABCDGIRSTW]*\)[ 	][ 	]*_\([_A-Za-z][_A-Za-z0-9]*\)$/\1 _\2 \2/p' \> conftest.nm
configure:7627: $? = 0
configure:7679: g++ -o conftest.exe -fpermissive     conftest.cc conftstm.o >&5
configure:7682: $? = 0
configure:7720: result: ok
configure:7724: checking for objdir
configure:7739: result: .libs
configure:7829: checking for ar
configure:7845: found /usr/bin/ar
configure:7856: result: ar
configure:7909: checking for ranlib
configure:7925: found /usr/bin/ranlib
configure:7936: result: ranlib
configure:7989: checking for strip
configure:8005: found /usr/bin/strip
configure:8016: result: strip
configure:8292: checking if gcc supports -fno-rtti -fno-exceptions
configure:8310: gcc -c -O3 -fomit-frame-pointer -pipe -DNDEBUG -pedantic-errors -Wimplicit -Wparentheses -Wsequence-point -Wreturn-type -Wcast-qual -Wall    -fno-rtti -fno-exceptions conftest.c >&5
cc1: warning: command line option '-fno-rtti' is valid for C++/ObjC++ but not for C
configure:8314: $? = 0
configure:8327: result: no
configure:8342: checking for gcc option to produce PIC
configure:8552: result: 
configure:8623: checking if gcc static flag -static works
configure:8651: result: yes
configure:8661: checking if gcc supports -c -o file.o
configure:8682: gcc -c -O3 -fomit-frame-pointer -pipe -DNDEBUG -pedantic-errors -Wimplicit -Wparentheses -Wsequence-point -Wreturn-type -Wcast-qual -Wall    -o out/conftest2.o conftest.c >&5
configure:8686: $? = 0
configure:8708: result: yes
configure:8734: checking whether the gcc linker (/usr/i686-pc-cygwin/bin/ld.exe) supports shared libraries
configure:9692: result: yes
configure:9759: checking dynamic linker characteristics
configure:10347: result: Win32 ld.exe
configure:10356: checking how to hardcode library paths into programs
configure:10381: result: immediate
configure:10395: checking whether stripping libraries is possible
configure:10400: result: yes
configure:11234: checking if libtool supports shared libraries
configure:11236: result: yes
configure:11239: checking whether to build shared libraries
configure:11260: result: no
configure:11263: checking whether to build static libraries
configure:11267: result: yes
configure:11359: creating libtool
configure:11947: checking for ld used by g++
configure:12014: result: /usr/i686-pc-cygwin/bin/ld.exe
configure:12023: checking if the linker (/usr/i686-pc-cygwin/bin/ld.exe) is GNU ld
configure:12038: result: yes
configure:12089: checking whether the g++ linker (/usr/i686-pc-cygwin/bin/ld.exe) supports shared libraries
configure:13027: result: yes
configure:13049: g++ -c -fpermissive    conftest.cpp >&5
configure:13052: $? = 0
configure:13171: checking for g++ option to produce PIC
configure:13445: result: 
configure:13516: checking if g++ static flag -static works
configure:13544: result: yes
configure:13554: checking if g++ supports -c -o file.o
configure:13575: g++ -c -fpermissive    -o out/conftest2.o conftest.cpp >&5
configure:13579: $? = 0
configure:13601: result: yes
configure:13627: checking whether the g++ linker (/usr/i686-pc-cygwin/bin/ld.exe) supports shared libraries
configure:13652: result: yes
configure:13719: checking dynamic linker characteristics
configure:14307: result: Win32 ld.exe
configure:14316: checking how to hardcode library paths into programs
configure:14341: result: immediate
configure:14867: checking if libtool supports shared libraries
configure:14869: result: yes
configure:14872: checking whether to build shared libraries
configure:14892: result: no
configure:14895: checking whether to build static libraries
configure:14899: result: yes
configure:14909: checking for gfortran option to produce PIC
configure:15119: result: 
configure:15190: checking if gfortran static flag -static works
configure:15218: result: yes
configure:15228: checking if gfortran supports -c -o file.o
configure:15249: gfortran -c -O3 -fomit-frame-pointer -pipe   -o out/conftest2.o conftest.f >&5
configure:15253: $? = 0
configure:15275: result: yes
configure:15301: checking whether the gfortran linker (/usr/i686-pc-cygwin/bin/ld.exe) supports shared libraries
configure:16239: result: yes
configure:16306: checking dynamic linker characteristics
configure:16894: result: Win32 ld.exe
configure:16903: checking how to hardcode library paths into programs
configure:16928: result: immediate
configure:20514: Build is "i686-pc-cygwin".
configure:20588: Applying patches to libtool for GNU compiler
configure:20725: checking whether directory CoinUtils is available
configure:20740: result: yes
configure:20763: checking whether directory Vol is available
configure:20778: result: yes
configure:20801: checking whether directory Clp is available
configure:20816: result: yes
configure:20839: checking whether directory Osi is available
configure:20854: result: yes
configure:20877: checking whether directory Cgl is available
configure:20892: result: yes
configure:20915: checking whether directory Bcp is available
configure:20930: result: yes
configure:20966: checking which command should be used to link input files
configure:20976: result: ln -s
configure:21180: creating ./config.status

## ---------------------- ##
## Running config.status. ##
## ---------------------- ##

This file was extended by Bcp config.status 1.1.3, which was
generated by GNU Autoconf 2.59.  Invocation command line was

  CONFIG_FILES    = 
  CONFIG_HEADERS  = 
  CONFIG_LINKS    = 
  CONFIG_COMMANDS = 
  $ ./config.status 

on mike-PC

config.status:744: creating Makefile
config.status:920: executing depfiles commands
configure:22322: configuring in CoinUtils
configure:22439: running /bin/sh '../../CoinUtils/configure' --prefix=/Bcp-1.1.3/build32  '--enable-shared' '--enable-static' '--disable-dependency-tracking' 'CXXFLAGS=-fpermissive' --cache-file=/dev/null --srcdir=../../CoinUtils
configure:22322: configuring in Vol
configure:22439: running /bin/sh '../../Vol/configure' --prefix=/Bcp-1.1.3/build32  '--enable-shared' '--enable-static' '--disable-dependency-tracking' 'CXXFLAGS=-fpermissive' --cache-file=/dev/null --srcdir=../../Vol
configure:22322: configuring in Clp
configure:22439: running /bin/sh '../../Clp/configure' --prefix=/Bcp-1.1.3/build32  '--enable-shared' '--enable-static' '--disable-dependency-tracking' 'CXXFLAGS=-fpermissive' --cache-file=/dev/null --srcdir=../../Clp
configure:22322: configuring in Osi
configure:22439: running /bin/sh '../../Osi/configure' --prefix=/Bcp-1.1.3/build32  '--enable-shared' '--enable-static' '--disable-dependency-tracking' 'CXXFLAGS=-fpermissive' --cache-file=/dev/null --srcdir=../../Osi
configure:22322: configuring in Cgl
configure:22439: running /bin/sh '../../Cgl/configure' --prefix=/Bcp-1.1.3/build32  '--enable-shared' '--enable-static' '--disable-dependency-tracking' 'CXXFLAGS=-fpermissive' --cache-file=/dev/null --srcdir=../../Cgl
configure:22322: configuring in Bcp
configure:22439: running /bin/sh '../../Bcp/configure' --prefix=/Bcp-1.1.3/build32  '--enable-shared' '--enable-static' '--disable-dependency-tracking' 'CXXFLAGS=-fpermissive' --cache-file=/dev/null --srcdir=../../Bcp
configure:22512: Main configuration of Bcp successful

## ---------------- ##
## Cache variables. ##
## ---------------- ##

ac_cv_build=i686-pc-cygwin
ac_cv_build_alias=i686-pc-cygwin
ac_cv_c_compiler_gnu=yes
ac_cv_cxx_compiler_gnu=yes
ac_cv_env_ADD_CFLAGS_set=
ac_cv_env_ADD_CFLAGS_value=
ac_cv_env_ADD_CXXFLAGS_set=
ac_cv_env_ADD_CXXFLAGS_value=
ac_cv_env_ADD_FFLAGS_set=
ac_cv_env_ADD_FFLAGS_value=
ac_cv_env_CC_set=
ac_cv_env_CC_value=
ac_cv_env_CDEFS_set=
ac_cv_env_CDEFS_value=
ac_cv_env_CFLAGS_set=
ac_cv_env_CFLAGS_value=
ac_cv_env_COIN_SKIP_PROJECTS_set=
ac_cv_env_COIN_SKIP_PROJECTS_value=
ac_cv_env_CPPFLAGS_set=
ac_cv_env_CPPFLAGS_value=
ac_cv_env_CPP_set=
ac_cv_env_CPP_value=
ac_cv_env_CXXCPP_set=
ac_cv_env_CXXCPP_value=
ac_cv_env_CXXDEFS_set=
ac_cv_env_CXXDEFS_value=
ac_cv_env_CXXFLAGS_set=set
ac_cv_env_CXXFLAGS_value=-fpermissive
ac_cv_env_CXX_set=
ac_cv_env_CXX_value=
ac_cv_env_DBG_CFLAGS_set=
ac_cv_env_DBG_CFLAGS_value=
ac_cv_env_DBG_CXXFLAGS_set=
ac_cv_env_DBG_CXXFLAGS_value=
ac_cv_env_DBG_FFLAGS_set=
ac_cv_env_DBG_FFLAGS_value=
ac_cv_env_F77_set=
ac_cv_env_F77_value=
ac_cv_env_FFLAGS_set=
ac_cv_env_FFLAGS_value=
ac_cv_env_LDFLAGS_set=
ac_cv_env_LDFLAGS_value=
ac_cv_env_MPICC_set=
ac_cv_env_MPICC_value=
ac_cv_env_MPICXX_set=
ac_cv_env_MPICXX_value=
ac_cv_env_MPIF77_set=
ac_cv_env_MPIF77_value=
ac_cv_env_OPT_CFLAGS_set=
ac_cv_env_OPT_CFLAGS_value=
ac_cv_env_OPT_CXXFLAGS_set=
ac_cv_env_OPT_CXXFLAGS_value=
ac_cv_env_OPT_FFLAGS_set=
ac_cv_env_OPT_FFLAGS_value=
ac_cv_env_build_alias_set=
ac_cv_env_build_alias_value=
ac_cv_env_host_alias_set=
ac_cv_env_host_alias_value=
ac_cv_env_target_alias_set=
ac_cv_env_target_alias_value=
ac_cv_exeext=.exe
ac_cv_f77_compiler_gnu=yes
ac_cv_header_dlfcn_h=yes
ac_cv_header_inttypes_h=yes
ac_cv_header_memory_h=yes
ac_cv_header_stdc=yes
ac_cv_header_stdint_h=yes
ac_cv_header_stdlib_h=yes
ac_cv_header_string_h=yes
ac_cv_header_strings_h=yes
ac_cv_header_sys_stat_h=yes
ac_cv_header_sys_types_h=yes
ac_cv_header_unistd_h=yes
ac_cv_host=i686-pc-cygwin
ac_cv_host_alias=i686-pc-cygwin
ac_cv_objext=o
ac_cv_path_install='/usr/bin/install -c'
ac_cv_prog_AWK=gawk
ac_cv_prog_CPP='gcc -E'
ac_cv_prog_CXXCPP='g++ -E'
ac_cv_prog_F77=gfortran
ac_cv_prog_ac_ct_AR=ar
ac_cv_prog_ac_ct_CC=gcc
ac_cv_prog_ac_ct_CXX=g++
ac_cv_prog_ac_ct_RANLIB=ranlib
ac_cv_prog_ac_ct_STRIP=strip
ac_cv_prog_cc_g=yes
ac_cv_prog_cc_stdc=
ac_cv_prog_cxx_g=yes
ac_cv_prog_egrep='grep -E'
ac_cv_prog_f77_g=yes
ac_cv_prog_make_make_set=yes
am_cv_CC_dependencies_compiler_type=none
am_cv_CXX_dependencies_compiler_type=none
lt_cv_deplibs_check_method='file_magic ^x86 archive import|^x86 DLL'
lt_cv_file_magic_cmd=func_win32_libid
lt_cv_file_magic_test_file=
lt_cv_ld_reload_flag=-r
lt_cv_objdir=.libs
lt_cv_path_LD=/usr/i686-pc-cygwin/bin/ld.exe
lt_cv_path_LDCXX=/usr/i686-pc-cygwin/bin/ld.exe
lt_cv_path_NM='/usr/bin/nm -B'
lt_cv_path_SED=/usr/bin/sed
lt_cv_prog_compiler_c_o=yes
lt_cv_prog_compiler_c_o_CXX=yes
lt_cv_prog_compiler_c_o_F77=yes
lt_cv_prog_compiler_rtti_exceptions=no
lt_cv_prog_gnu_ld=yes
lt_cv_prog_gnu_ldcxx=yes
lt_cv_sys_global_symbol_pipe='sed -n -e '\''s/^.*[ 	]\([ABCDGIRSTW][ABCDGIRSTW]*\)[ 	][ 	]*_\([_A-Za-z][_A-Za-z0-9]*\)$/\1 _\2 \2/p'\'''
lt_cv_sys_global_symbol_to_c_name_address='sed -n -e '\''s/^: \([^ ]*\) $/  {\"\1\", (lt_ptr) 0},/p'\'' -e '\''s/^[BCDEGRST] \([^ ]*\) \([^ ]*\)$/  {"\2", (lt_ptr) \&\2},/p'\'''
lt_cv_sys_global_symbol_to_cdecl='sed -n -e '\''s/^. .* \(.*\)$/extern int \1;/p'\'''
lt_cv_sys_max_cmd_len=8192
lt_lt_cv_prog_compiler_c_o='"yes"'
lt_lt_cv_prog_compiler_c_o_CXX='"yes"'
lt_lt_cv_prog_compiler_c_o_F77='"yes"'
lt_lt_cv_sys_global_symbol_pipe='"sed -n -e '\''s/^.*[ 	]\\([ABCDGIRSTW][ABCDGIRSTW]*\\)[ 	][ 	]*_\\([_A-Za-z][_A-Za-z0-9]*\\)\$/\\1 _\\2 \\2/p'\''"'
lt_lt_cv_sys_global_symbol_to_c_name_address='"sed -n -e '\''s/^: \\([^ ]*\\) \$/  {\\\"\\1\\\", (lt_ptr) 0},/p'\'' -e '\''s/^[BCDEGRST] \\([^ ]*\\) \\([^ ]*\\)\$/  {\"\\2\", (lt_ptr) \\&\\2},/p'\''"'
lt_lt_cv_sys_global_symbol_to_cdecl='"sed -n -e '\''s/^. .* \\(.*\\)\$/extern int \\1;/p'\''"'

## ----------------- ##
## Output variables. ##
## ----------------- ##

ACLOCAL='${SHELL} /Bcp-1.1.3/missing --run aclocal-1.9'
ADD_CFLAGS=''
ADD_CXXFLAGS=''
ADD_FFLAGS=''
AMDEPBACKSLASH=''
AMDEP_FALSE=''
AMDEP_TRUE='#'
AMTAR='${SHELL} /Bcp-1.1.3/missing --run tar'
AR='ar'
AUTOCONF='${SHELL} /Bcp-1.1.3/missing --run autoconf'
AUTOHEADER='${SHELL} /Bcp-1.1.3/missing --run autoheader'
AUTOMAKE='${SHELL} /Bcp-1.1.3/missing --run automake-1.9'
AUX_DIR=''
AWK='gawk'
BUILDTOOLSDIR=''
CC='gcc'
CCDEPMODE='depmode=none'
CDEFS=''
CFLAGS='-O3 -fomit-frame-pointer -pipe -DNDEBUG -pedantic-errors -Wimplicit -Wparentheses -Wsequence-point -Wreturn-type -Wcast-qual -Wall  '
COIN_SKIP_PROJECTS=''
CPP='gcc -E'
CPPFLAGS=''
CXX='g++'
CXXCPP='g++ -E'
CXXDEFS=''
CXXDEPMODE='depmode=none'
CXXFLAGS='-fpermissive  '
CYGPATH_W='cygpath -w'
DBG_CFLAGS='-g -pipe -pedantic-errors -Wimplicit -Wparentheses -Wsequence-point -Wreturn-type -Wcast-qual -Wall  '
DBG_CXXFLAGS='-fpermissive  '
DBG_FFLAGS='-g -pipe  '
DEFS='-DPACKAGE_NAME=\"Bcp\" -DPACKAGE_TARNAME=\"bcp\" -DPACKAGE_VERSION=\"1.1.3\" -DPACKAGE_STRING=\"Bcp\ 1.1.3\" -DPACKAGE_BUGREPORT=\"https://projects.coin-or.org/Bcp/newticket\" -DPACKAGE=\"bcp\" -DVERSION=\"1.1.3\" -DSTDC_HEADERS=1 -DHAVE_SYS_TYPES_H=1 -DHAVE_SYS_STAT_H=1 -DHAVE_STDLIB_H=1 -DHAVE_STRING_H=1 -DHAVE_MEMORY_H=1 -DHAVE_STRINGS_H=1 -DHAVE_INTTYPES_H=1 -DHAVE_STDINT_H=1 -DHAVE_UNISTD_H=1 -DHAVE_DLFCN_H=1 '
DEPDIR='.deps'
ECHO='echo'
ECHO_C=''
ECHO_N='-n'
ECHO_T=''
EGREP='grep -E'
EXEEXT='.exe'
F77='gfortran'
FFLAGS='-O3 -fomit-frame-pointer -pipe  '
HAVE_EXTERNALS_FALSE=''
HAVE_EXTERNALS_TRUE='#'
INSTALL_DATA='${INSTALL} -m 644'
INSTALL_PROGRAM='${INSTALL}'
INSTALL_SCRIPT='${INSTALL}'
INSTALL_STRIP_PROGRAM='${SHELL} $(install_sh) -c -s'
LDFLAGS=''
LIBEXT='a'
LIBOBJS=''
LIBS=''
LIBTOOL='$(SHELL) $(top_builddir)/libtool'
LIBTOOLM4=''
LN_S='ln -s'
LTLIBOBJS=''
LT_LDFLAGS=''
MAINT='#'
MAINTAINER_MODE_FALSE=''
MAINTAINER_MODE_TRUE='#'
MAKEINFO='${SHELL} /Bcp-1.1.3/missing --run makeinfo'
MPICC=''
MPICXX=''
MPIF77=''
OBJEXT='o'
OPT_CFLAGS='-O3 -fomit-frame-pointer -pipe -DNDEBUG -pedantic-errors -Wimplicit -Wparentheses -Wsequence-point -Wreturn-type -Wcast-qual -Wall  '
OPT_CXXFLAGS='-fpermissive  '
OPT_FFLAGS='-O3 -fomit-frame-pointer -pipe  '
PACKAGE='bcp'
PACKAGE_BUGREPORT='https://projects.coin-or.org/Bcp/newticket'
PACKAGE_NAME='Bcp'
PACKAGE_STRING='Bcp 1.1.3'
PACKAGE_TARNAME='bcp'
PACKAGE_VERSION='1.1.3'
PATH_SEPARATOR=':'
RANLIB='ranlib'
RPATH_FLAGS=''
SET_MAKE=''
SHELL='/bin/sh'
STRIP='strip'
VERSION='1.1.3'
VPATH_DISTCLEANFILES=''
abs_bin_dir='/Bcp-1.1.3/build32/bin'
abs_include_dir='/Bcp-1.1.3/build32/include'
abs_lib_dir='/Bcp-1.1.3/build32/lib'
abs_source_dir='/Bcp-1.1.3'
ac_c_preproc_warn_flag=''
ac_ct_AR='ar'
ac_ct_CC='gcc'
ac_ct_CXX='g++'
ac_ct_F77=''
ac_ct_RANLIB='ranlib'
ac_ct_STRIP='strip'
ac_cxx_preproc_warn_flag=''
am__fastdepCC_FALSE=''
am__fastdepCC_TRUE='#'
am__fastdepCXX_FALSE=''
am__fastdepCXX_TRUE='#'
am__include='include'
am__leading_dot='.'
am__quote=''
am__tar='${AMTAR} chof - "$$tardir"'
am__untar='${AMTAR} xf -'
bindir='${exec_prefix}/bin'
build='i686-pc-cygwin'
build_alias=''
build_cpu='i686'
build_os='cygwin'
build_vendor='pc'
datadir='${prefix}/share'
exec_prefix='${prefix}'
have_autoconf=''
have_automake=''
have_svn=''
host='i686-pc-cygwin'
host_alias=''
host_cpu='i686'
host_os='cygwin'
host_vendor='pc'
includedir='${prefix}/include'
infodir='${prefix}/info'
install_sh='/Bcp-1.1.3/install-sh'
libdir='${exec_prefix}/lib'
libexecdir='${exec_prefix}/libexec'
localstatedir='${prefix}/var'
mandir='${prefix}/man'
mkdir_p='mkdir -p --'
oldincludedir='/usr/include'
prefix='/Bcp-1.1.3/build32'
program_transform_name='s,x,x,'
sbindir='${exec_prefix}/sbin'
sharedstatedir='${prefix}/com'
sol_cc_compiler=''
subdirs=' CoinUtils Vol Clp Osi Cgl Bcp'
sysconfdir='${prefix}/etc'
target_alias=''

## ----------- ##
## confdefs.h. ##
## ----------- ##

#define HAVE_DLFCN_H 1
#define HAVE_INTTYPES_H 1
#define HAVE_MEMORY_H 1
#define HAVE_STDINT_H 1
#define HAVE_STDLIB_H 1
#define HAVE_STRINGS_H 1
#define HAVE_STRING_H 1
#define HAVE_SYS_STAT_H 1
#define HAVE_SYS_TYPES_H 1
#define HAVE_UNISTD_H 1
#define PACKAGE "bcp"
#define PACKAGE_BUGREPORT "https://projects.coin-or.org/Bcp/newticket"
#define PACKAGE_NAME "Bcp"
#define PACKAGE_STRING "Bcp 1.1.3"
#define PACKAGE_TARNAME "bcp"
#define PACKAGE_VERSION "1.1.3"
#define STDC_HEADERS 1
#define VERSION "1.1.3"
#endif
#ifdef __cplusplus
extern "C" void exit (int);

configure: exit 0
