This file contains any messages produced by compilers while
running configure, to aid debugging if configure makes a mistake.

It was created by Osi configure 0.98.2, which was
generated by GNU Autoconf 2.59.  Invocation command line was

  $ ../../Osi/configure --prefix=/Bcp-1.1.3/build32 --enable-shared --enable-static --disable-dependency-tracking CXXFLAGS=-fpermissive --cache-file=/dev/null --srcdir=../../Osi

## --------- ##
## Platform. ##
## --------- ##

hostname = mike-PC
uname -m = i686
uname -r = 1.7.34(0.285/5/3)
uname -s = CYGWIN_NT-6.1-WOW
uname -v = 2015-02-04 12:12

/usr/bin/uname -p = unknown
/bin/uname -X     = unknown

/bin/arch              = i686
/usr/bin/arch -k       = unknown
/usr/convex/getsysinfo = unknown
hostinfo               = unknown
/bin/machine           = unknown
/usr/bin/oslevel       = unknown
/bin/universe          = unknown

PATH: /usr/local/bin
PATH: /usr/bin
PATH: /cygdrive/c/ProgramData/Oracle/Java/javapath
PATH: /cygdrive/c/Program Files (x86)/PC Connectivity Solution
PATH: /cygdrive/c/Program Files (x86)/Common Files/Microsoft Shared/Windows Live
PATH: /cygdrive/c/Program Files (x86)/NVIDIA Corporation/PhysX/Common
PATH: /cygdrive/c/Program Files (x86)/AMD APP/bin/x86_64
PATH: /cygdrive/c/Program Files (x86)/AMD APP/bin/x86
PATH: /cygdrive/c/Program Files (x86)/Intel/iCLS Client
PATH: /cygdrive/c/Program Files/Intel/iCLS Client
PATH: /cygdrive/c/Windows/system32
PATH: /cygdrive/c/Windows
PATH: /cygdrive/c/Windows/System32/Wbem
PATH: /cygdrive/c/Windows/System32/WindowsPowerShell/v1.0
PATH: /cygdrive/c/Program Files/Intel/Intel(R) Management Engine Components/DAL
PATH: /cygdrive/c/Program Files/Intel/Intel(R) Management Engine Components/IPT
PATH: /cygdrive/c/Program Files (x86)/Intel/Intel(R) Management Engine Components/DAL
PATH: /cygdrive/c/Program Files (x86)/Intel/Intel(R) Management Engine Components/IPT
PATH: /cygdrive/c/Program Files (x86)/ATI Technologies/ATI.ACE/Core-Static
PATH: /cygdrive/c/Users/mike/AppData/Local/Smartbar/Application
PATH: /cygdrive/c/Users/mike/AppData/Local/Smartbar/Application
PATH: /cygdrive/c/Program Files/Common Files/Microsoft Shared/Windows Live
PATH: /cygdrive/c/Program Files (x86)/OpenVPN/bin
PATH: /usr/lib/lapack


## ----------- ##
## Core tests. ##
## ----------- ##

configure:1681: checking build system type
configure:1699: result: i686-pc-cygwin
configure:1737: checking whether we want to compile in debug mode
configure:1784: result: no
configure:2046: checking for gcc
configure:2062: found /usr/bin/gcc
configure:2072: result: gcc
configure:2093: checking for C compiler version
configure:2096: gcc --version </dev/null >&5
gcc (GCC) 4.9.2
Copyright (C) 2014 Free Software Foundation, Inc.
This is free software; see the source for copying conditions.  There is NO
warranty; not even for MERCHANTABILITY or FITNESS FOR A PARTICULAR PURPOSE.

configure:2099: $? = 0
configure:2101: gcc -v </dev/null >&5
Using built-in specs.
COLLECT_GCC=gcc
COLLECT_LTO_WRAPPER=/usr/lib/gcc/i686-pc-cygwin/4.9.2/lto-wrapper.exe
Target: i686-pc-cygwin
Configured with: /cygdrive/i/szsz/tmpp/gcc/gcc-4.9.2-2.i686/src/gcc-4.9.2/configure --srcdir=/cygdrive/i/szsz/tmpp/gcc/gcc-4.9.2-2.i686/src/gcc-4.9.2 --prefix=/usr --exec-prefix=/usr --bindir=/usr/bin --sbindir=/usr/sbin --libexecdir=/usr/libexec --datadir=/usr/share --localstatedir=/var --sysconfdir=/etc --libdir=/usr/lib --datarootdir=/usr/share --docdir=/usr/share/doc/gcc --htmldir=/usr/share/doc/gcc/html -C --build=i686-pc-cygwin --host=i686-pc-cygwin --target=i686-pc-cygwin --without-libiconv-prefix --without-libintl-prefix --libexecdir=/usr/lib --enable-shared --enable-shared-libgcc --enable-static --enable-version-specific-runtime-libs --enable-bootstrap --enable-__cxa_atexit --with-dwarf2 --with-arch=i686 --with-tune=generic --disable-sjlj-exceptions --enable-languages=ada,c,c++,fortran,java,lto,objc,obj-c++ --enable-graphite --enable-threads=posix --enable-libatomic --enable-libgomp --disable-libitm --enable-libquadmath --enable-libquadmath-support --enable-libssp --enable-libada --enable-libjava --enable-libgcj-sublibs --disable-java-awt --disable-symvers --with-ecj-jar=/usr/share/java/ecj.jar --with-gnu-ld --with-gnu-as --with-cloog-include=/usr/include/cloog-isl --without-libiconv-prefix --without-libintl-prefix --with-system-zlib --enable-linker-build-id
Thread model: posix
gcc version 4.9.2 (GCC) 
configure:2104: $? = 0
configure:2106: gcc -V </dev/null >&5
gcc: error: unrecognized command line option '-V'
gcc: fatal error: no input files
compilation terminated.
configure:2109: $? = 1
configure:2132: checking for C compiler default output file name
configure:2135: gcc    conftest.c  >&5
configure:2138: $? = 0
configure:2184: result: a.exe
configure:2189: checking whether the C compiler works
configure:2195: ./a.exe
configure:2198: $? = 0
configure:2215: result: yes
configure:2222: checking whether we are cross compiling
configure:2224: result: no
configure:2227: checking for suffix of executables
configure:2229: gcc -o conftest.exe    conftest.c  >&5
configure:2232: $? = 0
configure:2257: result: .exe
configure:2263: checking for suffix of object files
configure:2284: gcc -c   conftest.c >&5
configure:2287: $? = 0
configure:2309: result: o
configure:2313: checking whether we are using the GNU C compiler
configure:2337: gcc -c   conftest.c >&5
configure:2343: $? = 0
configure:2347: test -z 
			 || test ! -s conftest.err
configure:2350: $? = 0
configure:2353: test -s conftest.o
configure:2356: $? = 0
configure:2369: result: yes
configure:2375: checking whether gcc accepts -g
configure:2396: gcc -c -g  conftest.c >&5
configure:2402: $? = 0
configure:2406: test -z 
			 || test ! -s conftest.err
configure:2409: $? = 0
configure:2412: test -s conftest.o
configure:2415: $? = 0
configure:2426: result: yes
configure:2443: checking for gcc option to accept ANSI C
configure:2513: gcc  -c -g -O2  conftest.c >&5
configure:2519: $? = 0
configure:2523: test -z 
			 || test ! -s conftest.err
configure:2526: $? = 0
configure:2529: test -s conftest.o
configure:2532: $? = 0
configure:2550: result: none needed
configure:2568: gcc -c -g -O2  conftest.c >&5
conftest.c:2:3: error: unknown type name 'choke'
   choke me
   ^
conftest.c:2:3: error: expected '=', ',', ';', 'asm' or '__attribute__' at end of input
configure:2574: $? = 1
configure: failed program was:
| #ifndef __cplusplus
|   choke me
| #endif
configure:3022: gcc -o conftest.exe -O3 -fomit-frame-pointer -pipe -DNDEBUG -pedantic-errors -Wimplicit -Wparentheses -Wsequence-point -Wreturn-type -Wcast-qual -Wall     conftest.c  >&5
configure:3028: $? = 0
configure:3032: test -z 
			 || test ! -s conftest.err
configure:3035: $? = 0
configure:3038: test -s conftest.exe
configure:3041: $? = 0
configure:3108: C compiler options are: -O3 -fomit-frame-pointer -pipe -DNDEBUG -pedantic-errors -Wimplicit -Wparentheses -Wsequence-point -Wreturn-type -Wcast-qual -Wall  
configure:3235: checking for g++
configure:3251: found /usr/bin/g++
configure:3261: result: g++
configure:3277: checking for C++ compiler version
configure:3280: g++ --version </dev/null >&5
g++ (GCC) 4.9.2
Copyright (C) 2014 Free Software Foundation, Inc.
This is free software; see the source for copying conditions.  There is NO
warranty; not even for MERCHANTABILITY or FITNESS FOR A PARTICULAR PURPOSE.

configure:3283: $? = 0
configure:3285: g++ -v </dev/null >&5
Using built-in specs.
COLLECT_GCC=g++
COLLECT_LTO_WRAPPER=/usr/lib/gcc/i686-pc-cygwin/4.9.2/lto-wrapper.exe
Target: i686-pc-cygwin
Configured with: /cygdrive/i/szsz/tmpp/gcc/gcc-4.9.2-2.i686/src/gcc-4.9.2/configure --srcdir=/cygdrive/i/szsz/tmpp/gcc/gcc-4.9.2-2.i686/src/gcc-4.9.2 --prefix=/usr --exec-prefix=/usr --bindir=/usr/bin --sbindir=/usr/sbin --libexecdir=/usr/libexec --datadir=/usr/share --localstatedir=/var --sysconfdir=/etc --libdir=/usr/lib --datarootdir=/usr/share --docdir=/usr/share/doc/gcc --htmldir=/usr/share/doc/gcc/html -C --build=i686-pc-cygwin --host=i686-pc-cygwin --target=i686-pc-cygwin --without-libiconv-prefix --without-libintl-prefix --libexecdir=/usr/lib --enable-shared --enable-shared-libgcc --enable-static --enable-version-specific-runtime-libs --enable-bootstrap --enable-__cxa_atexit --with-dwarf2 --with-arch=i686 --with-tune=generic --disable-sjlj-exceptions --enable-languages=ada,c,c++,fortran,java,lto,objc,obj-c++ --enable-graphite --enable-threads=posix --enable-libatomic --enable-libgomp --disable-libitm --enable-libquadmath --enable-libquadmath-support --enable-libssp --enable-libada --enable-libjava --enable-libgcj-sublibs --disable-java-awt --disable-symvers --with-ecj-jar=/usr/share/java/ecj.jar --with-gnu-ld --with-gnu-as --with-cloog-include=/usr/include/cloog-isl --without-libiconv-prefix --without-libintl-prefix --with-system-zlib --enable-linker-build-id
Thread model: posix
gcc version 4.9.2 (GCC) 
configure:3288: $? = 0
configure:3290: g++ -V </dev/null >&5
g++: error: unrecognized command line option '-V'
g++: fatal error: no input files
compilation terminated.
configure:3293: $? = 1
configure:3296: checking whether we are using the GNU C++ compiler
configure:3320: g++ -c -fpermissive  conftest.cc >&5
configure:3326: $? = 0
configure:3330: test -z 
			 || test ! -s conftest.err
configure:3333: $? = 0
configure:3336: test -s conftest.o
configure:3339: $? = 0
configure:3352: result: yes
configure:3358: checking whether g++ accepts -g
configure:3379: g++ -c -g  conftest.cc >&5
configure:3385: $? = 0
configure:3389: test -z 
			 || test ! -s conftest.err
configure:3392: $? = 0
configure:3395: test -s conftest.o
configure:3398: $? = 0
configure:3409: result: yes
configure:3451: g++ -c -fpermissive  conftest.cc >&5
configure:3457: $? = 0
configure:3461: test -z 
			 || test ! -s conftest.err
configure:3464: $? = 0
configure:3467: test -s conftest.o
configure:3470: $? = 0
configure:3496: g++ -c -fpermissive  conftest.cc >&5
conftest.cc: In function 'int main()':
conftest.cc:15:9: error: 'exit' was not declared in this scope
 exit (42);
         ^
configure:3502: $? = 1
configure: failed program was:
| /* confdefs.h.  */
| 
| #define PACKAGE_NAME "Osi"
| #define PACKAGE_TARNAME "osi"
| #define PACKAGE_VERSION "0.98.2"
| #define PACKAGE_STRING "Osi 0.98.2"
| #define PACKAGE_BUGREPORT "coin-osi@list.coin-or.org"
| #define COIN_OSI_VERBOSITY 0
| #define COIN_OSI_CHECKLEVEL 0
| /* end confdefs.h.  */
| 
| int
| main ()
| {
| exit (42);
|   ;
|   return 0;
| }
configure:3451: g++ -c -fpermissive  conftest.cc >&5
conftest.cc:11:40: error: 'void std::exit(int)' should have been declared inside 'std'
 extern "C" void std::exit (int) throw (); using std::exit;
                                        ^
In file included from /usr/include/stdlib.h:11:0,
                 from conftest.cc:12:
/usr/include/stdlib.h:85:34: error: declaration of 'void std::exit(int)' has a different exception specifier
 _VOID _EXFUN(exit,(int __status) _ATTRIBUTE ((__noreturn__)));
                                  ^
conftest.cc:11:17: error: from previous declaration 'void std::exit(int) throw ()'
 extern "C" void std::exit (int) throw (); using std::exit;
                 ^
configure:3457: $? = 1
configure: failed program was:
| /* confdefs.h.  */
| 
| #define PACKAGE_NAME "Osi"
| #define PACKAGE_TARNAME "osi"
| #define PACKAGE_VERSION "0.98.2"
| #define PACKAGE_STRING "Osi 0.98.2"
| #define PACKAGE_BUGREPORT "coin-osi@list.coin-or.org"
| #define COIN_OSI_VERBOSITY 0
| #define COIN_OSI_CHECKLEVEL 0
| /* end confdefs.h.  */
| extern "C" void std::exit (int) throw (); using std::exit;
| #include <stdlib.h>
| int
| main ()
| {
| exit (42);
|   ;
|   return 0;
| }
configure:3451: g++ -c -fpermissive  conftest.cc >&5
conftest.cc:11:31: error: 'void std::exit(int)' should have been declared inside 'std'
 extern "C" void std::exit (int); using std::exit;
                               ^
configure:3457: $? = 1
configure: failed program was:
| /* confdefs.h.  */
| 
| #define PACKAGE_NAME "Osi"
| #define PACKAGE_TARNAME "osi"
| #define PACKAGE_VERSION "0.98.2"
| #define PACKAGE_STRING "Osi 0.98.2"
| #define PACKAGE_BUGREPORT "coin-osi@list.coin-or.org"
| #define COIN_OSI_VERBOSITY 0
| #define COIN_OSI_CHECKLEVEL 0
| /* end confdefs.h.  */
| extern "C" void std::exit (int); using std::exit;
| #include <stdlib.h>
| int
| main ()
| {
| exit (42);
|   ;
|   return 0;
| }
configure:3451: g++ -c -fpermissive  conftest.cc >&5
In file included from /usr/include/stdlib.h:11:0,
                 from conftest.cc:12:
/usr/include/stdlib.h:85:34: error: declaration of 'void exit(int)' has a different exception specifier
 _VOID _EXFUN(exit,(int __status) _ATTRIBUTE ((__noreturn__)));
                                  ^
conftest.cc:11:17: error: from previous declaration 'void exit(int) throw ()'
 extern "C" void exit (int) throw ();
                 ^
configure:3457: $? = 1
configure: failed program was:
| /* confdefs.h.  */
| 
| #define PACKAGE_NAME "Osi"
| #define PACKAGE_TARNAME "osi"
| #define PACKAGE_VERSION "0.98.2"
| #define PACKAGE_STRING "Osi 0.98.2"
| #define PACKAGE_BUGREPORT "coin-osi@list.coin-or.org"
| #define COIN_OSI_VERBOSITY 0
| #define COIN_OSI_CHECKLEVEL 0
| /* end confdefs.h.  */
| extern "C" void exit (int) throw ();
| #include <stdlib.h>
| int
| main ()
| {
| exit (42);
|   ;
|   return 0;
| }
configure:3451: g++ -c -fpermissive  conftest.cc >&5
configure:3457: $? = 0
configure:3461: test -z 
			 || test ! -s conftest.err
configure:3464: $? = 0
configure:3467: test -s conftest.o
configure:3470: $? = 0
configure:3496: g++ -c -fpermissive  conftest.cc >&5
configure:3502: $? = 0
configure:3506: test -z 
			 || test ! -s conftest.err
configure:3509: $? = 0
configure:3512: test -s conftest.o
configure:3515: $? = 0
configure:3875: g++ -o conftest.exe -fpermissive     conftest.cc  >&5
configure:3881: $? = 0
configure:3885: test -z 
			 || test ! -s conftest.err
configure:3888: $? = 0
configure:3891: test -s conftest.exe
configure:3894: $? = 0
configure:3961: C++ compiler options are: -fpermissive  
configure:4039: WARNING: On Cygwin, shared objects are not supported. I'm disabling your choice.
configure:4073: checking for egrep
configure:4083: result: grep -E
configure:4102: checking for a BSD-compatible install
configure:4157: result: /usr/bin/install -c
configure:4168: checking whether build environment is sane
configure:4211: result: yes
configure:4276: checking for gawk
configure:4292: found /usr/bin/gawk
configure:4302: result: gawk
configure:4312: checking whether make sets $(MAKE)
configure:4332: result: yes
configure:4362: checking for style of include used by make
configure:4390: result: GNU
configure:4570: checking dependency style of gcc
configure:4660: result: none
configure:4679: checking dependency style of g++
configure:4769: result: none
configure:4787: checking whether to enable maintainer-specific portions of Makefiles
configure:4796: result: no
configure:20295: Using libtool script in directory ..
configure:20353: checking for COIN project Cbc
configure:20408: result: unavailable
configure:20411: checking for COIN project Cgl
configure:20466: result: ../Cgl
configure:20469: checking for COIN project Clp
configure:20524: result: ../Clp
configure:20527: checking for COIN project CoinUtils
configure:20582: result: ../CoinUtils
configure:20585: checking for COIN project DyLP
configure:20640: result: unavailable
configure:20643: checking for COIN project Osi
configure:20698: result: .
configure:20701: checking for COIN project SYMPHONY
configure:20756: result: unavailable
configure:20759: checking for COIN project Vol
configure:20814: result: ../Vol
configure:20824: checking if user provides library for Cplex
configure:20869: result: no
configure:21007: checking if user provides library for FortMP
configure:21052: result: no
configure:21103: checking if user provides library for Mosek
configure:21148: result: no
configure:21286: checking if user provides library for Osl
configure:21331: result: no
configure:21469: checking if user provides library for Soplex
configure:21514: result: no
configure:21574: checking if user provides library for Xpress
configure:21619: result: no
configure:21771: checking if user provides library for Glpk
configure:21816: result: no
configure:22349: OsiCbc default solver is clp
configure:22498: OsiDylp informational printing enabled.
configure:22521: OsiDylp support for dylp statistics collection disabled.
configure:22548: OsiDylp paranoid checks at normal level.
configure:22687: checking which command should be used to link input files
configure:22697: result: ln -s
configure:23080: creating ./config.status

## ---------------------- ##
## Running config.status. ##
## ---------------------- ##

This file was extended by Osi config.status 0.98.2, which was
generated by GNU Autoconf 2.59.  Invocation command line was

  CONFIG_FILES    = 
  CONFIG_HEADERS  = 
  CONFIG_LINKS    = 
  CONFIG_COMMANDS = 
  $ ./config.status 

on mike-PC

config.status:862: creating Makefile
config.status:862: creating examples/Makefile
config.status:862: creating src/Makefile
config.status:862: creating src/OsiCbc/Makefile
config.status:862: creating src/OsiClp/Makefile
config.status:862: creating src/OsiCpx/Makefile
config.status:862: creating src/OsiDylp/Makefile
config.status:862: creating src/OsiFmp/Makefile
config.status:862: creating src/OsiGlpk/Makefile
config.status:862: creating src/OsiMsk/Makefile
config.status:862: creating src/OsiOsl/Makefile
config.status:862: creating src/OsiSpx/Makefile
config.status:862: creating src/OsiSym/Makefile
config.status:862: creating src/OsiVol/Makefile
config.status:862: creating src/OsiXpr/Makefile
config.status:862: creating test/Makefile
config.status:862: creating osi_addlibs.txt
config.status:959: creating inc/config_osi.h
config.status:1091: inc/config_osi.h is unchanged
config.status:1271: executing depfiles commands
configure:24594: Configuration of Osi successful

## ---------------- ##
## Cache variables. ##
## ---------------- ##

ac_cv_build=i686-pc-cygwin
ac_cv_build_alias=i686-pc-cygwin
ac_cv_c_compiler_gnu=yes
ac_cv_cxx_compiler_gnu=yes
ac_cv_env_ADD_CFLAGS_set=
ac_cv_env_ADD_CFLAGS_value=
ac_cv_env_ADD_CXXFLAGS_set=
ac_cv_env_ADD_CXXFLAGS_value=
ac_cv_env_CC_set=
ac_cv_env_CC_value=
ac_cv_env_CDEFS_set=
ac_cv_env_CDEFS_value=
ac_cv_env_CFLAGS_set=
ac_cv_env_CFLAGS_value=
ac_cv_env_CPPFLAGS_set=
ac_cv_env_CPPFLAGS_value=
ac_cv_env_CPP_set=
ac_cv_env_CPP_value=
ac_cv_env_CXXCPP_set=
ac_cv_env_CXXCPP_value=
ac_cv_env_CXXDEFS_set=
ac_cv_env_CXXDEFS_value=
ac_cv_env_CXXFLAGS_set=set
ac_cv_env_CXXFLAGS_value=-fpermissive
ac_cv_env_CXX_set=
ac_cv_env_CXX_value=
ac_cv_env_DBG_CFLAGS_set=
ac_cv_env_DBG_CFLAGS_value=
ac_cv_env_DBG_CXXFLAGS_set=
ac_cv_env_DBG_CXXFLAGS_value=
ac_cv_env_F77_set=
ac_cv_env_F77_value=
ac_cv_env_FFLAGS_set=
ac_cv_env_FFLAGS_value=
ac_cv_env_LDFLAGS_set=
ac_cv_env_LDFLAGS_value=
ac_cv_env_MPICC_set=
ac_cv_env_MPICC_value=
ac_cv_env_MPICXX_set=
ac_cv_env_MPICXX_value=
ac_cv_env_OPT_CFLAGS_set=
ac_cv_env_OPT_CFLAGS_value=
ac_cv_env_OPT_CXXFLAGS_set=
ac_cv_env_OPT_CXXFLAGS_value=
ac_cv_env_build_alias_set=
ac_cv_env_build_alias_value=
ac_cv_env_host_alias_set=
ac_cv_env_host_alias_value=
ac_cv_env_target_alias_set=
ac_cv_env_target_alias_value=
ac_cv_exeext=.exe
ac_cv_objext=o
ac_cv_path_install='/usr/bin/install -c'
ac_cv_prog_AWK=gawk
ac_cv_prog_ac_ct_CC=gcc
ac_cv_prog_ac_ct_CXX=g++
ac_cv_prog_cc_g=yes
ac_cv_prog_cc_stdc=
ac_cv_prog_cxx_g=yes
ac_cv_prog_egrep='grep -E'
ac_cv_prog_make_make_set=yes
am_cv_CC_dependencies_compiler_type=none
am_cv_CXX_dependencies_compiler_type=none

## ----------------- ##
## Output variables. ##
## ----------------- ##

ACLOCAL='${SHELL} /Bcp-1.1.3/missing --run aclocal-1.9'
ADDLIBS='-lm '
ADD_CFLAGS=''
ADD_CXXFLAGS=''
ALWAYS_FALSE_FALSE=''
ALWAYS_FALSE_TRUE='#'
AMDEPBACKSLASH=''
AMDEP_FALSE=''
AMDEP_TRUE='#'
AMTAR='${SHELL} /Bcp-1.1.3/missing --run tar'
AR='ar'
ASLLIB=''
ASL_CPPFLAGS=''
AUTOCONF='${SHELL} /Bcp-1.1.3/missing --run autoconf'
AUTOHEADER='${SHELL} /Bcp-1.1.3/missing --run autoheader'
AUTOMAKE='${SHELL} /Bcp-1.1.3/missing --run automake-1.9'
AUX_DIR=''
AWK='gawk'
BUILDTOOLSDIR=''
CBCDOCDIR=''
CBCOBJDIR=''
CBCSRCDIR=''
CC='gcc'
CCDEPMODE='depmode=none'
CDEFS=''
CFLAGS='-O3 -fomit-frame-pointer -pipe -DNDEBUG -pedantic-errors -Wimplicit -Wparentheses -Wsequence-point -Wreturn-type -Wcast-qual -Wall  '
CGLDOCDIR='/Bcp-1.1.3/build32/lib/../share/doc/coin/Cgl'
CGLOBJDIR='/Bcp-1.1.3/build32/Osi/../Cgl'
CGLSRCDIR='/Bcp-1.1.3/Cgl'
CLPDOCDIR='/Bcp-1.1.3/build32/lib/../share/doc/coin/Clp'
CLPOBJDIR='/Bcp-1.1.3/build32/Osi/../Clp'
CLPSRCDIR='/Bcp-1.1.3/Clp'
COINUTILSDOCDIR='/Bcp-1.1.3/build32/lib/../share/doc/coin/CoinUtils'
COINUTILSOBJDIR='/Bcp-1.1.3/build32/Osi/../CoinUtils'
COINUTILSSRCDIR='/Bcp-1.1.3/CoinUtils'
COIN_BUILD_GLPK_FALSE=''
COIN_BUILD_GLPK_TRUE='#'
COIN_HAS_ASL_FALSE=''
COIN_HAS_ASL_TRUE='#'
COIN_HAS_CBC_FALSE=''
COIN_HAS_CBC_TRUE='#'
COIN_HAS_CGL_FALSE='#'
COIN_HAS_CGL_TRUE=''
COIN_HAS_CLP_FALSE='#'
COIN_HAS_CLP_TRUE=''
COIN_HAS_COINUTILS_FALSE='#'
COIN_HAS_COINUTILS_TRUE=''
COIN_HAS_CPX_FALSE=''
COIN_HAS_CPX_TRUE='#'
COIN_HAS_DYLP_FALSE=''
COIN_HAS_DYLP_TRUE='#'
COIN_HAS_FMP_FALSE=''
COIN_HAS_FMP_TRUE='#'
COIN_HAS_GLPK_FALSE=''
COIN_HAS_GLPK_TRUE='#'
COIN_HAS_MSK_FALSE=''
COIN_HAS_MSK_TRUE='#'
COIN_HAS_OSI_FALSE='#'
COIN_HAS_OSI_TRUE=''
COIN_HAS_OSL_FALSE=''
COIN_HAS_OSL_TRUE='#'
COIN_HAS_SPX_FALSE=''
COIN_HAS_SPX_TRUE='#'
COIN_HAS_SYMPHONY_FALSE=''
COIN_HAS_SYMPHONY_TRUE='#'
COIN_HAS_VOL_FALSE='#'
COIN_HAS_VOL_TRUE=''
COIN_HAS_XPR_FALSE=''
COIN_HAS_XPR_TRUE='#'
CPP='gcc -E'
CPPFLAGS=''
CPXINCDIR=''
CPXLIB=''
CXX='g++'
CXXCPP='g++ -E'
CXXDEFS=''
CXXDEPMODE='depmode=none'
CXXFLAGS='-fpermissive  '
CYGPATH_W='cygpath -w'
DBG_CFLAGS='-g -pipe -pedantic-errors -Wimplicit -Wparentheses -Wsequence-point -Wreturn-type -Wcast-qual -Wall  '
DBG_CXXFLAGS='-fpermissive  '
DEFS='-DHAVE_CONFIG_H'
DEPDIR='.deps'
DYLPDOCDIR=''
DYLPOBJDIR=''
DYLPSRCDIR=''
ECHO='echo'
ECHO_C=''
ECHO_N='-n'
ECHO_T=''
EGREP='grep -E'
EXEEXT='.exe'
F77=''
FADDLIBS='-lm '
FFLAGS=''
FMPINCDIR=''
FMPLIB=''
GLPKINCDIR=''
GLPKLIB=''
HAVE_EXTERNALS_FALSE=''
HAVE_EXTERNALS_TRUE='#'
INSTALL_DATA='${INSTALL} -m 644'
INSTALL_PROGRAM='${INSTALL}'
INSTALL_SCRIPT='${INSTALL}'
INSTALL_STRIP_PROGRAM='${SHELL} $(install_sh) -c -s'
LDFLAGS=''
LIBEXT='a'
LIBOBJS=''
LIBS=''
LIBTOOL='$(SHELL) $(top_builddir)/../libtool'
LIBTOOLM4=''
LN_S='ln -s'
LTLIBOBJS=''
LT_LDFLAGS=''
MAINT='#'
MAINTAINER_MODE_FALSE=''
MAINTAINER_MODE_TRUE='#'
MAKEINFO='${SHELL} /Bcp-1.1.3/missing --run makeinfo'
MPICC=''
MPICXX=''
MSKINCDIR=''
MSKLIB=''
OBJEXT='o'
OPT_CFLAGS='-O3 -fomit-frame-pointer -pipe -DNDEBUG -pedantic-errors -Wimplicit -Wparentheses -Wsequence-point -Wreturn-type -Wcast-qual -Wall  '
OPT_CXXFLAGS='-fpermissive  '
OSICBC_DFLT_SOLVER_CLP_FALSE='#'
OSICBC_DFLT_SOLVER_CLP_TRUE=''
OSICBC_DFLT_SOLVER_CPX_FALSE=''
OSICBC_DFLT_SOLVER_CPX_TRUE='#'
OSICBC_DFLT_SOLVER_DYLP_FALSE=''
OSICBC_DFLT_SOLVER_DYLP_TRUE='#'
OSICBC_DFLT_SOLVER_FMP_FALSE=''
OSICBC_DFLT_SOLVER_FMP_TRUE='#'
OSICBC_DFLT_SOLVER_GLPK_FALSE=''
OSICBC_DFLT_SOLVER_GLPK_TRUE='#'
OSICBC_DFLT_SOLVER_MSK_FALSE=''
OSICBC_DFLT_SOLVER_MSK_TRUE='#'
OSICBC_DFLT_SOLVER_OSL_FALSE=''
OSICBC_DFLT_SOLVER_OSL_TRUE='#'
OSICBC_DFLT_SOLVER_SPX_FALSE=''
OSICBC_DFLT_SOLVER_SPX_TRUE='#'
OSICBC_DFLT_SOLVER_SYM_FALSE=''
OSICBC_DFLT_SOLVER_SYM_TRUE='#'
OSICBC_DFLT_SOLVER_VOL_FALSE=''
OSICBC_DFLT_SOLVER_VOL_TRUE='#'
OSICBC_DFLT_SOLVER_XPR_FALSE=''
OSICBC_DFLT_SOLVER_XPR_TRUE='#'
OSIDOCDIR='/Bcp-1.1.3/build32/lib/../share/doc/coin/Osi'
OSIOBJDIR='/Bcp-1.1.3/build32/Osi/.'
OSISRCDIR='/Bcp-1.1.3/Osi'
OSLINCDIR=''
OSLLIB=''
PACKAGE='osi'
PACKAGE_BUGREPORT='coin-osi@list.coin-or.org'
PACKAGE_NAME='Osi'
PACKAGE_STRING='Osi 0.98.2'
PACKAGE_TARNAME='osi'
PACKAGE_VERSION='0.98.2'
PATH_SEPARATOR=':'
RANLIB='ranlib'
RPATH_FLAGS=''
SET_MAKE=''
SHELL='/bin/sh'
SPXINCDIR=''
SPXLIB=''
STRIP='strip'
SYMPHONYDOCDIR=''
SYMPHONYOBJDIR=''
SYMPHONYSRCDIR=''
VERSION='0.98.2'
VOLDOCDIR='/Bcp-1.1.3/build32/lib/../share/doc/coin/Vol'
VOLOBJDIR='/Bcp-1.1.3/build32/Osi/../Vol'
VOLSRCDIR='/Bcp-1.1.3/Vol'
VPATH_DISTCLEANFILES=''
XPRINCDIR=''
XPRLIB=''
abs_bin_dir='/Bcp-1.1.3/build32/bin'
abs_include_dir='/Bcp-1.1.3/build32/include'
abs_lib_dir='/Bcp-1.1.3/build32/lib'
abs_source_dir='/Bcp-1.1.3/Osi'
ac_c_preproc_warn_flag=''
ac_ct_AR='ar'
ac_ct_CC='gcc'
ac_ct_CXX='g++'
ac_ct_F77=''
ac_ct_RANLIB='ranlib'
ac_ct_STRIP='strip'
ac_cxx_preproc_warn_flag=''
am__fastdepCC_FALSE=''
am__fastdepCC_TRUE='#'
am__fastdepCXX_FALSE=''
am__fastdepCXX_TRUE='#'
am__include='include'
am__leading_dot='.'
am__quote=''
am__tar='${AMTAR} chof - "$$tardir"'
am__untar='${AMTAR} xf -'
bindir='${exec_prefix}/bin'
build='i686-pc-cygwin'
build_alias=''
build_cpu='i686'
build_os='cygwin'
build_vendor='pc'
datadir='${prefix}/share'
exec_prefix='${prefix}'
have_autoconf=''
have_automake=''
have_svn=''
host='i686-pc-cygwin'
host_alias=''
host_cpu='i686'
host_os='cygwin'
host_vendor='pc'
includedir='${prefix}/include'
infodir='${prefix}/info'
install_sh='/Bcp-1.1.3/install-sh'
libdir='${exec_prefix}/lib'
libexecdir='${exec_prefix}/libexec'
localstatedir='${prefix}/var'
mandir='${prefix}/man'
mkdir_p='mkdir -p --'
oldincludedir='/usr/include'
prefix='/Bcp-1.1.3/build32'
program_transform_name='s,x,x,'
sbindir='${exec_prefix}/sbin'
sharedstatedir='${prefix}/com'
sol_cc_compiler=''
sysconfdir='${prefix}/etc'
target_alias=''

## ----------- ##
## confdefs.h. ##
## ----------- ##

#define COIN_HAS_CGL 1
#define COIN_HAS_CLP 1
#define COIN_HAS_COINUTILS 1
#define COIN_HAS_OSI 1
#define COIN_HAS_VOL 1
#define COIN_OSI_CHECKLEVEL 0
#define COIN_OSI_VERBOSITY 0
#define HAVE_DLFCN_H 1
#define HAVE_INTTYPES_H 1
#define HAVE_MEMORY_H 1
#define HAVE_STDINT_H 1
#define HAVE_STDLIB_H 1
#define HAVE_STRINGS_H 1
#define HAVE_STRING_H 1
#define HAVE_SYS_STAT_H 1
#define HAVE_SYS_TYPES_H 1
#define HAVE_UNISTD_H 1
#define ODSI_INFOMSGS 1
#define ODSI_PARANOIA 1
#define OSICBC_DFLT_SOLVER OsiClpSolverInterface
#define OSICBC_DFLT_SOLVER_CLP 1
#define OSICBC_DFLT_SOLVER_HPP "OsiClpSolverInterface.hpp"
#define PACKAGE "osi"
#define PACKAGE_BUGREPORT "coin-osi@list.coin-or.org"
#define PACKAGE_NAME "Osi"
#define PACKAGE_STRING "Osi 0.98.2"
#define PACKAGE_TARNAME "osi"
#define PACKAGE_VERSION "0.98.2"
#define STDC_HEADERS 1
#define VERSION "0.98.2"
#endif
#ifdef __cplusplus
extern "C" void exit (int);

configure: exit 0
